

HI-TECH Software PIC LITE Macro Assembler V9.71a build 6446 
                                                                                               Sat Dec 23 11:54:02 2023

HI-TECH Software Omniscient Code Generator (Lite mode) build 6446
     1  0000                     opt subtitle "HI-TECH Software Omniscient Code Generator (Lite mode) build 6446"
     2                           
     3                           opt pagewidth 120
     4                           
     5                           	opt lm
     6                           
     7                           	processor	16F877A
     8                           clrc	macro
     9                           	bcf	3,0
    10  0000                     	endm
    11                           clrz	macro
    12                           	bcf	3,2
    13  0000                     	endm
    14                           setc	macro
    15                           	bsf	3,0
    16  0000                     	endm
    17                           setz	macro
    18                           	bsf	3,2
    19  0000                     	endm
    20                           skipc	macro
    21                           	btfss	3,0
    22  0000                     	endm
    23                           skipz	macro
    24                           	btfss	3,2
    25  0000                     	endm
    26                           skipnc	macro
    27                           	btfsc	3,0
    28  0000                     	endm
    29                           skipnz	macro
    30                           	btfsc	3,2
    31  0000                     	endm
    32  0000                     indf	equ	0
    33  0000                     indf0	equ	0
    34  0002                     pc	equ	2
    35  0002                     pcl	equ	2
    36  0003                     status	equ	3
    37  0004                     fsr	equ	4
    38  0004                     fsr0	equ	4
    39  0001                     c	equ	1
    40  0000                     z	equ	0
    41  000A                     pclath	equ	10
    42                           # 2 "C:\Users\Lenovo\Desktop\PIC\TASK\11.USART_TASKS\3.USART_BT_1\USART_BT_1.C"
    43                           	psect config,class=CONFIG,delta=2 ;#
    44                           # 2 "C:\Users\Lenovo\Desktop\PIC\TASK\11.USART_TASKS\3.USART_BT_1\USART_BT_1.C"
    45  2007  3F72               	dw 0x3f72 ;#
    46                           	FNCALL	_main,_initial
    47                           	FNCALL	_main,_command
    48                           	FNCALL	_main,_output
    49                           	FNCALL	_main,_delay
    50                           	FNCALL	_initial,_command
    51                           	FNCALL	_output,_data
    52                           	FNCALL	_delay,___wmul
    53                           	FNROOT	_main
    54                           	global	_PORTB
    55                           psect	text101,local,class=CODE,delta=2
    56                           global __ptext101
    57  0000                     __ptext101:
    58  0006                     _PORTB	set	6
    59                           	global	_PORTC
    60  0007                     _PORTC	set	7
    61                           	global	_PORTD
    62  0008                     _PORTD	set	8
    63                           	global	_RCREG
    64  001A                     _RCREG	set	26
    65                           	global	_RCSTA
    66  0018                     _RCSTA	set	24
    67                           	global	_TMR0
    68  0001                     _TMR0	set	1
    69                           	global	_RB0
    70  0030                     _RB0	set	48
    71                           	global	_RC0
    72  0038                     _RC0	set	56
    73                           	global	_RC1
    74  0039                     _RC1	set	57
    75                           	global	_RC2
    76  003A                     _RC2	set	58
    77                           	global	_TMR0IF
    78  005A                     _TMR0IF	set	90
    79                           	global	_SPBRG
    80  0099                     _SPBRG	set	153
    81                           	global	_TRISB
    82  0086                     _TRISB	set	134
    83                           	global	_TRISC
    84  0087                     _TRISC	set	135
    85                           	global	_TRISD
    86  0088                     _TRISD	set	136
    87                           	global	_TXSTA
    88  0098                     _TXSTA	set	152
    89                           	global	_BRGH
    90  04C2                     _BRGH	set	1218
    91                           	global	_PS0
    92  0408                     _PS0	set	1032
    93                           	global	_PS1
    94  0409                     _PS1	set	1033
    95                           	global	_PS2
    96  040A                     _PS2	set	1034
    97                           	global	_PSA
    98  040B                     _PSA	set	1035
    99                           	global	_T0CS
   100  040D                     _T0CS	set	1037
   101                           psect	strings,class=STRING,delta=2
   102                           global __pstrings
   103  0003                     __pstrings:
   104                           ;	global	stringdir,stringtab,__stringbase
   105  0003                     stringtab:
   106                           ;	String table - string pointers are 1 byte each
   107  0003                     stringcode:stringdir:
      + 0003                     stringdir:	
   108  0003  3000               movlw high(stringdir)
   109  0004  008A               movwf pclath
   110  0005  0804               movf fsr,w
   111  0006  0A84               incf fsr
   112  0007  0782               	addwf pc
   113  0008                     __stringbase:
   114  0008  3400               	retlw	0
   115                           psect	strings
   116                           	
   117  0009                     STR_2:	
   118  0009  3452               	retlw	82	;'R'
   119  000A  3445               	retlw	69	;'E'
   120  000B  3441               	retlw	65	;'A'
   121  000C  3444               	retlw	68	;'D'
   122  000D  3459               	retlw	89	;'Y'
   123  000E  3420               	retlw	32	;' '
   124  000F  3454               	retlw	84	;'T'
   125  0010  344F               	retlw	79	;'O'
   126  0011  3420               	retlw	32	;' '
   127  0012  3452               	retlw	82	;'R'
   128  0013  3445               	retlw	69	;'E'
   129  0014  3443               	retlw	67	;'C'
   130  0015  3445               	retlw	69	;'E'
   131  0016  3449               	retlw	73	;'I'
   132  0017  3456               	retlw	86	;'V'
   133  0018  3445               	retlw	69	;'E'
   134  0019  3400               	retlw	0
   135                           psect	strings
   136                           	
   137  001A                     STR_3:	
   138  001A  3446               	retlw	70	;'F'
   139  001B  344F               	retlw	79	;'O'
   140  001C  3452               	retlw	82	;'R'
   141  001D  3457               	retlw	87	;'W'
   142  001E  3441               	retlw	65	;'A'
   143  001F  3452               	retlw	82	;'R'
   144  0020  3444               	retlw	68	;'D'
   145  0021  3400               	retlw	0
   146                           psect	strings
   147                           	
   148  0022                     STR_1:	
   149  0022  3457               	retlw	87	;'W'
   150  0023  3445               	retlw	69	;'E'
   151  0024  344C               	retlw	76	;'L'
   152  0025  3443               	retlw	67	;'C'
   153  0026  344F               	retlw	79	;'O'
   154  0027  344D               	retlw	77	;'M'
   155  0028  3445               	retlw	69	;'E'
   156  0029  3400               	retlw	0
   157                           psect	strings
   158                           	
   159  002A                     STR_4:	
   160  002A  3452               	retlw	82	;'R'
   161  002B  3445               	retlw	69	;'E'
   162  002C  3456               	retlw	86	;'V'
   163  002D  3445               	retlw	69	;'E'
   164  002E  3452               	retlw	82	;'R'
   165  002F  3453               	retlw	83	;'S'
   166  0030  3445               	retlw	69	;'E'
   167  0031  3400               	retlw	0
   168                           psect	strings
   169                           	
   170  0032                     STR_5:	
   171  0032  3452               	retlw	82	;'R'
   172  0033  3449               	retlw	73	;'I'
   173  0034  3447               	retlw	71	;'G'
   174  0035  3448               	retlw	72	;'H'
   175  0036  3454               	retlw	84	;'T'
   176  0037  3400               	retlw	0
   177                           psect	strings
   178                           	
   179  0038                     STR_6:	
   180  0038  344C               	retlw	76	;'L'
   181  0039  3445               	retlw	69	;'E'
   182  003A  3446               	retlw	70	;'F'
   183  003B  3454               	retlw	84	;'T'
   184  003C  3400               	retlw	0
   185                           psect	strings
   186                           	file	"USART_BT_1.as"
   187                           	line	#
   188                           psect cinit,class=CODE,delta=2
   189                           global start_initialization
   190  064B                     start_initialization:
   191                           
   192                           psect cinit,class=CODE,delta=2
   193                           global end_of_initialization
   194                           
   195                           ;End of C runtime variable initialization code
   196                           
   197  064B                     end_of_initialization:
   198  064B  0183               clrf status
   199  064C  120A  118A  2F10   ljmp _main	;jump to C main() function
   200                           psect	cstackCOMMON,class=COMMON,space=1
   201                           global __pcstackCOMMON
   202  0070                     __pcstackCOMMON:
   203                           	global	?_command
   204  0070                     ?_command:	; 0 bytes @ 0x0
   205                           	global	??_command
   206  0070                     ??_command:	; 0 bytes @ 0x0
   207                           	global	?_data
   208  0070                     ?_data:	; 0 bytes @ 0x0
   209                           	global	??_data
   210  0070                     ??_data:	; 0 bytes @ 0x0
   211                           	global	?_output
   212  0070                     ?_output:	; 0 bytes @ 0x0
   213                           	global	?_initial
   214  0070                     ?_initial:	; 0 bytes @ 0x0
   215                           	global	?_main
   216  0070                     ?_main:	; 0 bytes @ 0x0
   217                           	global	?___wmul
   218  0070                     ?___wmul:	; 2 bytes @ 0x0
   219                           	global	___wmul@multiplier
   220  0070                     ___wmul@multiplier:	; 2 bytes @ 0x0
   221  0070                     	ds	1
   222                           	global	command@y
   223  0071                     command@y:	; 1 bytes @ 0x1
   224                           	global	data@z
   225  0071                     data@z:	; 1 bytes @ 0x1
   226  0071                     	ds	1
   227                           	global	??_output
   228  0072                     ??_output:	; 0 bytes @ 0x2
   229                           	global	??_initial
   230  0072                     ??_initial:	; 0 bytes @ 0x2
   231                           	global	___wmul@multiplicand
   232  0072                     ___wmul@multiplicand:	; 2 bytes @ 0x2
   233  0072                     	ds	1
   234                           	global	output@value
   235  0073                     output@value:	; 1 bytes @ 0x3
   236  0073                     	ds	1
   237                           	global	??___wmul
   238  0074                     ??___wmul:	; 0 bytes @ 0x4
   239                           	global	___wmul@product
   240  0074                     ___wmul@product:	; 2 bytes @ 0x4
   241  0074                     	ds	2
   242                           	global	?_delay
   243  0076                     ?_delay:	; 0 bytes @ 0x6
   244                           	global	delay@n
   245  0076                     delay@n:	; 2 bytes @ 0x6
   246  0076                     	ds	2
   247                           	global	??_delay
   248  0078                     ??_delay:	; 0 bytes @ 0x8
   249  0078                     	ds	1
   250                           	global	delay@i
   251  0079                     delay@i:	; 2 bytes @ 0x9
   252  0079                     	ds	2
   253                           	global	??_main
   254  007B                     ??_main:	; 0 bytes @ 0xB
   255 ;;Data sizes: Strings 52, constant 0, data 0, bss 0, persistent 0 stack 0
   256 ;;Auto spaces:   Size  Autos    Used
   257 ;; COMMON          14     11      11
   258 ;; BANK0           80      0       0
   259 ;; BANK1           80      0       0
   260 ;; BANK3           96      0       0
   261 ;; BANK2           96      0       0
   262                           
   263 ;;
   264 ;; Pointer list with targets:
   265                           
   266 ;; ?___wmul	unsigned int  size(1) Largest target is 0
   267 ;;
   268 ;; output@value	PTR unsigned char  size(1) Largest target is 17
   269 ;;		 -> STR_6(CODE[5]), STR_5(CODE[6]), STR_4(CODE[8]), STR_3(CODE[8]), 
   270 ;;		 -> STR_2(CODE[17]), STR_1(CODE[8]), 
   271 ;;
   272                           
   273                           
   274 ;;
   275 ;; Critical Paths under _main in COMMON
   276 ;;
   277 ;;   _main->_delay
   278 ;;   _initial->_command
   279 ;;   _output->_data
   280 ;;   _delay->___wmul
   281 ;;
   282 ;; Critical Paths under _main in BANK0
   283 ;;
   284 ;;   None.
   285 ;;
   286 ;; Critical Paths under _main in BANK1
   287 ;;
   288 ;;   None.
   289 ;;
   290 ;; Critical Paths under _main in BANK3
   291 ;;
   292 ;;   None.
   293 ;;
   294 ;; Critical Paths under _main in BANK2
   295 ;;
   296 ;;   None.
   297                           
   298 ;;
   299 ;;Main: autosize = 0, tempsize = 0, incstack = 0, save=0
   300 ;;
   301                           
   302 ;;
   303 ;;Call Graph Tables:
   304 ;;
   305 ;; ---------------------------------------------------------------------------------
   306 ;; (Depth) Function   	        Calls       Base Space   Used Autos Params    Refs
   307 ;; ---------------------------------------------------------------------------------
   308 ;; (0) _main                                                 0     0      0     165
   309 ;;                            _initial
   310 ;;                            _command
   311 ;;                             _output
   312 ;;                              _delay
   313 ;; ---------------------------------------------------------------------------------
   314 ;; (1) _initial                                              0     0      0      15
   315 ;;                            _command
   316 ;; ---------------------------------------------------------------------------------
   317 ;; (1) _output                                               2     2      0      45
   318 ;;                                              2 COMMON     2     2      0
   319 ;;                               _data
   320 ;; ---------------------------------------------------------------------------------
   321 ;; (2) _data                                                 2     2      0      15
   322 ;;                                              0 COMMON     2     2      0
   323 ;; ---------------------------------------------------------------------------------
   324 ;; (1) _command                                              2     2      0      15
   325 ;;                                              0 COMMON     2     2      0
   326 ;; ---------------------------------------------------------------------------------
   327 ;; (1) _delay                                                5     3      2      90
   328 ;;                                              6 COMMON     5     3      2
   329 ;;                             ___wmul
   330 ;; ---------------------------------------------------------------------------------
   331 ;; (2) ___wmul                                               6     2      4      60
   332 ;;                                              0 COMMON     6     2      4
   333 ;; ---------------------------------------------------------------------------------
   334 ;; Estimated maximum stack depth 2
   335 ;; ---------------------------------------------------------------------------------
   336                           
   337 ;; Call Graph Graphs:
   338                           
   339 ;; _main (ROOT)
   340 ;;   _initial
   341 ;;     _command
   342 ;;   _command
   343 ;;   _output
   344 ;;     _data
   345 ;;   _delay
   346 ;;     ___wmul
   347 ;;
   348                           
   349 ;; Address spaces:
   350                           
   351 ;;Name               Size   Autos  Total    Cost      Usage
   352 ;;BITCOMMON            E      0       0       0        0.0%
   353 ;;EEDATA             100      0       0       0        0.0%
   354 ;;NULL                 0      0       0       0        0.0%
   355 ;;CODE                 0      0       0       0        0.0%
   356 ;;COMMON               E      B       B       1       78.6%
   357 ;;BITSFR0              0      0       0       1        0.0%
   358 ;;SFR0                 0      0       0       1        0.0%
   359 ;;BITSFR1              0      0       0       2        0.0%
   360 ;;SFR1                 0      0       0       2        0.0%
   361 ;;STACK                0      0       2       2        0.0%
   362 ;;ABS                  0      0       0       3        0.0%
   363 ;;BITBANK0            50      0       0       4        0.0%
   364 ;;BITSFR3              0      0       0       4        0.0%
   365 ;;SFR3                 0      0       0       4        0.0%
   366 ;;BANK0               50      0       0       5        0.0%
   367 ;;BITSFR2              0      0       0       5        0.0%
   368 ;;SFR2                 0      0       0       5        0.0%
   369 ;;BITBANK1            50      0       0       6        0.0%
   370 ;;BANK1               50      0       0       7        0.0%
   371 ;;BITBANK3            60      0       0       8        0.0%
   372 ;;BANK3               60      0       0       9        0.0%
   373 ;;BITBANK2            60      0       0      10        0.0%
   374 ;;BANK2               60      0       0      11        0.0%
   375 ;;DATA                 0      0       0      12        0.0%
   376                           
   377                           	global	_main
   378                           psect	maintext,global,class=CODE,delta=2
   379                           global __pmaintext
   380  0710                     __pmaintext:
   381                           
   382 ;; *************** function _main *****************
   383 ;; Defined at:
   384 ;;		line 55 in file "C:\Users\Lenovo\Desktop\PIC\TASK\11.USART_TASKS\3.USART_BT_1\USART_BT_1.C"
   385 ;; Parameters:    Size  Location     Type
   386 ;;		None
   387 ;; Auto vars:     Size  Location     Type
   388 ;;		None
   389 ;; Return value:  Size  Location     Type
   390 ;;		None               void
   391 ;; Registers used:
   392 ;;		wreg, fsr0l, fsr0h, status,2, status,0, pclath, cstack
   393 ;; Tracked objects:
   394 ;;		On entry : 17F/0
   395 ;;		On exit  : 0/0
   396 ;;		Unchanged: 0/0
   397 ;; Data sizes:     COMMON   BANK0   BANK1   BANK3   BANK2
   398 ;;      Params:         0       0       0       0       0
   399 ;;      Locals:         0       0       0       0       0
   400 ;;      Temps:          0       0       0       0       0
   401 ;;      Totals:         0       0       0       0       0
   402 ;;Total ram usage:        0 bytes
   403 ;; Hardware stack levels required when called:    2
   404 ;; This function calls:
   405 ;;		_initial
   406 ;;		_command
   407 ;;		_output
   408 ;;		_delay
   409 ;; This function is called by:
   410 ;;		Startup code after reset
   411 ;; This function uses a non-reentrant model
   412 ;;
   413                           psect	maintext
   414                           	file	"C:\Users\Lenovo\Desktop\PIC\TASK\11.USART_TASKS\3.USART_BT_1\USART_BT_1.C"
   415                           	line	55
   416                           	global	__size_of_main
   417  00F0                     	__size_of_main	equ	__end_of_main-_main
   418                           	
   419  0710                     _main:	
   420                           	opt	stack 8
   421                           ; Regs used in _main: [wreg-fsr0h+status,2+status,0+pclath+cstack]
   422                           	line	56
   423                           	
   424  0710                     l1810:	
   425                           ;USART_BT_1.C: 56: TRISD=0X00;TRISC=0X80;TRISB=0X00;
   426  0710  1683               	bsf	status, 5	;RP0=1, select bank1
   427  0711  1303               	bcf	status, 6	;RP1=0, select bank1
   428  0712  0188               	clrf	(136)^080h	;volatile
   429                           	
   430  0713                     l1812:	
   431  0713  3080               	movlw	(080h)
   432  0714  0087               	movwf	(135)^080h	;volatile
   433                           	
   434  0715                     l1814:	
   435  0715  0186               	clrf	(134)^080h	;volatile
   436                           	line	57
   437                           	
   438  0716                     l1816:	
   439                           ;USART_BT_1.C: 57: PORTC=0X00;PORTD=0X00;PORTB=0X00;
   440  0716  1283               	bcf	status, 5	;RP0=0, select bank0
   441  0717  1303               	bcf	status, 6	;RP1=0, select bank0
   442  0718  0187               	clrf	(7)	;volatile
   443                           	
   444  0719                     l1818:	
   445  0719  0188               	clrf	(8)	;volatile
   446                           	
   447  071A                     l1820:	
   448  071A  0186               	clrf	(6)	;volatile
   449                           	line	58
   450                           	
   451  071B                     l1822:	
   452                           ;USART_BT_1.C: 58: initial();
   453  071B  120A  118A  2675   	fcall	_initial
              120A  118A         
   454                           	line	59
   455                           	
   456  0720                     l1824:	
   457                           ;USART_BT_1.C: 59: TXSTA=0X24;
   458  0720  3024               	movlw	(024h)
   459  0721  1683               	bsf	status, 5	;RP0=1, select bank1
   460  0722  1303               	bcf	status, 6	;RP1=0, select bank1
   461  0723  0098               	movwf	(152)^080h	;volatile
   462                           	line	60
   463                           	
   464  0724                     l1826:	
   465                           ;USART_BT_1.C: 60: RCSTA=0X90;
   466  0724  3090               	movlw	(090h)
   467  0725  1283               	bcf	status, 5	;RP0=0, select bank0
   468  0726  1303               	bcf	status, 6	;RP1=0, select bank0
   469  0727  0098               	movwf	(24)	;volatile
   470                           	line	61
   471                           	
   472  0728                     l1828:	
   473                           ;USART_BT_1.C: 61: BRGH=1;
   474  0728  1683               	bsf	status, 5	;RP0=1, select bank1
   475  0729  1303               	bcf	status, 6	;RP1=0, select bank1
   476  072A  1518               	bsf	(1218/8)^080h,(1218)&7
   477                           	line	62
   478                           	
   479  072B                     l1830:	
   480                           ;USART_BT_1.C: 62: SPBRG=25;
   481  072B  3019               	movlw	(019h)
   482  072C  0099               	movwf	(153)^080h	;volatile
   483                           	line	63
   484                           	
   485  072D                     l1832:	
   486                           ;USART_BT_1.C: 63: command(0x80);
   487  072D  3080               	movlw	(080h)
   488  072E  120A  118A  264F   	fcall	_command
              120A  118A         
   489                           	line	64
   490                           	
   491  0733                     l1834:	
   492                           ;USART_BT_1.C: 64: output("WELCOME");
   493  0733  301A               	movlw	((STR_1-__stringbase))&0ffh
   494  0734  120A  118A  268E   	fcall	_output
              120A  118A         
   495                           	line	65
   496                           	
   497  0739                     l1836:	
   498                           ;USART_BT_1.C: 65: delay(1);
   499  0739  3001               	movlw	low(01h)
   500  073A  00F6               	movwf	(?_delay)
   501  073B  3000               	movlw	high(01h)
   502  073C  00F7               	movwf	((?_delay))+1
   503  073D  120A  118A  26D6   	fcall	_delay
              120A  118A         
   504                           	line	66
   505                           	
   506  0742                     l1838:	
   507                           ;USART_BT_1.C: 66: command(0x01);
   508  0742  3001               	movlw	(01h)
   509  0743  120A  118A  264F   	fcall	_command
              120A  118A         
   510                           	line	67
   511                           	
   512  0748                     l1840:	
   513                           ;USART_BT_1.C: 67: delay(1);
   514  0748  3001               	movlw	low(01h)
   515  0749  00F6               	movwf	(?_delay)
   516  074A  3000               	movlw	high(01h)
   517  074B  00F7               	movwf	((?_delay))+1
   518  074C  120A  118A  26D6   	fcall	_delay
              120A  118A         
   519                           	line	68
   520                           	
   521  0751                     l1842:	
   522                           ;USART_BT_1.C: 68: command(0x80);
   523  0751  3080               	movlw	(080h)
   524  0752  120A  118A  264F   	fcall	_command
              120A  118A         
   525                           	line	69
   526                           	
   527  0757                     l1844:	
   528                           ;USART_BT_1.C: 69: output("READY TO RECEIVE");
   529  0757  3001               	movlw	((STR_2-__stringbase))&0ffh
   530  0758  120A  118A  268E   	fcall	_output
              120A  118A         
   531                           	line	70
   532                           	
   533  075D                     l1846:	
   534                           ;USART_BT_1.C: 70: delay(1);
   535  075D  3001               	movlw	low(01h)
   536  075E  00F6               	movwf	(?_delay)
   537  075F  3000               	movlw	high(01h)
   538  0760  00F7               	movwf	((?_delay))+1
   539  0761  120A  118A  26D6   	fcall	_delay
              120A  118A         
   540                           	line	71
   541                           	
   542  0766                     l1848:	
   543                           ;USART_BT_1.C: 71: command(0x01);
   544  0766  3001               	movlw	(01h)
   545  0767  120A  118A  264F   	fcall	_command
              120A  118A         
   546                           	line	72
   547                           ;USART_BT_1.C: 72: while(1)
   548                           	
   549  076C                     l585:	
   550                           	line	75
   551                           	
   552  076C                     l1850:	
   553                           ;USART_BT_1.C: 73: {
   554                           ;USART_BT_1.C: 75: if(RCREG=='1')
   555  076C  1283               	bcf	status, 5	;RP0=0, select bank0
   556  076D  1303               	bcf	status, 6	;RP1=0, select bank0
   557  076E  081A               	movf	(26),w	;volatile
   558  076F  3A31               	xorlw	031h
   559  0770  1D03               	skipz
   560  0771  2F73               	goto	u2171
   561  0772  2F74               	goto	u2170
   562  0773                     u2171:
   563  0773  2F91               	goto	l586
   564  0774                     u2170:
   565                           	line	76
   566                           	
   567  0774                     l1852:	
   568                           ;USART_BT_1.C: 76: {RB0=1;
   569  0774  1406               	bsf	(48/8),(48)&7
   570                           	line	77
   571                           	
   572  0775                     l1854:	
   573                           ;USART_BT_1.C: 77: command(0x80);
   574  0775  3080               	movlw	(080h)
   575  0776  120A  118A  264F   	fcall	_command
              120A  118A         
   576                           	line	78
   577                           	
   578  077B                     l1856:	
   579                           ;USART_BT_1.C: 78: output("FORWARD");
   580  077B  3012               	movlw	((STR_3-__stringbase))&0ffh
   581  077C  120A  118A  268E   	fcall	_output
              120A  118A         
   582                           	line	79
   583                           	
   584  0781                     l1858:	
   585                           ;USART_BT_1.C: 79: delay(1);
   586  0781  3001               	movlw	low(01h)
   587  0782  00F6               	movwf	(?_delay)
   588  0783  3000               	movlw	high(01h)
   589  0784  00F7               	movwf	((?_delay))+1
   590  0785  120A  118A  26D6   	fcall	_delay
              120A  118A         
   591                           	line	80
   592                           	
   593  078A                     l1860:	
   594                           ;USART_BT_1.C: 80: command(0x01);
   595  078A  3001               	movlw	(01h)
   596  078B  120A  118A  264F   	fcall	_command
              120A  118A         
   597                           	line	81
   598                           ;USART_BT_1.C: 81: }
   599  0790  2FFC               	goto	l587
   600                           	line	82
   601                           	
   602  0791                     l586:	
   603                           	
   604  0791                     l1862:	
   605                           ;USART_BT_1.C: 82: else if(RCREG=='2')
   606  0791  1283               	bcf	status, 5	;RP0=0, select bank0
   607  0792  1303               	bcf	status, 6	;RP1=0, select bank0
   608  0793  081A               	movf	(26),w	;volatile
   609  0794  3A32               	xorlw	032h
   610  0795  1D03               	skipz
   611  0796  2F98               	goto	u2181
   612  0797  2F99               	goto	u2180
   613  0798                     u2181:
   614  0798  2FB5               	goto	l588
   615  0799                     u2180:
   616                           	line	84
   617                           	
   618  0799                     l1864:	
   619                           ;USART_BT_1.C: 83: {
   620                           ;USART_BT_1.C: 84: command(0x80);
   621  0799  3080               	movlw	(080h)
   622  079A  120A  118A  264F   	fcall	_command
              120A  118A         
   623                           	line	85
   624                           	
   625  079F                     l1866:	
   626                           ;USART_BT_1.C: 85: output("REVERSE");
   627  079F  3022               	movlw	((STR_4-__stringbase))&0ffh
   628  07A0  120A  118A  268E   	fcall	_output
              120A  118A         
   629                           	line	86
   630                           	
   631  07A5                     l1868:	
   632                           ;USART_BT_1.C: 86: delay(1);
   633  07A5  3001               	movlw	low(01h)
   634  07A6  00F6               	movwf	(?_delay)
   635  07A7  3000               	movlw	high(01h)
   636  07A8  00F7               	movwf	((?_delay))+1
   637  07A9  120A  118A  26D6   	fcall	_delay
              120A  118A         
   638                           	line	87
   639                           	
   640  07AE                     l1870:	
   641                           ;USART_BT_1.C: 87: command(0x01);
   642  07AE  3001               	movlw	(01h)
   643  07AF  120A  118A  264F   	fcall	_command
              120A  118A         
   644                           	line	88
   645                           ;USART_BT_1.C: 88: }
   646  07B4  2FFC               	goto	l589
   647                           	line	89
   648                           	
   649  07B5                     l588:	
   650                           	
   651  07B5                     l1872:	
   652                           ;USART_BT_1.C: 89: else if(RCREG=='3')
   653  07B5  1283               	bcf	status, 5	;RP0=0, select bank0
   654  07B6  1303               	bcf	status, 6	;RP1=0, select bank0
   655  07B7  081A               	movf	(26),w	;volatile
   656  07B8  3A33               	xorlw	033h
   657  07B9  1D03               	skipz
   658  07BA  2FBC               	goto	u2191
   659  07BB  2FBD               	goto	u2190
   660  07BC                     u2191:
   661  07BC  2FD9               	goto	l590
   662  07BD                     u2190:
   663                           	line	91
   664                           	
   665  07BD                     l1874:	
   666                           ;USART_BT_1.C: 90: {
   667                           ;USART_BT_1.C: 91: command(0x80);
   668  07BD  3080               	movlw	(080h)
   669  07BE  120A  118A  264F   	fcall	_command
              120A  118A         
   670                           	line	92
   671                           	
   672  07C3                     l1876:	
   673                           ;USART_BT_1.C: 92: output("RIGHT");
   674  07C3  302A               	movlw	((STR_5-__stringbase))&0ffh
   675  07C4  120A  118A  268E   	fcall	_output
              120A  118A         
   676                           	line	93
   677                           	
   678  07C9                     l1878:	
   679                           ;USART_BT_1.C: 93: delay(1);
   680  07C9  3001               	movlw	low(01h)
   681  07CA  00F6               	movwf	(?_delay)
   682  07CB  3000               	movlw	high(01h)
   683  07CC  00F7               	movwf	((?_delay))+1
   684  07CD  120A  118A  26D6   	fcall	_delay
              120A  118A         
   685                           	line	94
   686                           	
   687  07D2                     l1880:	
   688                           ;USART_BT_1.C: 94: command(0x01);
   689  07D2  3001               	movlw	(01h)
   690  07D3  120A  118A  264F   	fcall	_command
              120A  118A         
   691                           	line	95
   692                           ;USART_BT_1.C: 95: }
   693  07D8  2FFC               	goto	l591
   694                           	line	96
   695                           	
   696  07D9                     l590:	
   697                           	
   698  07D9                     l1882:	
   699                           ;USART_BT_1.C: 96: else if(RCREG=='4')
   700  07D9  1283               	bcf	status, 5	;RP0=0, select bank0
   701  07DA  1303               	bcf	status, 6	;RP1=0, select bank0
   702  07DB  081A               	movf	(26),w	;volatile
   703  07DC  3A34               	xorlw	034h
   704  07DD  1D03               	skipz
   705  07DE  2FE0               	goto	u2201
   706  07DF  2FE1               	goto	u2200
   707  07E0                     u2201:
   708  07E0  2FFC               	goto	l592
   709  07E1                     u2200:
   710                           	line	98
   711                           	
   712  07E1                     l1884:	
   713                           ;USART_BT_1.C: 97: {
   714                           ;USART_BT_1.C: 98: command(0x80);
   715  07E1  3080               	movlw	(080h)
   716  07E2  120A  118A  264F   	fcall	_command
              120A  118A         
   717                           	line	99
   718                           	
   719  07E7                     l1886:	
   720                           ;USART_BT_1.C: 99: output("LEFT");
   721  07E7  3030               	movlw	((STR_6-__stringbase))&0ffh
   722  07E8  120A  118A  268E   	fcall	_output
              120A  118A         
   723                           	line	100
   724                           	
   725  07ED                     l1888:	
   726                           ;USART_BT_1.C: 100: delay(1);
   727  07ED  3001               	movlw	low(01h)
   728  07EE  00F6               	movwf	(?_delay)
   729  07EF  3000               	movlw	high(01h)
   730  07F0  00F7               	movwf	((?_delay))+1
   731  07F1  120A  118A  26D6   	fcall	_delay
              120A  118A         
   732                           	line	101
   733                           	
   734  07F6                     l1890:	
   735                           ;USART_BT_1.C: 101: command(0x01);
   736  07F6  3001               	movlw	(01h)
   737  07F7  120A  118A  264F   	fcall	_command
              120A  118A         
   738                           	line	102
   739                           	
   740  07FC                     l592:	
   741                           	line	104
   742                           	
   743  07FC                     l591:	
   744                           	
   745  07FC                     l589:	
   746                           	
   747  07FC                     l587:	
   748                           	
   749  07FC                     l593:	
   750                           	line	72
   751  07FC  2F6C               	goto	l585
   752                           	
   753  07FD                     l594:	
   754                           	line	105
   755                           	
   756  07FD                     l595:	
   757                           	global	start
   758  07FD  120A  118A  2800   	ljmp	start
   759                           	opt stack 0
   760                           GLOBAL	__end_of_main
   761  0800                     	__end_of_main:
   762 ;; =============== function _main ends ============
   763                           
   764                           	signat	_main,88
   765                           	global	_initial
   766                           psect	text102,local,class=CODE,delta=2
   767                           global __ptext102
   768  0675                     __ptext102:
   769                           
   770 ;; *************** function _initial *****************
   771 ;; Defined at:
   772 ;;		line 46 in file "C:\Users\Lenovo\Desktop\PIC\TASK\11.USART_TASKS\3.USART_BT_1\USART_BT_1.C"
   773 ;; Parameters:    Size  Location     Type
   774 ;;		None
   775 ;; Auto vars:     Size  Location     Type
   776 ;;		None
   777 ;; Return value:  Size  Location     Type
   778 ;;		None               void
   779 ;; Registers used:
   780 ;;		wreg, status,2, status,0, pclath, cstack
   781 ;; Tracked objects:
   782 ;;		On entry : 0/0
   783 ;;		On exit  : 0/0
   784 ;;		Unchanged: 0/0
   785 ;; Data sizes:     COMMON   BANK0   BANK1   BANK3   BANK2
   786 ;;      Params:         0       0       0       0       0
   787 ;;      Locals:         0       0       0       0       0
   788 ;;      Temps:          0       0       0       0       0
   789 ;;      Totals:         0       0       0       0       0
   790 ;;Total ram usage:        0 bytes
   791 ;; Hardware stack levels used:    1
   792 ;; Hardware stack levels required when called:    1
   793 ;; This function calls:
   794 ;;		_command
   795 ;; This function is called by:
   796 ;;		_main
   797 ;; This function uses a non-reentrant model
   798 ;;
   799                           psect	text102
   800                           	file	"C:\Users\Lenovo\Desktop\PIC\TASK\11.USART_TASKS\3.USART_BT_1\USART_BT_1.C"
   801                           	line	46
   802                           	global	__size_of_initial
   803  0019                     	__size_of_initial	equ	__end_of_initial-_initial
   804                           	
   805  0675                     _initial:	
   806                           	opt	stack 7
   807                           ; Regs used in _initial: [wreg+status,2+status,0+pclath+cstack]
   808                           	line	47
   809                           	
   810  0675                     l1808:	
   811                           ;USART_BT_1.C: 47: command(0x38);
   812  0675  3038               	movlw	(038h)
   813  0676  120A  118A  264F   	fcall	_command
              120A  118A         
   814                           	line	48
   815                           ;USART_BT_1.C: 48: command(0x01);
   816  067B  3001               	movlw	(01h)
   817  067C  120A  118A  264F   	fcall	_command
              120A  118A         
   818                           	line	49
   819                           ;USART_BT_1.C: 49: command(0x06);
   820  0681  3006               	movlw	(06h)
   821  0682  120A  118A  264F   	fcall	_command
              120A  118A         
   822                           	line	50
   823                           ;USART_BT_1.C: 50: command(0x0C);
   824  0687  300C               	movlw	(0Ch)
   825  0688  120A  118A  264F   	fcall	_command
              120A  118A         
   826                           	line	51
   827                           	
   828  068D                     l582:	
   829  068D  0008               	return
   830                           	opt stack 0
   831                           GLOBAL	__end_of_initial
   832  068E                     	__end_of_initial:
   833 ;; =============== function _initial ends ============
   834                           
   835                           	signat	_initial,88
   836                           	global	_output
   837                           psect	text103,local,class=CODE,delta=2
   838                           global __ptext103
   839  068E                     __ptext103:
   840                           
   841 ;; *************** function _output *****************
   842 ;; Defined at:
   843 ;;		line 39 in file "C:\Users\Lenovo\Desktop\PIC\TASK\11.USART_TASKS\3.USART_BT_1\USART_BT_1.C"
   844 ;; Parameters:    Size  Location     Type
   845 ;;  value           1    wreg     PTR unsigned char 
   846 ;;		 -> STR_6(5), STR_5(6), STR_4(8), STR_3(8), 
   847 ;;		 -> STR_2(17), STR_1(8), 
   848 ;; Auto vars:     Size  Location     Type
   849 ;;  value           1    3[COMMON] PTR unsigned char 
   850 ;;		 -> STR_6(5), STR_5(6), STR_4(8), STR_3(8), 
   851 ;;		 -> STR_2(17), STR_1(8), 
   852 ;; Return value:  Size  Location     Type
   853 ;;		None               void
   854 ;; Registers used:
   855 ;;		wreg, fsr0l, fsr0h, status,2, status,0, pclath, cstack
   856 ;; Tracked objects:
   857 ;;		On entry : 0/0
   858 ;;		On exit  : 0/0
   859 ;;		Unchanged: 0/0
   860 ;; Data sizes:     COMMON   BANK0   BANK1   BANK3   BANK2
   861 ;;      Params:         0       0       0       0       0
   862 ;;      Locals:         1       0       0       0       0
   863 ;;      Temps:          1       0       0       0       0
   864 ;;      Totals:         2       0       0       0       0
   865 ;;Total ram usage:        2 bytes
   866 ;; Hardware stack levels used:    1
   867 ;; Hardware stack levels required when called:    1
   868 ;; This function calls:
   869 ;;		_data
   870 ;; This function is called by:
   871 ;;		_main
   872 ;; This function uses a non-reentrant model
   873 ;;
   874                           psect	text103
   875                           	file	"C:\Users\Lenovo\Desktop\PIC\TASK\11.USART_TASKS\3.USART_BT_1\USART_BT_1.C"
   876                           	line	39
   877                           	global	__size_of_output
   878  001F                     	__size_of_output	equ	__end_of_output-_output
   879                           	
   880  068E                     _output:	
   881                           	opt	stack 7
   882                           ; Regs used in _output: [wreg-fsr0h+status,2+status,0+pclath+cstack]
   883                           ;output@value stored from wreg
   884  068E  00F3               	movwf	(output@value)
   885                           	line	40
   886                           	
   887  068F                     l1800:	
   888                           ;USART_BT_1.C: 40: while(*value!='\0')
   889  068F  2EA0               	goto	l576
   890                           	
   891  0690                     l577:	
   892                           	line	41
   893                           	
   894  0690                     l1802:	
   895                           ;USART_BT_1.C: 41: {data(*value);
   896  0690  0873               	movf	(output@value),w
   897  0691  0084               	movwf	fsr0
   898  0692  120A  118A  2003   	fcall	stringdir
              120A  118A         
   899  0697  120A  118A  2662   	fcall	_data
              120A  118A         
   900                           	line	42
   901                           	
   902  069C                     l1804:	
   903                           ;USART_BT_1.C: 42: value++;
   904  069C  3001               	movlw	(01h)
   905  069D  00F2               	movwf	(??_output+0)+0
   906  069E  0872               	movf	(??_output+0)+0,w
   907  069F  07F3               	addwf	(output@value),f
   908                           	line	43
   909                           	
   910  06A0                     l576:	
   911                           	line	40
   912                           	
   913  06A0                     l1806:	
   914  06A0  0873               	movf	(output@value),w
   915  06A1  0084               	movwf	fsr0
   916  06A2  120A  118A  2003   	fcall	stringdir
              120A  118A         
   917  06A7  3800               	iorlw	0
   918  06A8  1D03               	skipz
   919  06A9  2EAB               	goto	u2161
   920  06AA  2EAC               	goto	u2160
   921  06AB                     u2161:
   922  06AB  2E90               	goto	l577
   923  06AC                     u2160:
   924                           	
   925  06AC                     l578:	
   926                           	line	44
   927                           	
   928  06AC                     l579:	
   929  06AC  0008               	return
   930                           	opt stack 0
   931                           GLOBAL	__end_of_output
   932  06AD                     	__end_of_output:
   933 ;; =============== function _output ends ============
   934                           
   935                           	signat	_output,4216
   936                           	global	_data
   937                           psect	text104,local,class=CODE,delta=2
   938                           global __ptext104
   939  0662                     __ptext104:
   940                           
   941 ;; *************** function _data *****************
   942 ;; Defined at:
   943 ;;		line 31 in file "C:\Users\Lenovo\Desktop\PIC\TASK\11.USART_TASKS\3.USART_BT_1\USART_BT_1.C"
   944 ;; Parameters:    Size  Location     Type
   945 ;;  z               1    wreg     unsigned char 
   946 ;; Auto vars:     Size  Location     Type
   947 ;;  z               1    1[COMMON] unsigned char 
   948 ;; Return value:  Size  Location     Type
   949 ;;		None               void
   950 ;; Registers used:
   951 ;;		wreg
   952 ;; Tracked objects:
   953 ;;		On entry : 0/0
   954 ;;		On exit  : 0/0
   955 ;;		Unchanged: 0/0
   956 ;; Data sizes:     COMMON   BANK0   BANK1   BANK3   BANK2
   957 ;;      Params:         0       0       0       0       0
   958 ;;      Locals:         1       0       0       0       0
   959 ;;      Temps:          1       0       0       0       0
   960 ;;      Totals:         2       0       0       0       0
   961 ;;Total ram usage:        2 bytes
   962 ;; Hardware stack levels used:    1
   963 ;; This function calls:
   964 ;;		Nothing
   965 ;; This function is called by:
   966 ;;		_output
   967 ;; This function uses a non-reentrant model
   968 ;;
   969                           psect	text104
   970                           	file	"C:\Users\Lenovo\Desktop\PIC\TASK\11.USART_TASKS\3.USART_BT_1\USART_BT_1.C"
   971                           	line	31
   972                           	global	__size_of_data
   973  0013                     	__size_of_data	equ	__end_of_data-_data
   974                           	
   975  0662                     _data:	
   976                           	opt	stack 6
   977                           ; Regs used in _data: [wreg]
   978                           ;data@z stored from wreg
   979  0662  00F1               	movwf	(data@z)
   980                           	
   981  0663                     l1790:	
   982  0663  0871               	movf	(data@z),w
   983  0664  1283               	bcf	status, 5	;RP0=0, select bank0
   984  0665  1303               	bcf	status, 6	;RP1=0, select bank0
   985  0666  0088               	movwf	(8)	;volatile
   986                           	line	32
   987                           	
   988  0667                     l1792:	
   989                           ;USART_BT_1.C: 32: RC0=1;
   990  0667  1407               	bsf	(56/8),(56)&7
   991                           	line	33
   992                           	
   993  0668                     l1794:	
   994                           ;USART_BT_1.C: 33: RC1=0;
   995  0668  1087               	bcf	(57/8),(57)&7
   996                           	line	34
   997                           	
   998  0669                     l1796:	
   999                           ;USART_BT_1.C: 34: RC2=1;
  1000  0669  1507               	bsf	(58/8),(58)&7
  1001                           	line	35
  1002                           ;USART_BT_1.C: 35: _delay((unsigned long)((1)*(4000000/4000.0)));
  1003                           	opt asmopt_off
  1004  066A  30F9               movlw	249
  1005  066B  00F0               movwf	(??_data+0)+0,f
  1006  066C                     u2217:
  1007  066C  0064               	clrwdt
  1008  066D  0BF0               decfsz	(??_data+0)+0,f
  1009  066E  2E6C               	goto	u2217
  1010  066F  2E70               	nop2	;nop
  1011  0670  0064               	clrwdt
  1012                           opt asmopt_on
  1013                           
  1014                           	line	36
  1015                           	
  1016  0671                     l1798:	
  1017                           ;USART_BT_1.C: 36: RC2=0;
  1018  0671  1283               	bcf	status, 5	;RP0=0, select bank0
  1019  0672  1303               	bcf	status, 6	;RP1=0, select bank0
  1020  0673  1107               	bcf	(58/8),(58)&7
  1021                           	line	37
  1022                           	
  1023  0674                     l573:	
  1024  0674  0008               	return
  1025                           	opt stack 0
  1026                           GLOBAL	__end_of_data
  1027  0675                     	__end_of_data:
  1028 ;; =============== function _data ends ============
  1029                           
  1030                           	signat	_data,4216
  1031                           	global	_command
  1032                           psect	text105,local,class=CODE,delta=2
  1033                           global __ptext105
  1034  064F                     __ptext105:
  1035                           
  1036 ;; *************** function _command *****************
  1037 ;; Defined at:
  1038 ;;		line 21 in file "C:\Users\Lenovo\Desktop\PIC\TASK\11.USART_TASKS\3.USART_BT_1\USART_BT_1.C"
  1039 ;; Parameters:    Size  Location     Type
  1040 ;;  y               1    wreg     unsigned char 
  1041 ;; Auto vars:     Size  Location     Type
  1042 ;;  y               1    1[COMMON] unsigned char 
  1043 ;; Return value:  Size  Location     Type
  1044 ;;		None               void
  1045 ;; Registers used:
  1046 ;;		wreg
  1047 ;; Tracked objects:
  1048 ;;		On entry : 0/0
  1049 ;;		On exit  : 0/0
  1050 ;;		Unchanged: 0/0
  1051 ;; Data sizes:     COMMON   BANK0   BANK1   BANK3   BANK2
  1052 ;;      Params:         0       0       0       0       0
  1053 ;;      Locals:         1       0       0       0       0
  1054 ;;      Temps:          1       0       0       0       0
  1055 ;;      Totals:         2       0       0       0       0
  1056 ;;Total ram usage:        2 bytes
  1057 ;; Hardware stack levels used:    1
  1058 ;; This function calls:
  1059 ;;		Nothing
  1060 ;; This function is called by:
  1061 ;;		_initial
  1062 ;;		_main
  1063 ;; This function uses a non-reentrant model
  1064 ;;
  1065                           psect	text105
  1066                           	file	"C:\Users\Lenovo\Desktop\PIC\TASK\11.USART_TASKS\3.USART_BT_1\USART_BT_1.C"
  1067                           	line	21
  1068                           	global	__size_of_command
  1069  0013                     	__size_of_command	equ	__end_of_command-_command
  1070                           	
  1071  064F                     _command:	
  1072                           	opt	stack 7
  1073                           ; Regs used in _command: [wreg]
  1074                           ;command@y stored from wreg
  1075  064F  00F1               	movwf	(command@y)
  1076                           	line	22
  1077                           	
  1078  0650                     l1780:	
  1079                           ;USART_BT_1.C: 22: PORTD=y;
  1080  0650  0871               	movf	(command@y),w
  1081  0651  1283               	bcf	status, 5	;RP0=0, select bank0
  1082  0652  1303               	bcf	status, 6	;RP1=0, select bank0
  1083  0653  0088               	movwf	(8)	;volatile
  1084                           	line	23
  1085                           	
  1086  0654                     l1782:	
  1087                           ;USART_BT_1.C: 23: RC0=0;
  1088  0654  1007               	bcf	(56/8),(56)&7
  1089                           	line	24
  1090                           	
  1091  0655                     l1784:	
  1092                           ;USART_BT_1.C: 24: RC1=0;
  1093  0655  1087               	bcf	(57/8),(57)&7
  1094                           	line	25
  1095                           	
  1096  0656                     l1786:	
  1097                           ;USART_BT_1.C: 25: RC2=1;
  1098  0656  1507               	bsf	(58/8),(58)&7
  1099                           	line	26
  1100                           ;USART_BT_1.C: 26: _delay((unsigned long)((1)*(4000000/4000.0)));
  1101                           	opt asmopt_off
  1102  0657  30F9               movlw	249
  1103  0658  00F0               movwf	(??_command+0)+0,f
  1104  0659                     u2227:
  1105  0659  0064               	clrwdt
  1106  065A  0BF0               decfsz	(??_command+0)+0,f
  1107  065B  2E59               	goto	u2227
  1108  065C  2E5D               	nop2	;nop
  1109  065D  0064               	clrwdt
  1110                           opt asmopt_on
  1111                           
  1112                           	line	27
  1113                           	
  1114  065E                     l1788:	
  1115                           ;USART_BT_1.C: 27: RC2=0;
  1116  065E  1283               	bcf	status, 5	;RP0=0, select bank0
  1117  065F  1303               	bcf	status, 6	;RP1=0, select bank0
  1118  0660  1107               	bcf	(58/8),(58)&7
  1119                           	line	28
  1120                           	
  1121  0661                     l570:	
  1122  0661  0008               	return
  1123                           	opt stack 0
  1124                           GLOBAL	__end_of_command
  1125  0662                     	__end_of_command:
  1126 ;; =============== function _command ends ============
  1127                           
  1128                           	signat	_command,4216
  1129                           	global	_delay
  1130                           psect	text106,local,class=CODE,delta=2
  1131                           global __ptext106
  1132  06D6                     __ptext106:
  1133                           
  1134 ;; *************** function _delay *****************
  1135 ;; Defined at:
  1136 ;;		line 9 in file "C:\Users\Lenovo\Desktop\PIC\TASK\11.USART_TASKS\3.USART_BT_1\USART_BT_1.C"
  1137 ;; Parameters:    Size  Location     Type
  1138 ;;  n               2    6[COMMON] int 
  1139 ;; Auto vars:     Size  Location     Type
  1140 ;;  i               2    9[COMMON] int 
  1141 ;; Return value:  Size  Location     Type
  1142 ;;		None               void
  1143 ;; Registers used:
  1144 ;;		wreg, status,2, status,0, pclath, cstack
  1145 ;; Tracked objects:
  1146 ;;		On entry : 0/0
  1147 ;;		On exit  : 0/0
  1148 ;;		Unchanged: 0/0
  1149 ;; Data sizes:     COMMON   BANK0   BANK1   BANK3   BANK2
  1150 ;;      Params:         2       0       0       0       0
  1151 ;;      Locals:         2       0       0       0       0
  1152 ;;      Temps:          1       0       0       0       0
  1153 ;;      Totals:         5       0       0       0       0
  1154 ;;Total ram usage:        5 bytes
  1155 ;; Hardware stack levels used:    1
  1156 ;; Hardware stack levels required when called:    1
  1157 ;; This function calls:
  1158 ;;		___wmul
  1159 ;; This function is called by:
  1160 ;;		_main
  1161 ;; This function uses a non-reentrant model
  1162 ;;
  1163                           psect	text106
  1164                           	file	"C:\Users\Lenovo\Desktop\PIC\TASK\11.USART_TASKS\3.USART_BT_1\USART_BT_1.C"
  1165                           	line	9
  1166                           	global	__size_of_delay
  1167  003A                     	__size_of_delay	equ	__end_of_delay-_delay
  1168                           	
  1169  06D6                     _delay:	
  1170                           	opt	stack 7
  1171                           ; Regs used in _delay: [wreg+status,2+status,0+pclath+cstack]
  1172                           	line	10
  1173                           	
  1174  06D6                     l1772:	
  1175                           ;USART_BT_1.C: 10: for(int i=0;i<n*20;i++)
  1176  06D6  3000               	movlw	low(0)
  1177  06D7  00F9               	movwf	(delay@i)
  1178  06D8  3000               	movlw	high(0)
  1179  06D9  00FA               	movwf	((delay@i))+1
  1180  06DA  2EF2               	goto	l561
  1181                           	line	11
  1182                           	
  1183  06DB                     l562:	
  1184                           	line	12
  1185                           ;USART_BT_1.C: 11: {
  1186                           ;USART_BT_1.C: 12: PS0=1;PS1=1;PS2=1;
  1187  06DB  1683               	bsf	status, 5	;RP0=1, select bank1
  1188  06DC  1303               	bcf	status, 6	;RP1=0, select bank1
  1189  06DD  1401               	bsf	(1032/8)^080h,(1032)&7
  1190  06DE  1481               	bsf	(1033/8)^080h,(1033)&7
  1191  06DF  1501               	bsf	(1034/8)^080h,(1034)&7
  1192                           	line	13
  1193                           ;USART_BT_1.C: 13: T0CS=0;
  1194  06E0  1281               	bcf	(1037/8)^080h,(1037)&7
  1195                           	line	14
  1196                           ;USART_BT_1.C: 14: PSA=0;
  1197  06E1  1181               	bcf	(1035/8)^080h,(1035)&7
  1198                           	line	15
  1199                           	
  1200  06E2                     l1774:	
  1201                           ;USART_BT_1.C: 15: TMR0=59.6875;
  1202  06E2  303B               	movlw	(03Bh)
  1203  06E3  1283               	bcf	status, 5	;RP0=0, select bank0
  1204  06E4  1303               	bcf	status, 6	;RP1=0, select bank0
  1205  06E5  0081               	movwf	(1)	;volatile
  1206                           	line	16
  1207                           ;USART_BT_1.C: 16: while(TMR0IF==0);
  1208  06E6  2EE7               	goto	l563
  1209                           	
  1210  06E7                     l564:	
  1211                           	
  1212  06E7                     l563:	
  1213  06E7  1D0B               	btfss	(90/8),(90)&7
  1214  06E8  2EEA               	goto	u2141
  1215  06E9  2EEB               	goto	u2140
  1216  06EA                     u2141:
  1217  06EA  2EE7               	goto	l564
  1218  06EB                     u2140:
  1219                           	
  1220  06EB                     l565:	
  1221                           	line	17
  1222                           ;USART_BT_1.C: 17: TMR0IF=0;
  1223  06EB  110B               	bcf	(90/8),(90)&7
  1224                           	line	10
  1225                           	
  1226  06EC                     l1776:	
  1227  06EC  3001               	movlw	low(01h)
  1228  06ED  07F9               	addwf	(delay@i),f
  1229  06EE  1803               	skipnc
  1230  06EF  0AFA               	incf	(delay@i+1),f
  1231  06F0  3000               	movlw	high(01h)
  1232  06F1  07FA               	addwf	(delay@i+1),f
  1233                           	
  1234  06F2                     l561:	
  1235                           	
  1236  06F2                     l1778:	
  1237  06F2  0877               	movf	(delay@n+1),w
  1238  06F3  01F1               	clrf	(?___wmul+1)
  1239  06F4  07F1               	addwf	(?___wmul+1)
  1240  06F5  0876               	movf	(delay@n),w
  1241  06F6  01F0               	clrf	(?___wmul)
  1242  06F7  07F0               	addwf	(?___wmul)
  1243                           
  1244  06F8  3014               	movlw	low(014h)
  1245  06F9  00F2               	movwf	0+(?___wmul)+02h
  1246  06FA  3000               	movlw	high(014h)
  1247  06FB  00F3               	movwf	(0+(?___wmul)+02h)+1
  1248  06FC  120A  118A  26AD   	fcall	___wmul
              120A  118A         
  1249  0701  087A               	movf	(delay@i+1),w
  1250  0702  3A80               	xorlw	80h
  1251  0703  00F8               	movwf	(??_delay+0)+0
  1252  0704  0871               	movf	(1+(?___wmul)),w
  1253  0705  3A80               	xorlw	80h
  1254  0706  0278               	subwf	(??_delay+0)+0,w
  1255  0707  1D03               	skipz
  1256  0708  2F0B               	goto	u2155
  1257  0709  0870               	movf	(0+(?___wmul)),w
  1258  070A  0279               	subwf	(delay@i),w
  1259  070B                     u2155:
  1260                           
  1261  070B  1C03               	skipc
  1262  070C  2F0E               	goto	u2151
  1263  070D  2F0F               	goto	u2150
  1264  070E                     u2151:
  1265  070E  2EDB               	goto	l562
  1266  070F                     u2150:
  1267                           	
  1268  070F                     l566:	
  1269                           	line	19
  1270                           	
  1271  070F                     l567:	
  1272  070F  0008               	return
  1273                           	opt stack 0
  1274                           GLOBAL	__end_of_delay
  1275  0710                     	__end_of_delay:
  1276 ;; =============== function _delay ends ============
  1277                           
  1278                           	signat	_delay,4216
  1279                           	global	___wmul
  1280                           psect	text107,local,class=CODE,delta=2
  1281                           global __ptext107
  1282  06AD                     __ptext107:
  1283                           
  1284 ;; *************** function ___wmul *****************
  1285 ;; Defined at:
  1286 ;;		line 3 in file "C:\Program Files (x86)\HI-TECH Software\PICC\9.71a\sources\wmul.c"
  1287 ;; Parameters:    Size  Location     Type
  1288 ;;  multiplier      2    0[COMMON] unsigned int 
  1289 ;;  multiplicand    2    2[COMMON] unsigned int 
  1290 ;; Auto vars:     Size  Location     Type
  1291 ;;  product         2    4[COMMON] unsigned int 
  1292 ;; Return value:  Size  Location     Type
  1293 ;;                  2    0[COMMON] unsigned int 
  1294 ;; Registers used:
  1295 ;;		wreg, status,2, status,0
  1296 ;; Tracked objects:
  1297 ;;		On entry : 0/0
  1298 ;;		On exit  : 0/0
  1299 ;;		Unchanged: 0/0
  1300 ;; Data sizes:     COMMON   BANK0   BANK1   BANK3   BANK2
  1301 ;;      Params:         4       0       0       0       0
  1302 ;;      Locals:         2       0       0       0       0
  1303 ;;      Temps:          0       0       0       0       0
  1304 ;;      Totals:         6       0       0       0       0
  1305 ;;Total ram usage:        6 bytes
  1306 ;; Hardware stack levels used:    1
  1307 ;; This function calls:
  1308 ;;		Nothing
  1309 ;; This function is called by:
  1310 ;;		_delay
  1311 ;; This function uses a non-reentrant model
  1312 ;;
  1313                           psect	text107
  1314                           	file	"C:\Program Files (x86)\HI-TECH Software\PICC\9.71a\sources\wmul.c"
  1315                           	line	3
  1316                           	global	__size_of___wmul
  1317  0029                     	__size_of___wmul	equ	__end_of___wmul-___wmul
  1318                           	
  1319  06AD                     ___wmul:	
  1320                           	opt	stack 6
  1321                           ; Regs used in ___wmul: [wreg+status,2+status,0]
  1322                           	line	4
  1323                           	
  1324  06AD                     l994:	
  1325  06AD  3000               	movlw	low(0)
  1326  06AE  00F4               	movwf	(___wmul@product)
  1327  06AF  3000               	movlw	high(0)
  1328  06B0  00F5               	movwf	((___wmul@product))+1
  1329                           	line	6
  1330                           	
  1331  06B1                     l604:	
  1332                           	line	7
  1333                           	
  1334  06B1                     l996:	
  1335  06B1  1C70               	btfss	(___wmul@multiplier),(0)&7
  1336  06B2  2EB4               	goto	u31
  1337  06B3  2EB5               	goto	u30
  1338  06B4                     u31:
  1339  06B4  2EBB               	goto	l605
  1340  06B5                     u30:
  1341                           	line	8
  1342                           	
  1343  06B5                     l998:	
  1344  06B5  0872               	movf	(___wmul@multiplicand),w
  1345  06B6  07F4               	addwf	(___wmul@product),f
  1346  06B7  1803               	skipnc
  1347  06B8  0AF5               	incf	(___wmul@product+1),f
  1348  06B9  0873               	movf	(___wmul@multiplicand+1),w
  1349  06BA  07F5               	addwf	(___wmul@product+1),f
  1350                           	
  1351  06BB                     l605:	
  1352                           	line	9
  1353  06BB  3001               	movlw	01h
  1354                           	
  1355  06BC                     u45:
  1356  06BC  1003               	clrc
  1357  06BD  0DF2               	rlf	(___wmul@multiplicand),f
  1358  06BE  0DF3               	rlf	(___wmul@multiplicand+1),f
  1359  06BF  3EFF               	addlw	-1
  1360  06C0  1D03               	skipz
  1361  06C1  2EBC               	goto	u45
  1362                           	line	10
  1363                           	
  1364  06C2                     l1000:	
  1365  06C2  3001               	movlw	01h
  1366                           	
  1367  06C3                     u55:
  1368  06C3  1003               	clrc
  1369  06C4  0CF1               	rrf	(___wmul@multiplier+1),f
  1370  06C5  0CF0               	rrf	(___wmul@multiplier),f
  1371  06C6  3EFF               	addlw	-1
  1372  06C7  1D03               	skipz
  1373  06C8  2EC3               	goto	u55
  1374                           	line	11
  1375  06C9  0871               	movf	((___wmul@multiplier+1)),w
  1376  06CA  0470               	iorwf	((___wmul@multiplier)),w
  1377  06CB  1D03               	skipz
  1378  06CC  2ECE               	goto	u61
  1379  06CD  2ECF               	goto	u60
  1380  06CE                     u61:
  1381  06CE  2EB1               	goto	l604
  1382  06CF                     u60:
  1383                           	
  1384  06CF                     l606:	
  1385                           	line	12
  1386                           	
  1387  06CF                     l1002:	
  1388  06CF  0875               	movf	(___wmul@product+1),w
  1389  06D0  01F1               	clrf	(?___wmul+1)
  1390  06D1  07F1               	addwf	(?___wmul+1)
  1391  06D2  0874               	movf	(___wmul@product),w
  1392  06D3  01F0               	clrf	(?___wmul)
  1393  06D4  07F0               	addwf	(?___wmul)
  1394                           
  1395                           	
  1396  06D5                     l1004:	
  1397                           	line	13
  1398                           	
  1399  06D5                     l607:	
  1400  06D5  0008               	return
  1401                           	opt stack 0
  1402                           GLOBAL	__end_of___wmul
  1403  06D6                     	__end_of___wmul:
  1404 ;; =============== function ___wmul ends ============
  1405                           
  1406                           	signat	___wmul,8314
  1407                           psect	text108,local,class=CODE,delta=2
  1408                           global __ptext108
  1409  0000                     __ptext108:
  1410                           	global	btemp
  1411  007E                     	btemp set 07Eh
  1412                           
  1413                           	DABS	1,126,2	;btemp
  1414                           	global	wtemp0
  1415  007E                     	wtemp0 set btemp


HI-TECH Software PICC Macro Assembler V9.71a build 6446 
Symbol Table                                                                                   Sat Dec 23 11:54:02 2023

                   pc 0002                    u30 06B5                    u31 06B4                    u60 06CF  
                  u61 06CE                    u45 06BC                    u55 06C3                    fsr 0004  
 ___wmul@multiplicand 0072                   l604 06B1                   l605 06BB                   l606 06CF  
                 l607 06D5                   l561 06F2                   l562 06DB                   l570 0661  
                 l563 06E7                   l564 06E7                   l565 06EB                   l573 0674  
                 l566 070F                   l582 068D                   l590 07D9                   l567 070F  
                 l591 07FC                   l576 06A0                   l592 07FC                   l577 0690  
                 l593 07FC                   l585 076C                   l578 06AC                   l594 07FD  
                 l586 0791                   l579 06AC                   l595 07FD                   l587 07FC  
                 l588 07B5                   l589 07FC                   l994 06AD                   l996 06B1  
                 l998 06B5                   _RB0 0030                   _RC0 0038                   _RC1 0039  
                 _RC2 003A                   _PS0 0408                   _PS1 0409                   _PS2 040A  
                 _PSA 040B                   fsr0 0004                  l1000 06C2                  l1002 06CF  
                l1004 06D5                  l1800 068F                  l1802 0690                  l1810 0710  
                l1804 069C                  l1820 071A                  l1812 0713                  l1806 06A0  
                l1830 072B                  l1822 071B                  l1814 0715                  l1808 0675  
                l1840 0748                  l1832 072D                  l1824 0720                  l1816 0716  
                l1850 076C                  l1842 0751                  l1834 0733                  l1826 0724  
                l1818 0719                  l1772 06D6                  l1780 0650                  l1860 078A  
                l1852 0774                  l1844 0757                  l1836 0739                  l1828 0728  
                l1774 06E2                  l1782 0654                  l1790 0663                  l1870 07AE  
                l1862 0791                  l1854 0775                  l1846 075D                  l1838 0742  
                l1776 06EC                  l1784 0655                  l1792 0667                  l1880 07D2  
                l1872 07B5                  l1864 0799                  l1856 077B                  l1848 0766  
                l1778 06F2                  l1786 0656                  l1794 0668                  l1890 07F6  
                l1882 07D9                  l1874 07BD                  l1866 079F                  l1858 0781  
                l1788 065E                  l1796 0669                  l1884 07E1                  l1876 07C3  
                l1868 07A5                  l1798 0671                  l1886 07E7                  l1878 07C9  
                l1888 07ED                  STR_1 0022                  STR_2 0009                  STR_3 001A  
                STR_4 002A                  STR_5 0032                  STR_6 0038                  _BRGH 04C2  
                _T0CS 040D                  u2200 07E1                  u2201 07E0                  u2140 06EB  
                u2141 06EA                  u2150 070F                  u2151 070E                  u2160 06AC  
                u2217 066C                  u2161 06AB                  u2170 0774                  u2155 070B  
                u2227 0659                  u2171 0773                  u2180 0799                  u2181 0798  
                u2190 07BD                  u2191 07BC                  _TMR0 0001                  _data 0662  
                _main 0710                  btemp 007E                  start 0000                 ?_data 0070  
               ?_main 0070                 _RCREG 001A                 _RCSTA 0018                 _SPBRG 0099  
               _PORTB 0006                 _PORTC 0007                 _PORTD 0008                 _TRISB 0086  
               _TRISC 0087                 _TRISD 0088                 _TXSTA 0098       __end_of_command 0662  
               _delay 06D6                 data@z 0071       __end_of_initial 068E                 pclath 000A  
               status 0003                 wtemp0 007E          __end_of_data 0675          __end_of_main 0800  
              ??_data 0070                ??_main 007B                ?_delay 0076                _TMR0IF 005A  
              ___wmul 06AD                delay@i 0079                delay@n 0076                _output 068E  
           ??_command 0070             ??_initial 0072        __pcstackCOMMON 0070         __end_of_delay 0710  
             ??_delay 0078            __pmaintext 0710               ?___wmul 0070               ?_output 0070  
     __size_of___wmul 0029               _command 064F       __size_of_output 001F               _initial 0675  
end_of_initialization 064B        __end_of___wmul 06D6        __end_of_output 06AD   start_initialization 064B  
            ??___wmul 0074              ??_output 0072           output@value 0073             __ptext101 0000  
           __ptext102 0675             __ptext103 068E             __ptext104 0662             __ptext105 064F  
           __ptext106 06D6             __ptext107 06AD             __ptext108 0000             __pstrings 0003  
            ?_command 0070              ?_initial 0070        __size_of_delay 003A        ___wmul@product 0074  
         __stringbase 0008     ___wmul@multiplier 0070      __size_of_command 0013      __size_of_initial 0019  
       __size_of_data 0013         __size_of_main 00F0              command@y 0071             stringcode 0003  
            stringdir 0003              stringtab 0003  
