

HI-TECH Software PIC LITE Macro Assembler V9.71a build 6446 
                                                                                               Tue Dec 12 10:07:13 2023

HI-TECH Software Omniscient Code Generator (Lite mode) build 6446
     1  0000                     opt subtitle "HI-TECH Software Omniscient Code Generator (Lite mode) build 6446"
     2                           
     3                           opt pagewidth 120
     4                           
     5                           	opt lm
     6                           
     7                           	processor	16F877A
     8                           clrc	macro
     9                           	bcf	3,0
    10  0000                     	endm
    11                           clrz	macro
    12                           	bcf	3,2
    13  0000                     	endm
    14                           setc	macro
    15                           	bsf	3,0
    16  0000                     	endm
    17                           setz	macro
    18                           	bsf	3,2
    19  0000                     	endm
    20                           skipc	macro
    21                           	btfss	3,0
    22  0000                     	endm
    23                           skipz	macro
    24                           	btfss	3,2
    25  0000                     	endm
    26                           skipnc	macro
    27                           	btfsc	3,0
    28  0000                     	endm
    29                           skipnz	macro
    30                           	btfsc	3,2
    31  0000                     	endm
    32  0000                     indf	equ	0
    33  0000                     indf0	equ	0
    34  0002                     pc	equ	2
    35  0002                     pcl	equ	2
    36  0003                     status	equ	3
    37  0004                     fsr	equ	4
    38  0004                     fsr0	equ	4
    39  0001                     c	equ	1
    40  0000                     z	equ	0
    41  000A                     pclath	equ	10
    42                           # 2 "C:\Users\Lenovo\Desktop\PIC\TASK\47.TIMER2_100_500MS\TIMER2_100_500MS.C"
    43                           	psect config,class=CONFIG,delta=2 ;#
    44                           # 2 "C:\Users\Lenovo\Desktop\PIC\TASK\47.TIMER2_100_500MS\TIMER2_100_500MS.C"
    45  2007  3F72               	dw 0X3F72 ;#
    46                           	FNCALL	_main,_delay
    47                           	FNROOT	_main
    48                           	global	_PORTD
    49                           psect	text60,local,class=CODE,delta=2
    50                           global __ptext60
    51  0000                     __ptext60:
    52  0008                     _PORTD	set	8
    53                           	global	_T2CON
    54  0012                     _T2CON	set	18
    55                           	global	_TMR2IF
    56  0061                     _TMR2IF	set	97
    57                           	global	_PR2
    58  0092                     _PR2	set	146
    59                           	global	_TRISD
    60  0088                     _TRISD	set	136
    61                           	file	"TIMER2_100_500MS.as"
    62                           	line	#
    63                           psect cinit,class=CODE,delta=2
    64                           global start_initialization
    65  078A                     start_initialization:
    66                           
    67                           psect cinit,class=CODE,delta=2
    68                           global end_of_initialization
    69                           
    70                           ;End of C runtime variable initialization code
    71                           
    72  078A                     end_of_initialization:
    73  078A  0183               clrf status
    74  078B  120A  118A  2F9F   ljmp _main	;jump to C main() function
    75                           psect	cstackCOMMON,class=COMMON,space=1
    76                           global __pcstackCOMMON
    77  0070                     __pcstackCOMMON:
    78                           	global	?_delay
    79  0070                     ?_delay:	; 0 bytes @ 0x0
    80                           	global	??_delay
    81  0070                     ??_delay:	; 0 bytes @ 0x0
    82                           	global	?_main
    83  0070                     ?_main:	; 0 bytes @ 0x0
    84                           	global	??_main
    85  0070                     ??_main:	; 0 bytes @ 0x0
    86                           	global	main@i
    87  0070                     main@i:	; 2 bytes @ 0x0
    88  0070                     	ds	2
    89                           	global	main@i_300
    90  0072                     main@i_300:	; 2 bytes @ 0x2
    91  0072                     	ds	2
    92 ;;Data sizes: Strings 0, constant 0, data 0, bss 0, persistent 0 stack 0
    93 ;;Auto spaces:   Size  Autos    Used
    94 ;; COMMON          14      4       4
    95 ;; BANK0           80      0       0
    96 ;; BANK1           80      0       0
    97 ;; BANK3           96      0       0
    98 ;; BANK2           96      0       0
    99                           
   100 ;;
   101 ;; Pointer list with targets:
   102                           
   103                           
   104                           
   105 ;;
   106 ;; Critical Paths under _main in COMMON
   107 ;;
   108 ;;   None.
   109 ;;
   110 ;; Critical Paths under _main in BANK0
   111 ;;
   112 ;;   None.
   113 ;;
   114 ;; Critical Paths under _main in BANK1
   115 ;;
   116 ;;   None.
   117 ;;
   118 ;; Critical Paths under _main in BANK3
   119 ;;
   120 ;;   None.
   121 ;;
   122 ;; Critical Paths under _main in BANK2
   123 ;;
   124 ;;   None.
   125                           
   126 ;;
   127 ;;Main: autosize = 0, tempsize = 0, incstack = 0, save=0
   128 ;;
   129                           
   130 ;;
   131 ;;Call Graph Tables:
   132 ;;
   133 ;; ---------------------------------------------------------------------------------
   134 ;; (Depth) Function   	        Calls       Base Space   Used Autos Params    Refs
   135 ;; ---------------------------------------------------------------------------------
   136 ;; (0) _main                                                 4     4      0      60
   137 ;;                                              0 COMMON     4     4      0
   138 ;;                              _delay
   139 ;; ---------------------------------------------------------------------------------
   140 ;; (1) _delay                                                0     0      0       0
   141 ;; ---------------------------------------------------------------------------------
   142 ;; Estimated maximum stack depth 1
   143 ;; ---------------------------------------------------------------------------------
   144                           
   145 ;; Call Graph Graphs:
   146                           
   147 ;; _main (ROOT)
   148 ;;   _delay
   149 ;;
   150                           
   151 ;; Address spaces:
   152                           
   153 ;;Name               Size   Autos  Total    Cost      Usage
   154 ;;BITCOMMON            E      0       0       0        0.0%
   155 ;;EEDATA             100      0       0       0        0.0%
   156 ;;NULL                 0      0       0       0        0.0%
   157 ;;CODE                 0      0       0       0        0.0%
   158 ;;COMMON               E      4       4       1       28.6%
   159 ;;BITSFR0              0      0       0       1        0.0%
   160 ;;SFR0                 0      0       0       1        0.0%
   161 ;;BITSFR1              0      0       0       2        0.0%
   162 ;;SFR1                 0      0       0       2        0.0%
   163 ;;STACK                0      0       1       2        0.0%
   164 ;;ABS                  0      0       0       3        0.0%
   165 ;;BITBANK0            50      0       0       4        0.0%
   166 ;;BITSFR3              0      0       0       4        0.0%
   167 ;;SFR3                 0      0       0       4        0.0%
   168 ;;BANK0               50      0       0       5        0.0%
   169 ;;BITSFR2              0      0       0       5        0.0%
   170 ;;SFR2                 0      0       0       5        0.0%
   171 ;;BITBANK1            50      0       0       6        0.0%
   172 ;;BANK1               50      0       0       7        0.0%
   173 ;;BITBANK3            60      0       0       8        0.0%
   174 ;;BANK3               60      0       0       9        0.0%
   175 ;;BITBANK2            60      0       0      10        0.0%
   176 ;;BANK2               60      0       0      11        0.0%
   177 ;;DATA                 0      0       0      12        0.0%
   178                           
   179                           	global	_main
   180                           psect	maintext,global,class=CODE,delta=2
   181                           global __pmaintext
   182  079F                     __pmaintext:
   183                           
   184 ;; *************** function _main *****************
   185 ;; Defined at:
   186 ;;		line 11 in file "C:\Users\Lenovo\Desktop\PIC\TASK\47.TIMER2_100_500MS\TIMER2_100_500MS.C"
   187 ;; Parameters:    Size  Location     Type
   188 ;;		None
   189 ;; Auto vars:     Size  Location     Type
   190 ;;  i               2    2[COMMON] int 
   191 ;;  i               2    0[COMMON] int 
   192 ;; Return value:  Size  Location     Type
   193 ;;		None               void
   194 ;; Registers used:
   195 ;;		wreg, status,2, status,0, btemp+0, pclath, cstack
   196 ;; Tracked objects:
   197 ;;		On entry : 17F/0
   198 ;;		On exit  : 0/0
   199 ;;		Unchanged: 0/0
   200 ;; Data sizes:     COMMON   BANK0   BANK1   BANK3   BANK2
   201 ;;      Params:         0       0       0       0       0
   202 ;;      Locals:         4       0       0       0       0
   203 ;;      Temps:          0       0       0       0       0
   204 ;;      Totals:         4       0       0       0       0
   205 ;;Total ram usage:        4 bytes
   206 ;; Hardware stack levels required when called:    1
   207 ;; This function calls:
   208 ;;		_delay
   209 ;; This function is called by:
   210 ;;		Startup code after reset
   211 ;; This function uses a non-reentrant model
   212 ;;
   213                           psect	maintext
   214                           	file	"C:\Users\Lenovo\Desktop\PIC\TASK\47.TIMER2_100_500MS\TIMER2_100_500MS.C"
   215                           	line	11
   216                           	global	__size_of_main
   217  0061                     	__size_of_main	equ	__end_of_main-_main
   218                           	
   219  079F                     _main:	
   220                           	opt	stack 8
   221                           ; Regs used in _main: [wreg+status,2-btemp+0+pclath+cstack]
   222                           	line	12
   223                           	
   224  079F                     l1726:	
   225                           ;TIMER2_100_500MS.C: 12: TRISD=0X00;
   226  079F  1683               	bsf	status, 5	;RP0=1, select bank1
   227  07A0  1303               	bcf	status, 6	;RP1=0, select bank1
   228  07A1  0188               	clrf	(136)^080h	;volatile
   229                           	line	13
   230                           	
   231  07A2                     l1728:	
   232                           ;TIMER2_100_500MS.C: 13: for(int i=0;i<2;i++)
   233  07A2  3000               	movlw	low(0)
   234  07A3  00F0               	movwf	(main@i)
   235  07A4  3000               	movlw	high(0)
   236  07A5  00F1               	movwf	((main@i))+1
   237                           	
   238  07A6                     l1730:	
   239  07A6  0871               	movf	(main@i+1),w
   240  07A7  3A80               	xorlw	80h
   241  07A8  00FE               	movwf	btemp+0
   242  07A9  3080               	movlw	(high(02h))^80h
   243  07AA  027E               	subwf	btemp+0,w
   244  07AB  1D03               	skipz
   245  07AC  2FAF               	goto	u2155
   246  07AD  3002               	movlw	low(02h)
   247  07AE  0270               	subwf	(main@i),w
   248  07AF                     u2155:
   249                           
   250  07AF  1C03               	skipc
   251  07B0  2FB2               	goto	u2151
   252  07B1  2FB3               	goto	u2150
   253  07B2                     u2151:
   254  07B2  2FB4               	goto	l565
   255  07B3                     u2150:
   256                           	
   257  07B3                     l1732:	
   258  07B3  2FD0               	goto	l566
   259                           	line	14
   260                           	
   261  07B4                     l565:	
   262                           	line	15
   263                           	
   264  07B4                     l1734:	
   265                           ;TIMER2_100_500MS.C: 14: {
   266                           ;TIMER2_100_500MS.C: 15: PORTD=0X01;
   267  07B4  3001               	movlw	(01h)
   268  07B5  1283               	bcf	status, 5	;RP0=0, select bank0
   269  07B6  1303               	bcf	status, 6	;RP1=0, select bank0
   270  07B7  0088               	movwf	(8)	;volatile
   271                           	line	16
   272                           	
   273  07B8                     l1736:	
   274                           ;TIMER2_100_500MS.C: 16: delay();
   275  07B8  120A  118A  278E   	fcall	_delay
              120A  118A         
   276                           	line	13
   277                           	
   278  07BD                     l1738:	
   279  07BD  3001               	movlw	low(01h)
   280  07BE  07F0               	addwf	(main@i),f
   281  07BF  1803               	skipnc
   282  07C0  0AF1               	incf	(main@i+1),f
   283  07C1  3000               	movlw	high(01h)
   284  07C2  07F1               	addwf	(main@i+1),f
   285                           	
   286  07C3                     l1740:	
   287  07C3  0871               	movf	(main@i+1),w
   288  07C4  3A80               	xorlw	80h
   289  07C5  00FE               	movwf	btemp+0
   290  07C6  3080               	movlw	(high(02h))^80h
   291  07C7  027E               	subwf	btemp+0,w
   292  07C8  1D03               	skipz
   293  07C9  2FCC               	goto	u2165
   294  07CA  3002               	movlw	low(02h)
   295  07CB  0270               	subwf	(main@i),w
   296  07CC                     u2165:
   297                           
   298  07CC  1C03               	skipc
   299  07CD  2FCF               	goto	u2161
   300  07CE  2FD0               	goto	u2160
   301  07CF                     u2161:
   302  07CF  2FB4               	goto	l565
   303  07D0                     u2160:
   304                           	
   305  07D0                     l566:	
   306                           	line	18
   307                           	
   308  07D0                     l1742:	
   309                           ;TIMER2_100_500MS.C: 17: }
   310                           ;TIMER2_100_500MS.C: 18: for(int i=0;i<10;i++)
   311  07D0  3000               	movlw	low(0)
   312  07D1  00F2               	movwf	(main@i_300)
   313  07D2  3000               	movlw	high(0)
   314  07D3  00F3               	movwf	((main@i_300))+1
   315                           	
   316  07D4                     l1744:	
   317  07D4  0873               	movf	(main@i_300+1),w
   318  07D5  3A80               	xorlw	80h
   319  07D6  00FE               	movwf	btemp+0
   320  07D7  3080               	movlw	(high(0Ah))^80h
   321  07D8  027E               	subwf	btemp+0,w
   322  07D9  1D03               	skipz
   323  07DA  2FDD               	goto	u2175
   324  07DB  300A               	movlw	low(0Ah)
   325  07DC  0272               	subwf	(main@i_300),w
   326  07DD                     u2175:
   327                           
   328  07DD  1C03               	skipc
   329  07DE  2FE0               	goto	u2171
   330  07DF  2FE1               	goto	u2170
   331  07E0                     u2171:
   332  07E0  2FE2               	goto	l567
   333  07E1                     u2170:
   334                           	
   335  07E1                     l1746:	
   336  07E1  2FFD               	goto	l568
   337                           	line	19
   338                           	
   339  07E2                     l567:	
   340                           	line	20
   341                           	
   342  07E2                     l1748:	
   343                           ;TIMER2_100_500MS.C: 19: {
   344                           ;TIMER2_100_500MS.C: 20: PORTD=0X00;
   345  07E2  1283               	bcf	status, 5	;RP0=0, select bank0
   346  07E3  1303               	bcf	status, 6	;RP1=0, select bank0
   347  07E4  0188               	clrf	(8)	;volatile
   348                           	line	21
   349                           	
   350  07E5                     l1750:	
   351                           ;TIMER2_100_500MS.C: 21: delay();
   352  07E5  120A  118A  278E   	fcall	_delay
              120A  118A         
   353                           	line	18
   354                           	
   355  07EA                     l1752:	
   356  07EA  3001               	movlw	low(01h)
   357  07EB  07F2               	addwf	(main@i_300),f
   358  07EC  1803               	skipnc
   359  07ED  0AF3               	incf	(main@i_300+1),f
   360  07EE  3000               	movlw	high(01h)
   361  07EF  07F3               	addwf	(main@i_300+1),f
   362                           	
   363  07F0                     l1754:	
   364  07F0  0873               	movf	(main@i_300+1),w
   365  07F1  3A80               	xorlw	80h
   366  07F2  00FE               	movwf	btemp+0
   367  07F3  3080               	movlw	(high(0Ah))^80h
   368  07F4  027E               	subwf	btemp+0,w
   369  07F5  1D03               	skipz
   370  07F6  2FF9               	goto	u2185
   371  07F7  300A               	movlw	low(0Ah)
   372  07F8  0272               	subwf	(main@i_300),w
   373  07F9                     u2185:
   374                           
   375  07F9  1C03               	skipc
   376  07FA  2FFC               	goto	u2181
   377  07FB  2FFD               	goto	u2180
   378  07FC                     u2181:
   379  07FC  2FE2               	goto	l567
   380  07FD                     u2180:
   381                           	
   382  07FD                     l568:	
   383                           	line	23
   384                           	
   385  07FD                     l569:	
   386                           	global	start
   387  07FD  120A  118A  2800   	ljmp	start
   388                           	opt stack 0
   389                           GLOBAL	__end_of_main
   390  0800                     	__end_of_main:
   391 ;; =============== function _main ends ============
   392                           
   393                           	signat	_main,88
   394                           	global	_delay
   395                           psect	text61,local,class=CODE,delta=2
   396                           global __ptext61
   397  078E                     __ptext61:
   398                           
   399 ;; *************** function _delay *****************
   400 ;; Defined at:
   401 ;;		line 5 in file "C:\Users\Lenovo\Desktop\PIC\TASK\47.TIMER2_100_500MS\TIMER2_100_500MS.C"
   402 ;; Parameters:    Size  Location     Type
   403 ;;		None
   404 ;; Auto vars:     Size  Location     Type
   405 ;;		None
   406 ;; Return value:  Size  Location     Type
   407 ;;		None               void
   408 ;; Registers used:
   409 ;;		wreg
   410 ;; Tracked objects:
   411 ;;		On entry : 0/0
   412 ;;		On exit  : 0/0
   413 ;;		Unchanged: 0/0
   414 ;; Data sizes:     COMMON   BANK0   BANK1   BANK3   BANK2
   415 ;;      Params:         0       0       0       0       0
   416 ;;      Locals:         0       0       0       0       0
   417 ;;      Temps:          0       0       0       0       0
   418 ;;      Totals:         0       0       0       0       0
   419 ;;Total ram usage:        0 bytes
   420 ;; Hardware stack levels used:    1
   421 ;; This function calls:
   422 ;;		Nothing
   423 ;; This function is called by:
   424 ;;		_main
   425 ;; This function uses a non-reentrant model
   426 ;;
   427                           psect	text61
   428                           	file	"C:\Users\Lenovo\Desktop\PIC\TASK\47.TIMER2_100_500MS\TIMER2_100_500MS.C"
   429                           	line	5
   430                           	global	__size_of_delay
   431  0011                     	__size_of_delay	equ	__end_of_delay-_delay
   432                           	
   433  078E                     _delay:	
   434                           	opt	stack 7
   435                           ; Regs used in _delay: [wreg]
   436                           	
   437  078E                     l938:	
   438  078E  307F               	movlw	(07Fh)
   439  078F  1283               	bcf	status, 5	;RP0=0, select bank0
   440  0790  1303               	bcf	status, 6	;RP1=0, select bank0
   441  0791  0092               	movwf	(18)	;volatile
   442                           	line	6
   443                           ;TIMER2_100_500MS.C: 6: PR2=195.3125;
   444  0792  30C3               	movlw	(0C3h)
   445  0793  1683               	bsf	status, 5	;RP0=1, select bank1
   446  0794  1303               	bcf	status, 6	;RP1=0, select bank1
   447  0795  0092               	movwf	(146)^080h	;volatile
   448                           	line	7
   449                           ;TIMER2_100_500MS.C: 7: while(TMR2IF==0);
   450  0796  2F97               	goto	l559
   451                           	
   452  0797                     l560:	
   453                           	
   454  0797                     l559:	
   455  0797  1283               	bcf	status, 5	;RP0=0, select bank0
   456  0798  1303               	bcf	status, 6	;RP1=0, select bank0
   457  0799  1C8C               	btfss	(97/8),(97)&7
   458  079A  2F9C               	goto	u11
   459  079B  2F9D               	goto	u10
   460  079C                     u11:
   461  079C  2F97               	goto	l560
   462  079D                     u10:
   463                           	
   464  079D                     l561:	
   465                           	line	8
   466                           ;TIMER2_100_500MS.C: 8: TMR2IF=0;
   467  079D  108C               	bcf	(97/8),(97)&7
   468                           	line	9
   469                           	
   470  079E                     l562:	
   471  079E  0008               	return
   472                           	opt stack 0
   473                           GLOBAL	__end_of_delay
   474  079F                     	__end_of_delay:
   475 ;; =============== function _delay ends ============
   476                           
   477                           	signat	_delay,88
   478                           psect	text62,local,class=CODE,delta=2
   479                           global __ptext62
   480  0000                     __ptext62:
   481                           	global	btemp
   482  007E                     	btemp set 07Eh
   483                           
   484                           	DABS	1,126,2	;btemp
   485                           	global	wtemp0
   486  007E                     	wtemp0 set btemp


HI-TECH Software PICC Macro Assembler V9.71a build 6446 
Symbol Table                                                                                   Tue Dec 12 10:07:13 2023

                  u10 079D                    u11 079C                   l560 0797                   l561 079D  
                 l562 079E                   l565 07B4                   l566 07D0                   l559 0797  
                 l567 07E2                   l568 07FD                   l569 07FD                   l938 078E  
                 _PR2 0092                  l1730 07A6                  l1740 07C3                  l1732 07B3  
                l1750 07E5                  l1742 07D0                  l1734 07B4                  l1726 079F  
                l1752 07EA                  l1744 07D4                  l1736 07B8                  l1728 07A2  
                l1754 07F0                  l1746 07E1                  l1738 07BD                  l1748 07E2  
                u2150 07B3                  u2151 07B2                  u2160 07D0                  u2161 07CF  
                u2170 07E1                  u2171 07E0                  u2155 07AF                  u2180 07FD  
                u2181 07FC                  u2165 07CC                  u2175 07DD                  u2185 07F9  
                _main 079F                  btemp 007E                  start 0000                 ?_main 0070  
               _T2CON 0012                 _PORTD 0008                 _TRISD 0088                 _delay 078E  
               main@i 0070                 status 0003                 wtemp0 007E          __end_of_main 0800  
              ??_main 0070                ?_delay 0070                _TMR2IF 0061        __pcstackCOMMON 0070  
       __end_of_delay 079F               ??_delay 0070            __pmaintext 079F  end_of_initialization 078A  
 start_initialization 078A        __size_of_delay 0011             main@i_300 0072              __ptext60 0000  
            __ptext61 078E              __ptext62 0000         __size_of_main 0061  
