

HI-TECH Software PIC LITE Macro Assembler V9.71a build 6446 
                                                                                               Wed Jan 17 18:53:04 2024

HI-TECH Software Omniscient Code Generator (Lite mode) build 6446
     1  0000                     opt subtitle "HI-TECH Software Omniscient Code Generator (Lite mode) build 6446"
     2                           
     3                           opt pagewidth 120
     4                           
     5                           	opt lm
     6                           
     7                           	processor	16F877A
     8                           clrc	macro
     9                           	bcf	3,0
    10  0000                     	endm
    11                           clrz	macro
    12                           	bcf	3,2
    13  0000                     	endm
    14                           setc	macro
    15                           	bsf	3,0
    16  0000                     	endm
    17                           setz	macro
    18                           	bsf	3,2
    19  0000                     	endm
    20                           skipc	macro
    21                           	btfss	3,0
    22  0000                     	endm
    23                           skipz	macro
    24                           	btfss	3,2
    25  0000                     	endm
    26                           skipnc	macro
    27                           	btfsc	3,0
    28  0000                     	endm
    29                           skipnz	macro
    30                           	btfsc	3,2
    31  0000                     	endm
    32  0000                     indf	equ	0
    33  0000                     indf0	equ	0
    34  0002                     pc	equ	2
    35  0002                     pcl	equ	2
    36  0003                     status	equ	3
    37  0004                     fsr	equ	4
    38  0004                     fsr0	equ	4
    39  0001                     c	equ	1
    40  0000                     z	equ	0
    41  000A                     pclath	equ	10
    42                           # 2 "C:\Users\Lenovo\Desktop\PIC\TASK\REALTIME_PROJ\2.BT_ROBOT\BT_ROBOT\BT_ROBOT.C"
    43                           	psect config,class=CONFIG,delta=2 ;#
    44                           # 2 "C:\Users\Lenovo\Desktop\PIC\TASK\REALTIME_PROJ\2.BT_ROBOT\BT_ROBOT\BT_ROBOT.C"
    45  2007  3F72               	dw 0x3f72 ;#
    46                           	FNROOT	_main
    47                           	global	_PORTC
    48                           psect	maintext,global,class=CODE,delta=2
    49                           global __pmaintext
    50  07A2                     __pmaintext:
    51  0007                     _PORTC	set	7
    52                           	global	_PORTD
    53  0008                     _PORTD	set	8
    54                           	global	_RCREG
    55  001A                     _RCREG	set	26
    56                           	global	_RCSTA
    57  0018                     _RCSTA	set	24
    58                           	global	_SPBRG
    59  0099                     _SPBRG	set	153
    60                           	global	_TRISC
    61  0087                     _TRISC	set	135
    62                           	global	_TRISD
    63  0088                     _TRISD	set	136
    64                           	global	_TXSTA
    65  0098                     _TXSTA	set	152
    66                           	global	_BRGH
    67  04C2                     _BRGH	set	1218
    68                           	file	"BT_ROBOT.as"
    69                           	line	#
    70                           psect cinit,class=CODE,delta=2
    71                           global start_initialization
    72  079E                     start_initialization:
    73                           
    74                           psect cinit,class=CODE,delta=2
    75                           global end_of_initialization
    76                           
    77                           ;End of C runtime variable initialization code
    78                           
    79  079E                     end_of_initialization:
    80  079E  0183               clrf status
    81  079F  120A  118A  2FA2   ljmp _main	;jump to C main() function
    82                           psect	cstackCOMMON,class=COMMON,space=1
    83                           global __pcstackCOMMON
    84  0070                     __pcstackCOMMON:
    85                           	global	?_main
    86  0070                     ?_main:	; 0 bytes @ 0x0
    87                           	global	??_main
    88  0070                     ??_main:	; 0 bytes @ 0x0
    89  0070                     	ds	3
    90 ;;Data sizes: Strings 0, constant 0, data 0, bss 0, persistent 0 stack 0
    91 ;;Auto spaces:   Size  Autos    Used
    92 ;; COMMON          14      3       3
    93 ;; BANK0           80      0       0
    94 ;; BANK1           80      0       0
    95 ;; BANK3           96      0       0
    96 ;; BANK2           96      0       0
    97                           
    98 ;;
    99 ;; Pointer list with targets:
   100                           
   101                           
   102                           
   103 ;;
   104 ;; Critical Paths under _main in COMMON
   105 ;;
   106 ;;   None.
   107 ;;
   108 ;; Critical Paths under _main in BANK0
   109 ;;
   110 ;;   None.
   111 ;;
   112 ;; Critical Paths under _main in BANK1
   113 ;;
   114 ;;   None.
   115 ;;
   116 ;; Critical Paths under _main in BANK3
   117 ;;
   118 ;;   None.
   119 ;;
   120 ;; Critical Paths under _main in BANK2
   121 ;;
   122 ;;   None.
   123                           
   124 ;;
   125 ;;Main: autosize = 0, tempsize = 3, incstack = 0, save=0
   126 ;;
   127                           
   128 ;;
   129 ;;Call Graph Tables:
   130 ;;
   131 ;; ---------------------------------------------------------------------------------
   132 ;; (Depth) Function   	        Calls       Base Space   Used Autos Params    Refs
   133 ;; ---------------------------------------------------------------------------------
   134 ;; (0) _main                                                 3     3      0       0
   135 ;;                                              0 COMMON     3     3      0
   136 ;; ---------------------------------------------------------------------------------
   137 ;; Estimated maximum stack depth 0
   138 ;; ---------------------------------------------------------------------------------
   139                           
   140 ;; Call Graph Graphs:
   141                           
   142 ;; _main (ROOT)
   143 ;;
   144                           
   145 ;; Address spaces:
   146                           
   147 ;;Name               Size   Autos  Total    Cost      Usage
   148 ;;BITCOMMON            E      0       0       0        0.0%
   149 ;;EEDATA             100      0       0       0        0.0%
   150 ;;NULL                 0      0       0       0        0.0%
   151 ;;CODE                 0      0       0       0        0.0%
   152 ;;COMMON               E      3       3       1       21.4%
   153 ;;BITSFR0              0      0       0       1        0.0%
   154 ;;SFR0                 0      0       0       1        0.0%
   155 ;;BITSFR1              0      0       0       2        0.0%
   156 ;;SFR1                 0      0       0       2        0.0%
   157 ;;STACK                0      0       0       2        0.0%
   158 ;;ABS                  0      0       0       3        0.0%
   159 ;;BITBANK0            50      0       0       4        0.0%
   160 ;;BITSFR3              0      0       0       4        0.0%
   161 ;;SFR3                 0      0       0       4        0.0%
   162 ;;BANK0               50      0       0       5        0.0%
   163 ;;BITSFR2              0      0       0       5        0.0%
   164 ;;SFR2                 0      0       0       5        0.0%
   165 ;;BITBANK1            50      0       0       6        0.0%
   166 ;;BANK1               50      0       0       7        0.0%
   167 ;;BITBANK3            60      0       0       8        0.0%
   168 ;;BANK3               60      0       0       9        0.0%
   169 ;;BITBANK2            60      0       0      10        0.0%
   170 ;;BANK2               60      0       0      11        0.0%
   171 ;;DATA                 0      0       0      12        0.0%
   172                           
   173                           	global	_main
   174                           psect	maintext
   175                           
   176 ;; *************** function _main *****************
   177 ;; Defined at:
   178 ;;		line 5 in file "C:\Users\Lenovo\Desktop\PIC\TASK\REALTIME_PROJ\2.BT_ROBOT\BT_ROBOT\BT_ROBOT.C"
   179 ;; Parameters:    Size  Location     Type
   180 ;;		None
   181 ;; Auto vars:     Size  Location     Type
   182 ;;		None
   183 ;; Return value:  Size  Location     Type
   184 ;;		None               void
   185 ;; Registers used:
   186 ;;		wreg, status,2
   187 ;; Tracked objects:
   188 ;;		On entry : 17F/0
   189 ;;		On exit  : 0/0
   190 ;;		Unchanged: 0/0
   191 ;; Data sizes:     COMMON   BANK0   BANK1   BANK3   BANK2
   192 ;;      Params:         0       0       0       0       0
   193 ;;      Locals:         0       0       0       0       0
   194 ;;      Temps:          3       0       0       0       0
   195 ;;      Totals:         3       0       0       0       0
   196 ;;Total ram usage:        3 bytes
   197 ;; This function calls:
   198 ;;		Nothing
   199 ;; This function is called by:
   200 ;;		Startup code after reset
   201 ;; This function uses a non-reentrant model
   202 ;;
   203                           psect	maintext
   204                           	file	"C:\Users\Lenovo\Desktop\PIC\TASK\REALTIME_PROJ\2.BT_ROBOT\BT_ROBOT\BT_ROBOT.C"
   205                           	line	5
   206                           	global	__size_of_main
   207  005E                     	__size_of_main	equ	__end_of_main-_main
   208                           	
   209  07A2                     _main:	
   210                           	opt	stack 8
   211                           ; Regs used in _main: [wreg+status,2]
   212                           	line	6
   213                           	
   214  07A2                     l1724:	
   215                           ;BT_ROBOT.C: 6: TRISD=0X00;TRISC=0X80;
   216  07A2  1683               	bsf	status, 5	;RP0=1, select bank1
   217  07A3  1303               	bcf	status, 6	;RP1=0, select bank1
   218  07A4  0188               	clrf	(136)^080h	;volatile
   219                           	
   220  07A5                     l1726:	
   221  07A5  3080               	movlw	(080h)
   222  07A6  0087               	movwf	(135)^080h	;volatile
   223                           	line	7
   224                           	
   225  07A7                     l1728:	
   226                           ;BT_ROBOT.C: 7: PORTC=0X00;PORTD=0X00;
   227  07A7  1283               	bcf	status, 5	;RP0=0, select bank0
   228  07A8  1303               	bcf	status, 6	;RP1=0, select bank0
   229  07A9  0187               	clrf	(7)	;volatile
   230                           	
   231  07AA                     l1730:	
   232  07AA  0188               	clrf	(8)	;volatile
   233                           	line	8
   234                           	
   235  07AB                     l1732:	
   236                           ;BT_ROBOT.C: 8: TXSTA=0X24;
   237  07AB  3024               	movlw	(024h)
   238  07AC  1683               	bsf	status, 5	;RP0=1, select bank1
   239  07AD  1303               	bcf	status, 6	;RP1=0, select bank1
   240  07AE  0098               	movwf	(152)^080h	;volatile
   241                           	line	9
   242                           	
   243  07AF                     l1734:	
   244                           ;BT_ROBOT.C: 9: RCSTA=0X90;
   245  07AF  3090               	movlw	(090h)
   246  07B0  1283               	bcf	status, 5	;RP0=0, select bank0
   247  07B1  1303               	bcf	status, 6	;RP1=0, select bank0
   248  07B2  0098               	movwf	(24)	;volatile
   249                           	line	10
   250                           	
   251  07B3                     l1736:	
   252                           ;BT_ROBOT.C: 10: BRGH=1;
   253  07B3  1683               	bsf	status, 5	;RP0=1, select bank1
   254  07B4  1303               	bcf	status, 6	;RP1=0, select bank1
   255  07B5  1518               	bsf	(1218/8)^080h,(1218)&7
   256                           	line	11
   257                           	
   258  07B6                     l1738:	
   259                           ;BT_ROBOT.C: 11: SPBRG=25;
   260  07B6  3019               	movlw	(019h)
   261  07B7  0099               	movwf	(153)^080h	;volatile
   262                           	line	12
   263                           ;BT_ROBOT.C: 12: while(1)
   264                           	
   265  07B8                     l561:	
   266                           	line	14
   267                           	
   268  07B8                     l1740:	
   269                           ;BT_ROBOT.C: 13: {
   270                           ;BT_ROBOT.C: 14: if(RCREG=='1')
   271  07B8  1283               	bcf	status, 5	;RP0=0, select bank0
   272  07B9  1303               	bcf	status, 6	;RP1=0, select bank0
   273  07BA  081A               	movf	(26),w	;volatile
   274  07BB  3A31               	xorlw	031h
   275  07BC  1D03               	skipz
   276  07BD  2FBF               	goto	u2141
   277  07BE  2FC0               	goto	u2140
   278  07BF                     u2141:
   279  07BF  2FCF               	goto	l562
   280  07C0                     u2140:
   281                           	line	16
   282                           	
   283  07C0                     l1742:	
   284                           ;BT_ROBOT.C: 15: {
   285                           ;BT_ROBOT.C: 16: PORTD=0X0C;
   286  07C0  300C               	movlw	(0Ch)
   287  07C1  0088               	movwf	(8)	;volatile
   288                           	line	17
   289                           ;BT_ROBOT.C: 17: _delay((unsigned long)((1000)*(4000000/4000.0)));
   290                           	opt asmopt_off
   291  07C2  3006               movlw  6
   292  07C3  00F2               movwf	((??_main+0)+0+2),f
   293  07C4  300E               movlw	14
   294  07C5  00F1               movwf	((??_main+0)+0+1),f
   295  07C6  30B0               	movlw	176
   296  07C7  00F0               movwf	((??_main+0)+0),f
   297  07C8                     u2177:
   298  07C8  0BF0               	decfsz	((??_main+0)+0),f
   299  07C9  2FC8               	goto	u2177
   300  07CA  0BF1               	decfsz	((??_main+0)+0+1),f
   301  07CB  2FC8               	goto	u2177
   302  07CC  0BF2               	decfsz	((??_main+0)+0+2),f
   303  07CD  2FC8               	goto	u2177
   304                           opt asmopt_on
   305                           
   306                           	line	18
   307                           ;BT_ROBOT.C: 18: }
   308  07CE  2FFC               	goto	l563
   309                           	line	19
   310                           	
   311  07CF                     l562:	
   312                           	
   313  07CF                     l1744:	
   314                           ;BT_ROBOT.C: 19: else if(RCREG=='2')
   315  07CF  1283               	bcf	status, 5	;RP0=0, select bank0
   316  07D0  1303               	bcf	status, 6	;RP1=0, select bank0
   317  07D1  081A               	movf	(26),w	;volatile
   318  07D2  3A32               	xorlw	032h
   319  07D3  1D03               	skipz
   320  07D4  2FD6               	goto	u2151
   321  07D5  2FD7               	goto	u2150
   322  07D6                     u2151:
   323  07D6  2FE6               	goto	l564
   324  07D7                     u2150:
   325                           	line	21
   326                           	
   327  07D7                     l1746:	
   328                           ;BT_ROBOT.C: 20: {
   329                           ;BT_ROBOT.C: 21: PORTD=0x05;
   330  07D7  3005               	movlw	(05h)
   331  07D8  0088               	movwf	(8)	;volatile
   332                           	line	22
   333                           ;BT_ROBOT.C: 22: _delay((unsigned long)((1000)*(4000000/4000.0)));
   334                           	opt asmopt_off
   335  07D9  3006               movlw  6
   336  07DA  00F2               movwf	((??_main+0)+0+2),f
   337  07DB  300E               movlw	14
   338  07DC  00F1               movwf	((??_main+0)+0+1),f
   339  07DD  30B0               	movlw	176
   340  07DE  00F0               movwf	((??_main+0)+0),f
   341  07DF                     u2187:
   342  07DF  0BF0               	decfsz	((??_main+0)+0),f
   343  07E0  2FDF               	goto	u2187
   344  07E1  0BF1               	decfsz	((??_main+0)+0+1),f
   345  07E2  2FDF               	goto	u2187
   346  07E3  0BF2               	decfsz	((??_main+0)+0+2),f
   347  07E4  2FDF               	goto	u2187
   348                           opt asmopt_on
   349                           
   350                           	line	23
   351                           ;BT_ROBOT.C: 23: }
   352  07E5  2FFC               	goto	l565
   353                           	line	24
   354                           	
   355  07E6                     l564:	
   356                           	
   357  07E6                     l1748:	
   358                           ;BT_ROBOT.C: 24: else if(RCREG=='3')
   359  07E6  1283               	bcf	status, 5	;RP0=0, select bank0
   360  07E7  1303               	bcf	status, 6	;RP1=0, select bank0
   361  07E8  081A               	movf	(26),w	;volatile
   362  07E9  3A33               	xorlw	033h
   363  07EA  1D03               	skipz
   364  07EB  2FED               	goto	u2161
   365  07EC  2FEE               	goto	u2160
   366  07ED                     u2161:
   367  07ED  2FFC               	goto	l566
   368  07EE                     u2160:
   369                           	line	26
   370                           	
   371  07EE                     l1750:	
   372                           ;BT_ROBOT.C: 25: {
   373                           ;BT_ROBOT.C: 26: PORTD=0x0A;
   374  07EE  300A               	movlw	(0Ah)
   375  07EF  0088               	movwf	(8)	;volatile
   376                           	line	27
   377                           ;BT_ROBOT.C: 27: _delay((unsigned long)((1000)*(4000000/4000.0)));
   378                           	opt asmopt_off
   379  07F0  3006               movlw  6
   380  07F1  00F2               movwf	((??_main+0)+0+2),f
   381  07F2  300E               movlw	14
   382  07F3  00F1               movwf	((??_main+0)+0+1),f
   383  07F4  30B0               	movlw	176
   384  07F5  00F0               movwf	((??_main+0)+0),f
   385  07F6                     u2197:
   386  07F6  0BF0               	decfsz	((??_main+0)+0),f
   387  07F7  2FF6               	goto	u2197
   388  07F8  0BF1               	decfsz	((??_main+0)+0+1),f
   389  07F9  2FF6               	goto	u2197
   390  07FA  0BF2               	decfsz	((??_main+0)+0+2),f
   391  07FB  2FF6               	goto	u2197
   392                           opt asmopt_on
   393                           
   394                           	line	28
   395                           	
   396  07FC                     l566:	
   397                           	line	29
   398                           	
   399  07FC                     l565:	
   400                           	
   401  07FC                     l563:	
   402                           	
   403  07FC                     l567:	
   404                           	line	12
   405  07FC  2FB8               	goto	l561
   406                           	
   407  07FD                     l568:	
   408                           	line	30
   409                           	
   410  07FD                     l569:	
   411                           	global	start
   412  07FD  120A  118A  2800   	ljmp	start
   413                           	opt stack 0
   414                           GLOBAL	__end_of_main
   415  0800                     	__end_of_main:
   416 ;; =============== function _main ends ============
   417                           
   418                           	signat	_main,88
   419                           psect	maintext
   420                           	global	btemp
   421  007E                     	btemp set 07Eh
   422                           
   423                           	DABS	1,126,2	;btemp
   424                           	global	wtemp0
   425  007E                     	wtemp0 set btemp


HI-TECH Software PICC Macro Assembler V9.71a build 6446 
Symbol Table                                                                                   Wed Jan 17 18:53:04 2024

                 l561 07B8                   l562 07CF                   l563 07FC                   l564 07E6  
                 l565 07FC                   l566 07FC                   l567 07FC                   l568 07FD  
                 l569 07FD                  l1730 07AA                  l1740 07B8                  l1732 07AB  
                l1724 07A2                  l1750 07EE                  l1742 07C0                  l1734 07AF  
                l1726 07A5                  l1744 07CF                  l1736 07B3                  l1728 07A7  
                l1746 07D7                  l1738 07B6                  l1748 07E6                  _BRGH 04C2  
                u2140 07C0                  u2141 07BF                  u2150 07D7                  u2151 07D6  
                u2160 07EE                  u2161 07ED                  u2177 07C8                  u2187 07DF  
                u2197 07F6                  _main 07A2                  btemp 007E                  start 0000  
               ?_main 0070                 _RCREG 001A                 _RCSTA 0018                 _SPBRG 0099  
               _PORTC 0007                 _PORTD 0008                 _TRISC 0087                 _TRISD 0088  
               _TXSTA 0098                 status 0003                 wtemp0 007E          __end_of_main 0800  
              ??_main 0070        __pcstackCOMMON 0070            __pmaintext 07A2  end_of_initialization 079E  
 start_initialization 079E         __size_of_main 005E  
