

HI-TECH Software PIC LITE Macro Assembler V9.71a build 6446 
                                                                                               Thu Dec 07 16:35:25 2023

HI-TECH Software Omniscient Code Generator (Lite mode) build 6446
     1  0000                     opt subtitle "HI-TECH Software Omniscient Code Generator (Lite mode) build 6446"
     2                           
     3                           opt pagewidth 120
     4                           
     5                           	opt lm
     6                           
     7                           	processor	16F877A
     8                           clrc	macro
     9                           	bcf	3,0
    10  0000                     	endm
    11                           clrz	macro
    12                           	bcf	3,2
    13  0000                     	endm
    14                           setc	macro
    15                           	bsf	3,0
    16  0000                     	endm
    17                           setz	macro
    18                           	bsf	3,2
    19  0000                     	endm
    20                           skipc	macro
    21                           	btfss	3,0
    22  0000                     	endm
    23                           skipz	macro
    24                           	btfss	3,2
    25  0000                     	endm
    26                           skipnc	macro
    27                           	btfsc	3,0
    28  0000                     	endm
    29                           skipnz	macro
    30                           	btfsc	3,2
    31  0000                     	endm
    32  0000                     indf	equ	0
    33  0000                     indf0	equ	0
    34  0002                     pc	equ	2
    35  0002                     pcl	equ	2
    36  0003                     status	equ	3
    37  0004                     fsr	equ	4
    38  0004                     fsr0	equ	4
    39  0001                     c	equ	1
    40  0000                     z	equ	0
    41  000A                     pclath	equ	10
    42                           # 2 "C:\Users\Lenovo\Desktop\PIC\TASK\35.SET__POINT_LCD\SET_POINT_LCD.c"
    43                           	psect config,class=CONFIG,delta=2 ;#
    44                           # 2 "C:\Users\Lenovo\Desktop\PIC\TASK\35.SET__POINT_LCD\SET_POINT_LCD.c"
    45  2007  3F72               	dw 0x3F72 ;#
    46                           	FNCALL	_main,_initial
    47                           	FNCALL	_main,_command
    48                           	FNCALL	_main,_data
    49                           	FNCALL	_initial,_command
    50                           	FNROOT	_main
    51                           	global	_PORTB
    52                           psect	text78,local,class=CODE,delta=2
    53                           global __ptext78
    54  0000                     __ptext78:
    55  0006                     _PORTB	set	6
    56                           	global	_PORTD
    57  0008                     _PORTD	set	8
    58                           	global	_RC0
    59  0038                     _RC0	set	56
    60                           	global	_RC1
    61  0039                     _RC1	set	57
    62                           	global	_RC2
    63  003A                     _RC2	set	58
    64                           	global	_TRISB
    65  0086                     _TRISB	set	134
    66                           	global	_TRISC
    67  0087                     _TRISC	set	135
    68                           	global	_TRISD
    69  0088                     _TRISD	set	136
    70                           	file	"SET_POINT_LCD.as"
    71                           	line	#
    72                           psect cinit,class=CODE,delta=2
    73                           global start_initialization
    74  068C                     start_initialization:
    75                           
    76                           psect cinit,class=CODE,delta=2
    77                           global end_of_initialization
    78                           
    79                           ;End of C runtime variable initialization code
    80                           
    81  068C                     end_of_initialization:
    82  068C  0183               clrf status
    83  068D  120A  118A  2ECF   ljmp _main	;jump to C main() function
    84                           psect	cstackCOMMON,class=COMMON,space=1
    85                           global __pcstackCOMMON
    86  0070                     __pcstackCOMMON:
    87                           	global	?_command
    88  0070                     ?_command:	; 0 bytes @ 0x0
    89                           	global	??_command
    90  0070                     ??_command:	; 0 bytes @ 0x0
    91                           	global	?_data
    92  0070                     ?_data:	; 0 bytes @ 0x0
    93                           	global	??_data
    94  0070                     ??_data:	; 0 bytes @ 0x0
    95                           	global	?_initial
    96  0070                     ?_initial:	; 0 bytes @ 0x0
    97                           	global	?_main
    98  0070                     ?_main:	; 0 bytes @ 0x0
    99  0070                     	ds	1
   100                           	global	command@y
   101  0071                     command@y:	; 1 bytes @ 0x1
   102                           	global	data@z
   103  0071                     data@z:	; 1 bytes @ 0x1
   104  0071                     	ds	1
   105                           	global	??_initial
   106  0072                     ??_initial:	; 0 bytes @ 0x2
   107                           	global	??_main
   108  0072                     ??_main:	; 0 bytes @ 0x2
   109  0072                     	ds	2
   110                           	global	main@count
   111  0074                     main@count:	; 2 bytes @ 0x4
   112  0074                     	ds	2
   113                           	global	main@i
   114  0076                     main@i:	; 2 bytes @ 0x6
   115  0076                     	ds	2
   116                           	global	main@j
   117  0078                     main@j:	; 2 bytes @ 0x8
   118  0078                     	ds	2
   119                           	global	main@k
   120  007A                     main@k:	; 2 bytes @ 0xA
   121  007A                     	ds	2
   122                           	global	main@l
   123  007C                     main@l:	; 2 bytes @ 0xC
   124  007C                     	ds	2
   125 ;;Data sizes: Strings 0, constant 0, data 0, bss 0, persistent 0 stack 0
   126 ;;Auto spaces:   Size  Autos    Used
   127 ;; COMMON          14     14      14
   128 ;; BANK0           80      0       0
   129 ;; BANK1           80      0       0
   130 ;; BANK3           96      0       0
   131 ;; BANK2           96      0       0
   132                           
   133 ;;
   134 ;; Pointer list with targets:
   135                           
   136                           
   137                           
   138 ;;
   139 ;; Critical Paths under _main in COMMON
   140 ;;
   141 ;;   _main->_command
   142 ;;   _main->_data
   143 ;;   _initial->_command
   144 ;;
   145 ;; Critical Paths under _main in BANK0
   146 ;;
   147 ;;   None.
   148 ;;
   149 ;; Critical Paths under _main in BANK1
   150 ;;
   151 ;;   None.
   152 ;;
   153 ;; Critical Paths under _main in BANK3
   154 ;;
   155 ;;   None.
   156 ;;
   157 ;; Critical Paths under _main in BANK2
   158 ;;
   159 ;;   None.
   160                           
   161 ;;
   162 ;;Main: autosize = 0, tempsize = 2, incstack = 0, save=0
   163 ;;
   164                           
   165 ;;
   166 ;;Call Graph Tables:
   167 ;;
   168 ;; ---------------------------------------------------------------------------------
   169 ;; (Depth) Function   	        Calls       Base Space   Used Autos Params    Refs
   170 ;; ---------------------------------------------------------------------------------
   171 ;; (0) _main                                                12    12      0     255
   172 ;;                                              2 COMMON    12    12      0
   173 ;;                            _initial
   174 ;;                            _command
   175 ;;                               _data
   176 ;; ---------------------------------------------------------------------------------
   177 ;; (1) _initial                                              0     0      0      15
   178 ;;                            _command
   179 ;; ---------------------------------------------------------------------------------
   180 ;; (1) _data                                                 2     2      0      15
   181 ;;                                              0 COMMON     2     2      0
   182 ;; ---------------------------------------------------------------------------------
   183 ;; (1) _command                                              2     2      0      15
   184 ;;                                              0 COMMON     2     2      0
   185 ;; ---------------------------------------------------------------------------------
   186 ;; Estimated maximum stack depth 1
   187 ;; ---------------------------------------------------------------------------------
   188                           
   189 ;; Call Graph Graphs:
   190                           
   191 ;; _main (ROOT)
   192 ;;   _initial
   193 ;;     _command
   194 ;;   _command
   195 ;;   _data
   196 ;;
   197                           
   198 ;; Address spaces:
   199                           
   200 ;;Name               Size   Autos  Total    Cost      Usage
   201 ;;BITCOMMON            E      0       0       0        0.0%
   202 ;;EEDATA             100      0       0       0        0.0%
   203 ;;NULL                 0      0       0       0        0.0%
   204 ;;CODE                 0      0       0       0        0.0%
   205 ;;COMMON               E      E       E       1      100.0%
   206 ;;BITSFR0              0      0       0       1        0.0%
   207 ;;SFR0                 0      0       0       1        0.0%
   208 ;;BITSFR1              0      0       0       2        0.0%
   209 ;;SFR1                 0      0       0       2        0.0%
   210 ;;STACK                0      0       2       2        0.0%
   211 ;;ABS                  0      0       0       3        0.0%
   212 ;;BITBANK0            50      0       0       4        0.0%
   213 ;;BITSFR3              0      0       0       4        0.0%
   214 ;;SFR3                 0      0       0       4        0.0%
   215 ;;BANK0               50      0       0       5        0.0%
   216 ;;BITSFR2              0      0       0       5        0.0%
   217 ;;SFR2                 0      0       0       5        0.0%
   218 ;;BITBANK1            50      0       0       6        0.0%
   219 ;;BANK1               50      0       0       7        0.0%
   220 ;;BITBANK3            60      0       0       8        0.0%
   221 ;;BANK3               60      0       0       9        0.0%
   222 ;;BITBANK2            60      0       0      10        0.0%
   223 ;;BANK2               60      0       0      11        0.0%
   224 ;;DATA                 0      0       0      12        0.0%
   225                           
   226                           	global	_main
   227                           psect	maintext,global,class=CODE,delta=2
   228                           global __pmaintext
   229  06CF                     __pmaintext:
   230                           
   231 ;; *************** function _main *****************
   232 ;; Defined at:
   233 ;;		line 34 in file "C:\Users\Lenovo\Desktop\PIC\TASK\35.SET__POINT_LCD\SET_POINT_LCD.c"
   234 ;; Parameters:    Size  Location     Type
   235 ;;		None
   236 ;; Auto vars:     Size  Location     Type
   237 ;;  l               2   12[COMMON] int 
   238 ;;  k               2   10[COMMON] int 
   239 ;;  j               2    8[COMMON] int 
   240 ;;  i               2    6[COMMON] int 
   241 ;;  count           2    4[COMMON] int 
   242 ;; Return value:  Size  Location     Type
   243 ;;		None               void
   244 ;; Registers used:
   245 ;;		wreg, status,2, status,0, btemp+0, pclath, cstack
   246 ;; Tracked objects:
   247 ;;		On entry : 17F/0
   248 ;;		On exit  : 0/0
   249 ;;		Unchanged: 0/0
   250 ;; Data sizes:     COMMON   BANK0   BANK1   BANK3   BANK2
   251 ;;      Params:         0       0       0       0       0
   252 ;;      Locals:        10       0       0       0       0
   253 ;;      Temps:          2       0       0       0       0
   254 ;;      Totals:        12       0       0       0       0
   255 ;;Total ram usage:       12 bytes
   256 ;; Hardware stack levels required when called:    2
   257 ;; This function calls:
   258 ;;		_initial
   259 ;;		_command
   260 ;;		_data
   261 ;; This function is called by:
   262 ;;		Startup code after reset
   263 ;; This function uses a non-reentrant model
   264 ;;
   265                           psect	maintext
   266                           	file	"C:\Users\Lenovo\Desktop\PIC\TASK\35.SET__POINT_LCD\SET_POINT_LCD.c"
   267                           	line	34
   268                           	global	__size_of_main
   269  0131                     	__size_of_main	equ	__end_of_main-_main
   270                           	
   271  06CF                     _main:	
   272                           	opt	stack 8
   273                           ; Regs used in _main: [wreg+status,2-btemp+0+pclath+cstack]
   274                           	line	35
   275                           	
   276  06CF                     l1757:	
   277                           ;SET_POINT_LCD.c: 35: TRISC=0X00;
   278  06CF  1683               	bsf	status, 5	;RP0=1, select bank1
   279  06D0  1303               	bcf	status, 6	;RP1=0, select bank1
   280  06D1  0187               	clrf	(135)^080h	;volatile
   281                           	line	36
   282                           ;SET_POINT_LCD.c: 36: TRISD=0X00;
   283  06D2  0188               	clrf	(136)^080h	;volatile
   284                           	line	37
   285                           ;SET_POINT_LCD.c: 37: TRISB=0X00;
   286  06D3  0186               	clrf	(134)^080h	;volatile
   287                           	line	38
   288                           ;SET_POINT_LCD.c: 38: PORTB=0X00;
   289  06D4  1283               	bcf	status, 5	;RP0=0, select bank0
   290  06D5  1303               	bcf	status, 6	;RP1=0, select bank0
   291  06D6  0186               	clrf	(6)	;volatile
   292                           	line	39
   293                           	
   294  06D7                     l1759:	
   295                           ;SET_POINT_LCD.c: 39: int count=0;
   296  06D7  3000               	movlw	low(0)
   297  06D8  00F4               	movwf	(main@count)
   298  06D9  3000               	movlw	high(0)
   299  06DA  00F5               	movwf	((main@count))+1
   300                           	line	40
   301                           	
   302  06DB                     l1761:	
   303                           ;SET_POINT_LCD.c: 40: initial();
   304  06DB  120A  118A  26B6   	fcall	_initial
              120A  118A         
   305                           	line	41
   306                           	
   307  06E0                     l1763:	
   308                           ;SET_POINT_LCD.c: 41: for(int i=0;i<=9;i++)
   309  06E0  3000               	movlw	low(0)
   310  06E1  00F6               	movwf	(main@i)
   311  06E2  3000               	movlw	high(0)
   312  06E3  00F7               	movwf	((main@i))+1
   313                           	
   314  06E4                     l1765:	
   315  06E4  0877               	movf	(main@i+1),w
   316  06E5  3A80               	xorlw	80h
   317  06E6  00FE               	movwf	btemp+0
   318  06E7  3080               	movlw	(high(0Ah))^80h
   319  06E8  027E               	subwf	btemp+0,w
   320  06E9  1D03               	skipz
   321  06EA  2EED               	goto	u2145
   322  06EB  300A               	movlw	low(0Ah)
   323  06EC  0276               	subwf	(main@i),w
   324  06ED                     u2145:
   325                           
   326  06ED  1C03               	skipc
   327  06EE  2EF0               	goto	u2141
   328  06EF  2EF1               	goto	u2140
   329  06F0                     u2141:
   330  06F0  2EF2               	goto	l570
   331  06F1                     u2140:
   332                           	
   333  06F1                     l1767:	
   334  06F1  2FFD               	goto	l571
   335                           	line	42
   336                           	
   337  06F2                     l570:	
   338                           	line	43
   339                           	
   340  06F2                     l1769:	
   341                           ;SET_POINT_LCD.c: 42: {
   342                           ;SET_POINT_LCD.c: 43: for(int j=0;j<=9;j++)
   343  06F2  3000               	movlw	low(0)
   344  06F3  00F8               	movwf	(main@j)
   345  06F4  3000               	movlw	high(0)
   346  06F5  00F9               	movwf	((main@j))+1
   347                           	
   348  06F6                     l1771:	
   349  06F6  0879               	movf	(main@j+1),w
   350  06F7  3A80               	xorlw	80h
   351  06F8  00FE               	movwf	btemp+0
   352  06F9  3080               	movlw	(high(0Ah))^80h
   353  06FA  027E               	subwf	btemp+0,w
   354  06FB  1D03               	skipz
   355  06FC  2EFF               	goto	u2155
   356  06FD  300A               	movlw	low(0Ah)
   357  06FE  0278               	subwf	(main@j),w
   358  06FF                     u2155:
   359                           
   360  06FF  1C03               	skipc
   361  0700  2F02               	goto	u2151
   362  0701  2F03               	goto	u2150
   363  0702                     u2151:
   364  0702  2F04               	goto	l572
   365  0703                     u2150:
   366                           	
   367  0703                     l1773:	
   368  0703  2FEA               	goto	l573
   369                           	line	44
   370                           	
   371  0704                     l572:	
   372                           	line	45
   373                           	
   374  0704                     l1775:	
   375                           ;SET_POINT_LCD.c: 44: {
   376                           ;SET_POINT_LCD.c: 45: for(int k=0;k<=9;k++)
   377  0704  3000               	movlw	low(0)
   378  0705  00FA               	movwf	(main@k)
   379  0706  3000               	movlw	high(0)
   380  0707  00FB               	movwf	((main@k))+1
   381                           	
   382  0708                     l1777:	
   383  0708  087B               	movf	(main@k+1),w
   384  0709  3A80               	xorlw	80h
   385  070A  00FE               	movwf	btemp+0
   386  070B  3080               	movlw	(high(0Ah))^80h
   387  070C  027E               	subwf	btemp+0,w
   388  070D  1D03               	skipz
   389  070E  2F11               	goto	u2165
   390  070F  300A               	movlw	low(0Ah)
   391  0710  027A               	subwf	(main@k),w
   392  0711                     u2165:
   393                           
   394  0711  1C03               	skipc
   395  0712  2F14               	goto	u2161
   396  0713  2F15               	goto	u2160
   397  0714                     u2161:
   398  0714  2F16               	goto	l574
   399  0715                     u2160:
   400                           	
   401  0715                     l1779:	
   402  0715  2FD7               	goto	l575
   403                           	line	46
   404                           	
   405  0716                     l574:	
   406                           	line	47
   407                           	
   408  0716                     l1781:	
   409                           ;SET_POINT_LCD.c: 46: {
   410                           ;SET_POINT_LCD.c: 47: for(int l=0;l<=9;l++)
   411  0716  3000               	movlw	low(0)
   412  0717  00FC               	movwf	(main@l)
   413  0718  3000               	movlw	high(0)
   414  0719  00FD               	movwf	((main@l))+1
   415                           	
   416  071A                     l1783:	
   417  071A  087D               	movf	(main@l+1),w
   418  071B  3A80               	xorlw	80h
   419  071C  00FE               	movwf	btemp+0
   420  071D  3080               	movlw	(high(0Ah))^80h
   421  071E  027E               	subwf	btemp+0,w
   422  071F  1D03               	skipz
   423  0720  2F23               	goto	u2175
   424  0721  300A               	movlw	low(0Ah)
   425  0722  027C               	subwf	(main@l),w
   426  0723                     u2175:
   427                           
   428  0723  1C03               	skipc
   429  0724  2F26               	goto	u2171
   430  0725  2F27               	goto	u2170
   431  0726                     u2171:
   432  0726  2F28               	goto	l576
   433  0727                     u2170:
   434                           	
   435  0727                     l1785:	
   436  0727  2FC4               	goto	l577
   437                           	line	48
   438                           	
   439  0728                     l576:	
   440                           	line	49
   441                           	
   442  0728                     l1787:	
   443                           ;SET_POINT_LCD.c: 48: {
   444                           ;SET_POINT_LCD.c: 49: command(0xC0);
   445  0728  30C0               	movlw	(0C0h)
   446  0729  120A  118A  2690   	fcall	_command
              120A  118A         
   447                           	line	50
   448                           ;SET_POINT_LCD.c: 50: data(i+0x30);
   449  072E  0876               	movf	(main@i),w
   450  072F  3E30               	addlw	030h
   451  0730  120A  118A  26A3   	fcall	_data
              120A  118A         
   452                           	line	51
   453                           	
   454  0735                     l1789:	
   455                           ;SET_POINT_LCD.c: 51: _delay((unsigned long)((10)*(4000000/4000.0)));
   456                           	opt asmopt_off
   457  0735  300D               movlw	13
   458  0736  00F3               movwf	((??_main+0)+0+1),f
   459  0737  30FB               	movlw	251
   460  0738  00F2               movwf	((??_main+0)+0),f
   461  0739                     u2247:
   462  0739  0BF2               	decfsz	((??_main+0)+0),f
   463  073A  2F39               	goto	u2247
   464  073B  0BF3               	decfsz	((??_main+0)+0+1),f
   465  073C  2F39               	goto	u2247
   466  073D  2F3E               	nop2
   467                           opt asmopt_on
   468                           
   469                           	line	52
   470                           	
   471  073E                     l1791:	
   472                           ;SET_POINT_LCD.c: 52: command(0xC1);
   473  073E  30C1               	movlw	(0C1h)
   474  073F  120A  118A  2690   	fcall	_command
              120A  118A         
   475                           	line	53
   476                           	
   477  0744                     l1793:	
   478                           ;SET_POINT_LCD.c: 53: data(j+0x30);
   479  0744  0878               	movf	(main@j),w
   480  0745  3E30               	addlw	030h
   481  0746  120A  118A  26A3   	fcall	_data
              120A  118A         
   482                           	line	54
   483                           	
   484  074B                     l1795:	
   485                           ;SET_POINT_LCD.c: 54: _delay((unsigned long)((10)*(4000000/4000.0)));
   486                           	opt asmopt_off
   487  074B  300D               movlw	13
   488  074C  00F3               movwf	((??_main+0)+0+1),f
   489  074D  30FB               	movlw	251
   490  074E  00F2               movwf	((??_main+0)+0),f
   491  074F                     u2257:
   492  074F  0BF2               	decfsz	((??_main+0)+0),f
   493  0750  2F4F               	goto	u2257
   494  0751  0BF3               	decfsz	((??_main+0)+0+1),f
   495  0752  2F4F               	goto	u2257
   496  0753  2F54               	nop2
   497                           opt asmopt_on
   498                           
   499                           	line	55
   500                           ;SET_POINT_LCD.c: 55: command(0xC2);
   501  0754  30C2               	movlw	(0C2h)
   502  0755  120A  118A  2690   	fcall	_command
              120A  118A         
   503                           	line	56
   504                           ;SET_POINT_LCD.c: 56: data(k+0x30);
   505  075A  087A               	movf	(main@k),w
   506  075B  3E30               	addlw	030h
   507  075C  120A  118A  26A3   	fcall	_data
              120A  118A         
   508                           	line	57
   509                           	
   510  0761                     l1797:	
   511                           ;SET_POINT_LCD.c: 57: _delay((unsigned long)((10)*(4000000/4000.0)));
   512                           	opt asmopt_off
   513  0761  300D               movlw	13
   514  0762  00F3               movwf	((??_main+0)+0+1),f
   515  0763  30FB               	movlw	251
   516  0764  00F2               movwf	((??_main+0)+0),f
   517  0765                     u2267:
   518  0765  0BF2               	decfsz	((??_main+0)+0),f
   519  0766  2F65               	goto	u2267
   520  0767  0BF3               	decfsz	((??_main+0)+0+1),f
   521  0768  2F65               	goto	u2267
   522  0769  2F6A               	nop2
   523                           opt asmopt_on
   524                           
   525                           	line	58
   526                           	
   527  076A                     l1799:	
   528                           ;SET_POINT_LCD.c: 58: command(0xC3);
   529  076A  30C3               	movlw	(0C3h)
   530  076B  120A  118A  2690   	fcall	_command
              120A  118A         
   531                           	line	59
   532                           	
   533  0770                     l1801:	
   534                           ;SET_POINT_LCD.c: 59: data(l+0x30);
   535  0770  087C               	movf	(main@l),w
   536  0771  3E30               	addlw	030h
   537  0772  120A  118A  26A3   	fcall	_data
              120A  118A         
   538                           	line	60
   539                           	
   540  0777                     l1803:	
   541                           ;SET_POINT_LCD.c: 60: _delay((unsigned long)((10)*(4000000/4000.0)));
   542                           	opt asmopt_off
   543  0777  300D               movlw	13
   544  0778  00F3               movwf	((??_main+0)+0+1),f
   545  0779  30FB               	movlw	251
   546  077A  00F2               movwf	((??_main+0)+0),f
   547  077B                     u2277:
   548  077B  0BF2               	decfsz	((??_main+0)+0),f
   549  077C  2F7B               	goto	u2277
   550  077D  0BF3               	decfsz	((??_main+0)+0+1),f
   551  077E  2F7B               	goto	u2277
   552  077F  2F80               	nop2
   553                           opt asmopt_on
   554                           
   555                           	line	61
   556                           	
   557  0780                     l1805:	
   558                           ;SET_POINT_LCD.c: 61: count++;
   559  0780  3001               	movlw	low(01h)
   560  0781  07F4               	addwf	(main@count),f
   561  0782  1803               	skipnc
   562  0783  0AF5               	incf	(main@count+1),f
   563  0784  3000               	movlw	high(01h)
   564  0785  07F5               	addwf	(main@count+1),f
   565                           	line	62
   566                           	
   567  0786                     l1807:	
   568                           ;SET_POINT_LCD.c: 62: if(count>=200 && count<=300)
   569  0786  0875               	movf	(main@count+1),w
   570  0787  3A80               	xorlw	80h
   571  0788  00FE               	movwf	btemp+0
   572  0789  3080               	movlw	(high(0C8h))^80h
   573  078A  027E               	subwf	btemp+0,w
   574  078B  1D03               	skipz
   575  078C  2F8F               	goto	u2185
   576  078D  30C8               	movlw	low(0C8h)
   577  078E  0274               	subwf	(main@count),w
   578  078F                     u2185:
   579                           
   580  078F  1C03               	skipc
   581  0790  2F92               	goto	u2181
   582  0791  2F93               	goto	u2180
   583  0792                     u2181:
   584  0792  2FAE               	goto	l578
   585  0793                     u2180:
   586                           	
   587  0793                     l1809:	
   588  0793  0875               	movf	(main@count+1),w
   589  0794  3A80               	xorlw	80h
   590  0795  00FE               	movwf	btemp+0
   591  0796  3081               	movlw	(high(012Dh))^80h
   592  0797  027E               	subwf	btemp+0,w
   593  0798  1D03               	skipz
   594  0799  2F9C               	goto	u2195
   595  079A  302D               	movlw	low(012Dh)
   596  079B  0274               	subwf	(main@count),w
   597  079C                     u2195:
   598                           
   599  079C  1803               	skipnc
   600  079D  2F9F               	goto	u2191
   601  079E  2FA0               	goto	u2190
   602  079F                     u2191:
   603  079F  2FAE               	goto	l578
   604  07A0                     u2190:
   605                           	line	64
   606                           	
   607  07A0                     l1811:	
   608                           ;SET_POINT_LCD.c: 63: {
   609                           ;SET_POINT_LCD.c: 64: PORTB=0X01;
   610  07A0  3001               	movlw	(01h)
   611  07A1  1283               	bcf	status, 5	;RP0=0, select bank0
   612  07A2  1303               	bcf	status, 6	;RP1=0, select bank0
   613  07A3  0086               	movwf	(6)	;volatile
   614                           	line	65
   615                           ;SET_POINT_LCD.c: 65: _delay((unsigned long)((10)*(4000000/4000.0)));
   616                           	opt asmopt_off
   617  07A4  300D               movlw	13
   618  07A5  00F3               movwf	((??_main+0)+0+1),f
   619  07A6  30FB               	movlw	251
   620  07A7  00F2               movwf	((??_main+0)+0),f
   621  07A8                     u2287:
   622  07A8  0BF2               	decfsz	((??_main+0)+0),f
   623  07A9  2FA8               	goto	u2287
   624  07AA  0BF3               	decfsz	((??_main+0)+0+1),f
   625  07AB  2FA8               	goto	u2287
   626  07AC  2FAD               	nop2
   627                           opt asmopt_on
   628                           
   629                           	line	66
   630                           ;SET_POINT_LCD.c: 66: }
   631  07AD  2FB1               	goto	l579
   632                           	line	67
   633                           	
   634  07AE                     l578:	
   635                           	line	68
   636                           	
   637  07AE                     l1813:	
   638                           ;SET_POINT_LCD.c: 67: else
   639                           ;SET_POINT_LCD.c: 68: {PORTB=0X00;
   640  07AE  1283               	bcf	status, 5	;RP0=0, select bank0
   641  07AF  1303               	bcf	status, 6	;RP1=0, select bank0
   642  07B0  0186               	clrf	(6)	;volatile
   643                           	line	69
   644                           	
   645  07B1                     l579:	
   646                           	line	47
   647                           	
   648  07B1                     l1815:	
   649  07B1  3001               	movlw	low(01h)
   650  07B2  07FC               	addwf	(main@l),f
   651  07B3  1803               	skipnc
   652  07B4  0AFD               	incf	(main@l+1),f
   653  07B5  3000               	movlw	high(01h)
   654  07B6  07FD               	addwf	(main@l+1),f
   655                           	
   656  07B7                     l1817:	
   657  07B7  087D               	movf	(main@l+1),w
   658  07B8  3A80               	xorlw	80h
   659  07B9  00FE               	movwf	btemp+0
   660  07BA  3080               	movlw	(high(0Ah))^80h
   661  07BB  027E               	subwf	btemp+0,w
   662  07BC  1D03               	skipz
   663  07BD  2FC0               	goto	u2205
   664  07BE  300A               	movlw	low(0Ah)
   665  07BF  027C               	subwf	(main@l),w
   666  07C0                     u2205:
   667                           
   668  07C0  1C03               	skipc
   669  07C1  2FC3               	goto	u2201
   670  07C2  2FC4               	goto	u2200
   671  07C3                     u2201:
   672  07C3  2F28               	goto	l576
   673  07C4                     u2200:
   674                           	
   675  07C4                     l577:	
   676                           	line	45
   677                           	
   678  07C4                     l1819:	
   679  07C4  3001               	movlw	low(01h)
   680  07C5  07FA               	addwf	(main@k),f
   681  07C6  1803               	skipnc
   682  07C7  0AFB               	incf	(main@k+1),f
   683  07C8  3000               	movlw	high(01h)
   684  07C9  07FB               	addwf	(main@k+1),f
   685                           	
   686  07CA                     l1821:	
   687  07CA  087B               	movf	(main@k+1),w
   688  07CB  3A80               	xorlw	80h
   689  07CC  00FE               	movwf	btemp+0
   690  07CD  3080               	movlw	(high(0Ah))^80h
   691  07CE  027E               	subwf	btemp+0,w
   692  07CF  1D03               	skipz
   693  07D0  2FD3               	goto	u2215
   694  07D1  300A               	movlw	low(0Ah)
   695  07D2  027A               	subwf	(main@k),w
   696  07D3                     u2215:
   697                           
   698  07D3  1C03               	skipc
   699  07D4  2FD6               	goto	u2211
   700  07D5  2FD7               	goto	u2210
   701  07D6                     u2211:
   702  07D6  2F16               	goto	l574
   703  07D7                     u2210:
   704                           	
   705  07D7                     l575:	
   706                           	line	43
   707                           	
   708  07D7                     l1823:	
   709  07D7  3001               	movlw	low(01h)
   710  07D8  07F8               	addwf	(main@j),f
   711  07D9  1803               	skipnc
   712  07DA  0AF9               	incf	(main@j+1),f
   713  07DB  3000               	movlw	high(01h)
   714  07DC  07F9               	addwf	(main@j+1),f
   715                           	
   716  07DD                     l1825:	
   717  07DD  0879               	movf	(main@j+1),w
   718  07DE  3A80               	xorlw	80h
   719  07DF  00FE               	movwf	btemp+0
   720  07E0  3080               	movlw	(high(0Ah))^80h
   721  07E1  027E               	subwf	btemp+0,w
   722  07E2  1D03               	skipz
   723  07E3  2FE6               	goto	u2225
   724  07E4  300A               	movlw	low(0Ah)
   725  07E5  0278               	subwf	(main@j),w
   726  07E6                     u2225:
   727                           
   728  07E6  1C03               	skipc
   729  07E7  2FE9               	goto	u2221
   730  07E8  2FEA               	goto	u2220
   731  07E9                     u2221:
   732  07E9  2F04               	goto	l572
   733  07EA                     u2220:
   734                           	
   735  07EA                     l573:	
   736                           	line	41
   737                           	
   738  07EA                     l1827:	
   739  07EA  3001               	movlw	low(01h)
   740  07EB  07F6               	addwf	(main@i),f
   741  07EC  1803               	skipnc
   742  07ED  0AF7               	incf	(main@i+1),f
   743  07EE  3000               	movlw	high(01h)
   744  07EF  07F7               	addwf	(main@i+1),f
   745                           	
   746  07F0                     l1829:	
   747  07F0  0877               	movf	(main@i+1),w
   748  07F1  3A80               	xorlw	80h
   749  07F2  00FE               	movwf	btemp+0
   750  07F3  3080               	movlw	(high(0Ah))^80h
   751  07F4  027E               	subwf	btemp+0,w
   752  07F5  1D03               	skipz
   753  07F6  2FF9               	goto	u2235
   754  07F7  300A               	movlw	low(0Ah)
   755  07F8  0276               	subwf	(main@i),w
   756  07F9                     u2235:
   757                           
   758  07F9  1C03               	skipc
   759  07FA  2FFC               	goto	u2231
   760  07FB  2FFD               	goto	u2230
   761  07FC                     u2231:
   762  07FC  2EF2               	goto	l570
   763  07FD                     u2230:
   764                           	
   765  07FD                     l571:	
   766                           	line	75
   767                           	
   768  07FD                     l580:	
   769                           	global	start
   770  07FD  120A  118A  2800   	ljmp	start
   771                           	opt stack 0
   772                           GLOBAL	__end_of_main
   773  0800                     	__end_of_main:
   774 ;; =============== function _main ends ============
   775                           
   776                           	signat	_main,88
   777                           	global	_initial
   778                           psect	text79,local,class=CODE,delta=2
   779                           global __ptext79
   780  06B6                     __ptext79:
   781                           
   782 ;; *************** function _initial *****************
   783 ;; Defined at:
   784 ;;		line 27 in file "C:\Users\Lenovo\Desktop\PIC\TASK\35.SET__POINT_LCD\SET_POINT_LCD.c"
   785 ;; Parameters:    Size  Location     Type
   786 ;;		None
   787 ;; Auto vars:     Size  Location     Type
   788 ;;		None
   789 ;; Return value:  Size  Location     Type
   790 ;;		None               void
   791 ;; Registers used:
   792 ;;		wreg, status,2, status,0, pclath, cstack
   793 ;; Tracked objects:
   794 ;;		On entry : 0/0
   795 ;;		On exit  : 0/0
   796 ;;		Unchanged: 0/0
   797 ;; Data sizes:     COMMON   BANK0   BANK1   BANK3   BANK2
   798 ;;      Params:         0       0       0       0       0
   799 ;;      Locals:         0       0       0       0       0
   800 ;;      Temps:          0       0       0       0       0
   801 ;;      Totals:         0       0       0       0       0
   802 ;;Total ram usage:        0 bytes
   803 ;; Hardware stack levels used:    1
   804 ;; Hardware stack levels required when called:    1
   805 ;; This function calls:
   806 ;;		_command
   807 ;; This function is called by:
   808 ;;		_main
   809 ;; This function uses a non-reentrant model
   810 ;;
   811                           psect	text79
   812                           	file	"C:\Users\Lenovo\Desktop\PIC\TASK\35.SET__POINT_LCD\SET_POINT_LCD.c"
   813                           	line	27
   814                           	global	__size_of_initial
   815  0019                     	__size_of_initial	equ	__end_of_initial-_initial
   816                           	
   817  06B6                     _initial:	
   818                           	opt	stack 7
   819                           ; Regs used in _initial: [wreg+status,2+status,0+pclath+cstack]
   820                           	line	28
   821                           	
   822  06B6                     l1755:	
   823                           ;SET_POINT_LCD.c: 28: command(0x38);
   824  06B6  3038               	movlw	(038h)
   825  06B7  120A  118A  2690   	fcall	_command
              120A  118A         
   826                           	line	29
   827                           ;SET_POINT_LCD.c: 29: command(0x01);
   828  06BC  3001               	movlw	(01h)
   829  06BD  120A  118A  2690   	fcall	_command
              120A  118A         
   830                           	line	30
   831                           ;SET_POINT_LCD.c: 30: command(0x06);
   832  06C2  3006               	movlw	(06h)
   833  06C3  120A  118A  2690   	fcall	_command
              120A  118A         
   834                           	line	31
   835                           ;SET_POINT_LCD.c: 31: command(0x0C);
   836  06C8  300C               	movlw	(0Ch)
   837  06C9  120A  118A  2690   	fcall	_command
              120A  118A         
   838                           	line	32
   839                           	
   840  06CE                     l567:	
   841  06CE  0008               	return
   842                           	opt stack 0
   843                           GLOBAL	__end_of_initial
   844  06CF                     	__end_of_initial:
   845 ;; =============== function _initial ends ============
   846                           
   847                           	signat	_initial,88
   848                           	global	_data
   849                           psect	text80,local,class=CODE,delta=2
   850                           global __ptext80
   851  06A3                     __ptext80:
   852                           
   853 ;; *************** function _data *****************
   854 ;; Defined at:
   855 ;;		line 19 in file "C:\Users\Lenovo\Desktop\PIC\TASK\35.SET__POINT_LCD\SET_POINT_LCD.c"
   856 ;; Parameters:    Size  Location     Type
   857 ;;  z               1    wreg     unsigned char 
   858 ;; Auto vars:     Size  Location     Type
   859 ;;  z               1    1[COMMON] unsigned char 
   860 ;; Return value:  Size  Location     Type
   861 ;;		None               void
   862 ;; Registers used:
   863 ;;		wreg
   864 ;; Tracked objects:
   865 ;;		On entry : 0/0
   866 ;;		On exit  : 0/0
   867 ;;		Unchanged: 0/0
   868 ;; Data sizes:     COMMON   BANK0   BANK1   BANK3   BANK2
   869 ;;      Params:         0       0       0       0       0
   870 ;;      Locals:         1       0       0       0       0
   871 ;;      Temps:          1       0       0       0       0
   872 ;;      Totals:         2       0       0       0       0
   873 ;;Total ram usage:        2 bytes
   874 ;; Hardware stack levels used:    1
   875 ;; This function calls:
   876 ;;		Nothing
   877 ;; This function is called by:
   878 ;;		_main
   879 ;; This function uses a non-reentrant model
   880 ;;
   881                           psect	text80
   882                           	file	"C:\Users\Lenovo\Desktop\PIC\TASK\35.SET__POINT_LCD\SET_POINT_LCD.c"
   883                           	line	19
   884                           	global	__size_of_data
   885  0013                     	__size_of_data	equ	__end_of_data-_data
   886                           	
   887  06A3                     _data:	
   888                           	opt	stack 7
   889                           ; Regs used in _data: [wreg]
   890                           ;data@z stored from wreg
   891  06A3  00F1               	movwf	(data@z)
   892                           	
   893  06A4                     l1745:	
   894  06A4  0871               	movf	(data@z),w
   895  06A5  1283               	bcf	status, 5	;RP0=0, select bank0
   896  06A6  1303               	bcf	status, 6	;RP1=0, select bank0
   897  06A7  0088               	movwf	(8)	;volatile
   898                           	line	20
   899                           	
   900  06A8                     l1747:	
   901                           ;SET_POINT_LCD.c: 20: RC0=1;
   902  06A8  1407               	bsf	(56/8),(56)&7
   903                           	line	21
   904                           	
   905  06A9                     l1749:	
   906                           ;SET_POINT_LCD.c: 21: RC1=0;
   907  06A9  1087               	bcf	(57/8),(57)&7
   908                           	line	22
   909                           	
   910  06AA                     l1751:	
   911                           ;SET_POINT_LCD.c: 22: RC2=1;
   912  06AA  1507               	bsf	(58/8),(58)&7
   913                           	line	23
   914                           ;SET_POINT_LCD.c: 23: _delay((unsigned long)((1)*(4000000/4000.0)));
   915                           	opt asmopt_off
   916  06AB  30F9               movlw	249
   917  06AC  00F0               movwf	(??_data+0)+0,f
   918  06AD                     u2297:
   919  06AD  0064               	clrwdt
   920  06AE  0BF0               decfsz	(??_data+0)+0,f
   921  06AF  2EAD               	goto	u2297
   922  06B0  2EB1               	nop2	;nop
   923  06B1  0064               	clrwdt
   924                           opt asmopt_on
   925                           
   926                           	line	24
   927                           	
   928  06B2                     l1753:	
   929                           ;SET_POINT_LCD.c: 24: RC2=0;
   930  06B2  1283               	bcf	status, 5	;RP0=0, select bank0
   931  06B3  1303               	bcf	status, 6	;RP1=0, select bank0
   932  06B4  1107               	bcf	(58/8),(58)&7
   933                           	line	25
   934                           	
   935  06B5                     l564:	
   936  06B5  0008               	return
   937                           	opt stack 0
   938                           GLOBAL	__end_of_data
   939  06B6                     	__end_of_data:
   940 ;; =============== function _data ends ============
   941                           
   942                           	signat	_data,4216
   943                           	global	_command
   944                           psect	text81,local,class=CODE,delta=2
   945                           global __ptext81
   946  0690                     __ptext81:
   947                           
   948 ;; *************** function _command *****************
   949 ;; Defined at:
   950 ;;		line 9 in file "C:\Users\Lenovo\Desktop\PIC\TASK\35.SET__POINT_LCD\SET_POINT_LCD.c"
   951 ;; Parameters:    Size  Location     Type
   952 ;;  y               1    wreg     unsigned char 
   953 ;; Auto vars:     Size  Location     Type
   954 ;;  y               1    1[COMMON] unsigned char 
   955 ;; Return value:  Size  Location     Type
   956 ;;		None               void
   957 ;; Registers used:
   958 ;;		wreg
   959 ;; Tracked objects:
   960 ;;		On entry : 0/0
   961 ;;		On exit  : 0/0
   962 ;;		Unchanged: 0/0
   963 ;; Data sizes:     COMMON   BANK0   BANK1   BANK3   BANK2
   964 ;;      Params:         0       0       0       0       0
   965 ;;      Locals:         1       0       0       0       0
   966 ;;      Temps:          1       0       0       0       0
   967 ;;      Totals:         2       0       0       0       0
   968 ;;Total ram usage:        2 bytes
   969 ;; Hardware stack levels used:    1
   970 ;; This function calls:
   971 ;;		Nothing
   972 ;; This function is called by:
   973 ;;		_initial
   974 ;;		_main
   975 ;; This function uses a non-reentrant model
   976 ;;
   977                           psect	text81
   978                           	file	"C:\Users\Lenovo\Desktop\PIC\TASK\35.SET__POINT_LCD\SET_POINT_LCD.c"
   979                           	line	9
   980                           	global	__size_of_command
   981  0013                     	__size_of_command	equ	__end_of_command-_command
   982                           	
   983  0690                     _command:	
   984                           	opt	stack 7
   985                           ; Regs used in _command: [wreg]
   986                           ;command@y stored from wreg
   987  0690  00F1               	movwf	(command@y)
   988                           	line	10
   989                           	
   990  0691                     l1735:	
   991                           ;SET_POINT_LCD.c: 10: PORTD=y;
   992  0691  0871               	movf	(command@y),w
   993  0692  1283               	bcf	status, 5	;RP0=0, select bank0
   994  0693  1303               	bcf	status, 6	;RP1=0, select bank0
   995  0694  0088               	movwf	(8)	;volatile
   996                           	line	11
   997                           	
   998  0695                     l1737:	
   999                           ;SET_POINT_LCD.c: 11: RC0=0;
  1000  0695  1007               	bcf	(56/8),(56)&7
  1001                           	line	12
  1002                           	
  1003  0696                     l1739:	
  1004                           ;SET_POINT_LCD.c: 12: RC1=0;
  1005  0696  1087               	bcf	(57/8),(57)&7
  1006                           	line	13
  1007                           	
  1008  0697                     l1741:	
  1009                           ;SET_POINT_LCD.c: 13: RC2=1;
  1010  0697  1507               	bsf	(58/8),(58)&7
  1011                           	line	14
  1012                           ;SET_POINT_LCD.c: 14: _delay((unsigned long)((1)*(4000000/4000.0)));
  1013                           	opt asmopt_off
  1014  0698  30F9               movlw	249
  1015  0699  00F0               movwf	(??_command+0)+0,f
  1016  069A                     u2307:
  1017  069A  0064               	clrwdt
  1018  069B  0BF0               decfsz	(??_command+0)+0,f
  1019  069C  2E9A               	goto	u2307
  1020  069D  2E9E               	nop2	;nop
  1021  069E  0064               	clrwdt
  1022                           opt asmopt_on
  1023                           
  1024                           	line	15
  1025                           	
  1026  069F                     l1743:	
  1027                           ;SET_POINT_LCD.c: 15: RC2=0;
  1028  069F  1283               	bcf	status, 5	;RP0=0, select bank0
  1029  06A0  1303               	bcf	status, 6	;RP1=0, select bank0
  1030  06A1  1107               	bcf	(58/8),(58)&7
  1031                           	line	16
  1032                           	
  1033  06A2                     l561:	
  1034  06A2  0008               	return
  1035                           	opt stack 0
  1036                           GLOBAL	__end_of_command
  1037  06A3                     	__end_of_command:
  1038 ;; =============== function _command ends ============
  1039                           
  1040                           	signat	_command,4216
  1041                           psect	text82,local,class=CODE,delta=2
  1042                           global __ptext82
  1043  0000                     __ptext82:
  1044                           	global	btemp
  1045  007E                     	btemp set 07Eh
  1046                           
  1047                           	DABS	1,126,2	;btemp
  1048                           	global	wtemp0
  1049  007E                     	wtemp0 set btemp


HI-TECH Software PICC Macro Assembler V9.71a build 6446 
Symbol Table                                                                                   Thu Dec 07 16:35:25 2023

                 l561 06A2                   l570 06F2                   l571 07FD                   l564 06B5  
                 l580 07FD                   l572 0704                   l573 07EA                   l574 0716  
                 l567 06CE                   l575 07D7                   l576 0728                   l577 07C4  
                 l578 07AE                   l579 07B1                   _RC0 0038                   _RC1 0039  
                 _RC2 003A                  l1801 0770                  l1811 07A0                  l1803 0777  
                l1741 0697                  l1821 07CA                  l1813 07AE                  l1805 0780  
                l1743 069F                  l1735 0691                  l1751 06AA                  l1823 07D7  
                l1815 07B1                  l1807 0786                  l1737 0695                  l1753 06B2  
                l1745 06A4                  l1825 07DD                  l1817 07B7                  l1809 0793  
                l1761 06DB                  l1739 0696                  l1747 06A8                  l1755 06B6  
                l1827 07EA                  l1819 07C4                  l1771 06F6                  l1763 06E0  
                l1749 06A9                  l1829 07F0                  l1781 0716                  l1773 0703  
                l1765 06E4                  l1757 06CF                  l1791 073E                  l1783 071A  
                l1775 0704                  l1767 06F1                  l1759 06D7                  l1793 0744  
                l1785 0727                  l1777 0708                  l1769 06F2                  l1795 074B  
                l1787 0728                  l1779 0715                  l1797 0761                  l1789 0735  
                l1799 076A                  u2200 07C4                  u2201 07C3                  u2210 07D7  
                u2211 07D6                  u2220 07EA                  u2140 06F1                  u2221 07E9  
                u2205 07C0                  u2141 06F0                  u2230 07FD                  u2150 0703  
                u2231 07FC                  u2215 07D3                  u2151 0702                  u2160 0715  
                u2225 07E6                  u2161 0714                  u2145 06ED                  u2170 0727  
                u2307 069A                  u2235 07F9                  u2171 0726                  u2155 06FF  
                u2180 0793                  u2181 0792                  u2165 0711                  u2190 07A0  
                u2191 079F                  u2247 0739                  u2175 0723                  u2185 078F  
                u2257 074F                  u2195 079C                  u2267 0765                  u2277 077B  
                u2287 07A8                  u2297 06AD                  _data 06A3                  _main 06CF  
                btemp 007E                  start 0000                 ?_data 0070                 ?_main 0070  
               _PORTB 0006                 _PORTD 0008                 _TRISB 0086                 _TRISC 0087  
               _TRISD 0088       __end_of_command 06A3                 data@z 0071       __end_of_initial 06CF  
               main@i 0076                 main@j 0078                 main@k 007A                 main@l 007C  
               status 0003                 wtemp0 007E          __end_of_data 06B6          __end_of_main 0800  
              ??_data 0070                ??_main 0072             ??_command 0070             ??_initial 0072  
      __pcstackCOMMON 0070            __pmaintext 06CF               _command 0690               _initial 06B6  
end_of_initialization 068C   start_initialization 068C              ?_command 0070              ?_initial 0070  
           main@count 0074      __size_of_command 0013      __size_of_initial 0019              __ptext80 06A3  
            __ptext81 0690              __ptext82 0000              __ptext78 0000              __ptext79 06B6  
       __size_of_data 0013         __size_of_main 0131              command@y 0071  
