

HI-TECH Software PIC LITE Macro Assembler V9.71a build 6446 
                                                                                               Tue Oct 17 10:57:24 2023

HI-TECH Software Omniscient Code Generator (Lite mode) build 6446
     1  0000                     opt subtitle "HI-TECH Software Omniscient Code Generator (Lite mode) build 6446"
     2                           
     3                           opt pagewidth 120
     4                           
     5                           	opt lm
     6                           
     7                           	processor	16F877A
     8                           clrc	macro
     9                           	bcf	3,0
    10  0000                     	endm
    11                           clrz	macro
    12                           	bcf	3,2
    13  0000                     	endm
    14                           setc	macro
    15                           	bsf	3,0
    16  0000                     	endm
    17                           setz	macro
    18                           	bsf	3,2
    19  0000                     	endm
    20                           skipc	macro
    21                           	btfss	3,0
    22  0000                     	endm
    23                           skipz	macro
    24                           	btfss	3,2
    25  0000                     	endm
    26                           skipnc	macro
    27                           	btfsc	3,0
    28  0000                     	endm
    29                           skipnz	macro
    30                           	btfsc	3,2
    31  0000                     	endm
    32  0000                     indf	equ	0
    33  0000                     indf0	equ	0
    34  0002                     pc	equ	2
    35  0002                     pcl	equ	2
    36  0003                     status	equ	3
    37  0004                     fsr	equ	4
    38  0004                     fsr0	equ	4
    39  0001                     c	equ	1
    40  0000                     z	equ	0
    41  000A                     pclath	equ	10
    42                           # 2 "C:\Users\Lenovo\Desktop\PIC\TASK\TRAFFIC_LIGHT\TRAFFIC_LIGHT.C"
    43                           	psect config,class=CONFIG,delta=2 ;#
    44                           # 2 "C:\Users\Lenovo\Desktop\PIC\TASK\TRAFFIC_LIGHT\TRAFFIC_LIGHT.C"
    45  2007  3F72               	dw 0x3F72 ;#
    46                           	FNROOT	_main
    47                           	global	_PORTB
    48                           psect	maintext,global,class=CODE,delta=2
    49                           global __pmaintext
    50  0769                     __pmaintext:
    51  0006                     _PORTB	set	6
    52                           	global	_PORTD
    53  0008                     _PORTD	set	8
    54                           	global	_TRISB
    55  0086                     _TRISB	set	134
    56                           	global	_TRISD
    57  0088                     _TRISD	set	136
    58                           	file	"TRAFFIC_LIGHT.as"
    59                           	line	#
    60                           psect cinit,class=CODE,delta=2
    61                           global start_initialization
    62  0765                     start_initialization:
    63                           
    64                           psect cinit,class=CODE,delta=2
    65                           global end_of_initialization
    66                           
    67                           ;End of C runtime variable initialization code
    68                           
    69  0765                     end_of_initialization:
    70  0765  0183               clrf status
    71  0766  120A  118A  2F69   ljmp _main	;jump to C main() function
    72                           psect	cstackCOMMON,class=COMMON,space=1
    73                           global __pcstackCOMMON
    74  0070                     __pcstackCOMMON:
    75                           	global	?_main
    76  0070                     ?_main:	; 0 bytes @ 0x0
    77                           	global	??_main
    78  0070                     ??_main:	; 0 bytes @ 0x0
    79  0070                     	ds	3
    80 ;;Data sizes: Strings 0, constant 0, data 0, bss 0, persistent 0 stack 0
    81 ;;Auto spaces:   Size  Autos    Used
    82 ;; COMMON          14      3       3
    83 ;; BANK0           80      0       0
    84 ;; BANK1           80      0       0
    85 ;; BANK3           96      0       0
    86 ;; BANK2           96      0       0
    87                           
    88 ;;
    89 ;; Pointer list with targets:
    90                           
    91                           
    92                           
    93 ;;
    94 ;; Critical Paths under _main in COMMON
    95 ;;
    96 ;;   None.
    97 ;;
    98 ;; Critical Paths under _main in BANK0
    99 ;;
   100 ;;   None.
   101 ;;
   102 ;; Critical Paths under _main in BANK1
   103 ;;
   104 ;;   None.
   105 ;;
   106 ;; Critical Paths under _main in BANK3
   107 ;;
   108 ;;   None.
   109 ;;
   110 ;; Critical Paths under _main in BANK2
   111 ;;
   112 ;;   None.
   113                           
   114 ;;
   115 ;;Main: autosize = 0, tempsize = 3, incstack = 0, save=0
   116 ;;
   117                           
   118 ;;
   119 ;;Call Graph Tables:
   120 ;;
   121 ;; ---------------------------------------------------------------------------------
   122 ;; (Depth) Function   	        Calls       Base Space   Used Autos Params    Refs
   123 ;; ---------------------------------------------------------------------------------
   124 ;; (0) _main                                                 3     3      0       0
   125 ;;                                              0 COMMON     3     3      0
   126 ;; ---------------------------------------------------------------------------------
   127 ;; Estimated maximum stack depth 0
   128 ;; ---------------------------------------------------------------------------------
   129                           
   130 ;; Call Graph Graphs:
   131                           
   132 ;; _main (ROOT)
   133 ;;
   134                           
   135 ;; Address spaces:
   136                           
   137 ;;Name               Size   Autos  Total    Cost      Usage
   138 ;;BITCOMMON            E      0       0       0        0.0%
   139 ;;EEDATA             100      0       0       0        0.0%
   140 ;;NULL                 0      0       0       0        0.0%
   141 ;;CODE                 0      0       0       0        0.0%
   142 ;;COMMON               E      3       3       1       21.4%
   143 ;;BITSFR0              0      0       0       1        0.0%
   144 ;;SFR0                 0      0       0       1        0.0%
   145 ;;BITSFR1              0      0       0       2        0.0%
   146 ;;SFR1                 0      0       0       2        0.0%
   147 ;;STACK                0      0       0       2        0.0%
   148 ;;ABS                  0      0       0       3        0.0%
   149 ;;BITBANK0            50      0       0       4        0.0%
   150 ;;BITSFR3              0      0       0       4        0.0%
   151 ;;SFR3                 0      0       0       4        0.0%
   152 ;;BANK0               50      0       0       5        0.0%
   153 ;;BITSFR2              0      0       0       5        0.0%
   154 ;;SFR2                 0      0       0       5        0.0%
   155 ;;BITBANK1            50      0       0       6        0.0%
   156 ;;BANK1               50      0       0       7        0.0%
   157 ;;BITBANK3            60      0       0       8        0.0%
   158 ;;BANK3               60      0       0       9        0.0%
   159 ;;BITBANK2            60      0       0      10        0.0%
   160 ;;BANK2               60      0       0      11        0.0%
   161 ;;DATA                 0      0       0      12        0.0%
   162                           
   163                           	global	_main
   164                           psect	maintext
   165                           
   166 ;; *************** function _main *****************
   167 ;; Defined at:
   168 ;;		line 5 in file "C:\Users\Lenovo\Desktop\PIC\TASK\TRAFFIC_LIGHT\TRAFFIC_LIGHT.C"
   169 ;; Parameters:    Size  Location     Type
   170 ;;		None
   171 ;; Auto vars:     Size  Location     Type
   172 ;;		None
   173 ;; Return value:  Size  Location     Type
   174 ;;		None               void
   175 ;; Registers used:
   176 ;;		wreg, status,2
   177 ;; Tracked objects:
   178 ;;		On entry : 17F/0
   179 ;;		On exit  : 0/0
   180 ;;		Unchanged: 0/0
   181 ;; Data sizes:     COMMON   BANK0   BANK1   BANK3   BANK2
   182 ;;      Params:         0       0       0       0       0
   183 ;;      Locals:         0       0       0       0       0
   184 ;;      Temps:          3       0       0       0       0
   185 ;;      Totals:         3       0       0       0       0
   186 ;;Total ram usage:        3 bytes
   187 ;; This function calls:
   188 ;;		Nothing
   189 ;; This function is called by:
   190 ;;		Startup code after reset
   191 ;; This function uses a non-reentrant model
   192 ;;
   193                           psect	maintext
   194                           	file	"C:\Users\Lenovo\Desktop\PIC\TASK\TRAFFIC_LIGHT\TRAFFIC_LIGHT.C"
   195                           	line	5
   196                           	global	__size_of_main
   197  0097                     	__size_of_main	equ	__end_of_main-_main
   198                           	
   199  0769                     _main:	
   200                           	opt	stack 8
   201                           ; Regs used in _main: [wreg+status,2]
   202                           	line	6
   203                           	
   204  0769                     l1716:	
   205                           ;TRAFFIC_LIGHT.C: 6: TRISB=0X00;
   206  0769  1683               	bsf	status, 5	;RP0=1, select bank1
   207  076A  1303               	bcf	status, 6	;RP1=0, select bank1
   208  076B  0186               	clrf	(134)^080h	;volatile
   209                           	line	7
   210                           ;TRAFFIC_LIGHT.C: 7: TRISD=0X00;
   211  076C  0188               	clrf	(136)^080h	;volatile
   212                           	line	8
   213                           	
   214  076D                     l1718:	
   215                           ;TRAFFIC_LIGHT.C: 8: PORTB=0X0E;
   216  076D  300E               	movlw	(0Eh)
   217  076E  1283               	bcf	status, 5	;RP0=0, select bank0
   218  076F  1303               	bcf	status, 6	;RP1=0, select bank0
   219  0770  0086               	movwf	(6)	;volatile
   220                           	line	9
   221                           	
   222  0771                     l1720:	
   223                           ;TRAFFIC_LIGHT.C: 9: PORTD=0X01;
   224  0771  3001               	movlw	(01h)
   225  0772  0088               	movwf	(8)	;volatile
   226                           	line	10
   227                           	
   228  0773                     l1722:	
   229                           ;TRAFFIC_LIGHT.C: 10: _delay((unsigned long)((3000)*(4000000/4000.0)));
   230                           	opt asmopt_off
   231  0773  3010               movlw  16
   232  0774  00F2               movwf	((??_main+0)+0+2),f
   233  0775  302A               movlw	42
   234  0776  00F1               movwf	((??_main+0)+0+1),f
   235  0777  3016               	movlw	22
   236  0778  00F0               movwf	((??_main+0)+0),f
   237  0779                     u2147:
   238  0779  0BF0               	decfsz	((??_main+0)+0),f
   239  077A  2F79               	goto	u2147
   240  077B  0BF1               	decfsz	((??_main+0)+0+1),f
   241  077C  2F79               	goto	u2147
   242  077D  0BF2               	decfsz	((??_main+0)+0+2),f
   243  077E  2F79               	goto	u2147
   244  077F  2F80               	nop2
   245                           opt asmopt_on
   246                           
   247                           	line	11
   248                           	
   249  0780                     l1724:	
   250                           ;TRAFFIC_LIGHT.C: 11: PORTB=0X1E;
   251  0780  301E               	movlw	(01Eh)
   252  0781  1283               	bcf	status, 5	;RP0=0, select bank0
   253  0782  1303               	bcf	status, 6	;RP1=0, select bank0
   254  0783  0086               	movwf	(6)	;volatile
   255                           	line	12
   256                           ;TRAFFIC_LIGHT.C: 12: PORTD=0X00;
   257  0784  0188               	clrf	(8)	;volatile
   258                           	line	13
   259                           	
   260  0785                     l1726:	
   261                           ;TRAFFIC_LIGHT.C: 13: _delay((unsigned long)((1000)*(4000000/4000.0)));
   262                           	opt asmopt_off
   263  0785  3006               movlw  6
   264  0786  00F2               movwf	((??_main+0)+0+2),f
   265  0787  300E               movlw	14
   266  0788  00F1               movwf	((??_main+0)+0+1),f
   267  0789  30B0               	movlw	176
   268  078A  00F0               movwf	((??_main+0)+0),f
   269  078B                     u2157:
   270  078B  0BF0               	decfsz	((??_main+0)+0),f
   271  078C  2F8B               	goto	u2157
   272  078D  0BF1               	decfsz	((??_main+0)+0+1),f
   273  078E  2F8B               	goto	u2157
   274  078F  0BF2               	decfsz	((??_main+0)+0+2),f
   275  0790  2F8B               	goto	u2157
   276                           opt asmopt_on
   277                           
   278                           	line	14
   279                           	
   280  0791                     l1728:	
   281                           ;TRAFFIC_LIGHT.C: 14: PORTB=0X0D;
   282  0791  300D               	movlw	(0Dh)
   283  0792  1283               	bcf	status, 5	;RP0=0, select bank0
   284  0793  1303               	bcf	status, 6	;RP1=0, select bank0
   285  0794  0086               	movwf	(6)	;volatile
   286                           	line	15
   287                           	
   288  0795                     l1730:	
   289                           ;TRAFFIC_LIGHT.C: 15: PORTD=0X02;
   290  0795  3002               	movlw	(02h)
   291  0796  0088               	movwf	(8)	;volatile
   292                           	line	16
   293                           	
   294  0797                     l1732:	
   295                           ;TRAFFIC_LIGHT.C: 16: _delay((unsigned long)((3000)*(4000000/4000.0)));
   296                           	opt asmopt_off
   297  0797  3010               movlw  16
   298  0798  00F2               movwf	((??_main+0)+0+2),f
   299  0799  302A               movlw	42
   300  079A  00F1               movwf	((??_main+0)+0+1),f
   301  079B  3016               	movlw	22
   302  079C  00F0               movwf	((??_main+0)+0),f
   303  079D                     u2167:
   304  079D  0BF0               	decfsz	((??_main+0)+0),f
   305  079E  2F9D               	goto	u2167
   306  079F  0BF1               	decfsz	((??_main+0)+0+1),f
   307  07A0  2F9D               	goto	u2167
   308  07A1  0BF2               	decfsz	((??_main+0)+0+2),f
   309  07A2  2F9D               	goto	u2167
   310  07A3  2FA4               	nop2
   311                           opt asmopt_on
   312                           
   313                           	line	17
   314                           	
   315  07A4                     l1734:	
   316                           ;TRAFFIC_LIGHT.C: 17: PORTB=0X2D;
   317  07A4  302D               	movlw	(02Dh)
   318  07A5  1283               	bcf	status, 5	;RP0=0, select bank0
   319  07A6  1303               	bcf	status, 6	;RP1=0, select bank0
   320  07A7  0086               	movwf	(6)	;volatile
   321                           	line	18
   322                           	
   323  07A8                     l1736:	
   324                           ;TRAFFIC_LIGHT.C: 18: PORTD=0X00;
   325  07A8  0188               	clrf	(8)	;volatile
   326                           	line	19
   327                           ;TRAFFIC_LIGHT.C: 19: _delay((unsigned long)((1000)*(4000000/4000.0)));
   328                           	opt asmopt_off
   329  07A9  3006               movlw  6
   330  07AA  00F2               movwf	((??_main+0)+0+2),f
   331  07AB  300E               movlw	14
   332  07AC  00F1               movwf	((??_main+0)+0+1),f
   333  07AD  30B0               	movlw	176
   334  07AE  00F0               movwf	((??_main+0)+0),f
   335  07AF                     u2177:
   336  07AF  0BF0               	decfsz	((??_main+0)+0),f
   337  07B0  2FAF               	goto	u2177
   338  07B1  0BF1               	decfsz	((??_main+0)+0+1),f
   339  07B2  2FAF               	goto	u2177
   340  07B3  0BF2               	decfsz	((??_main+0)+0+2),f
   341  07B4  2FAF               	goto	u2177
   342                           opt asmopt_on
   343                           
   344                           	line	20
   345                           ;TRAFFIC_LIGHT.C: 20: PORTB=0X0B;
   346  07B5  300B               	movlw	(0Bh)
   347  07B6  1283               	bcf	status, 5	;RP0=0, select bank0
   348  07B7  1303               	bcf	status, 6	;RP1=0, select bank0
   349  07B8  0086               	movwf	(6)	;volatile
   350                           	line	21
   351                           ;TRAFFIC_LIGHT.C: 21: PORTD=0X04;
   352  07B9  3004               	movlw	(04h)
   353  07BA  0088               	movwf	(8)	;volatile
   354                           	line	22
   355                           ;TRAFFIC_LIGHT.C: 22: _delay((unsigned long)((3000)*(4000000/4000.0)));
   356                           	opt asmopt_off
   357  07BB  3010               movlw  16
   358  07BC  00F2               movwf	((??_main+0)+0+2),f
   359  07BD  302A               movlw	42
   360  07BE  00F1               movwf	((??_main+0)+0+1),f
   361  07BF  3016               	movlw	22
   362  07C0  00F0               movwf	((??_main+0)+0),f
   363  07C1                     u2187:
   364  07C1  0BF0               	decfsz	((??_main+0)+0),f
   365  07C2  2FC1               	goto	u2187
   366  07C3  0BF1               	decfsz	((??_main+0)+0+1),f
   367  07C4  2FC1               	goto	u2187
   368  07C5  0BF2               	decfsz	((??_main+0)+0+2),f
   369  07C6  2FC1               	goto	u2187
   370  07C7  2FC8               	nop2
   371                           opt asmopt_on
   372                           
   373                           	line	23
   374                           ;TRAFFIC_LIGHT.C: 23: PORTB=0X4B;
   375  07C8  304B               	movlw	(04Bh)
   376  07C9  1283               	bcf	status, 5	;RP0=0, select bank0
   377  07CA  1303               	bcf	status, 6	;RP1=0, select bank0
   378  07CB  0086               	movwf	(6)	;volatile
   379                           	line	24
   380                           	
   381  07CC                     l1738:	
   382                           ;TRAFFIC_LIGHT.C: 24: PORTD=0X00;
   383  07CC  0188               	clrf	(8)	;volatile
   384                           	line	25
   385                           	
   386  07CD                     l1740:	
   387                           ;TRAFFIC_LIGHT.C: 25: _delay((unsigned long)((1000)*(4000000/4000.0)));
   388                           	opt asmopt_off
   389  07CD  3006               movlw  6
   390  07CE  00F2               movwf	((??_main+0)+0+2),f
   391  07CF  300E               movlw	14
   392  07D0  00F1               movwf	((??_main+0)+0+1),f
   393  07D1  30B0               	movlw	176
   394  07D2  00F0               movwf	((??_main+0)+0),f
   395  07D3                     u2197:
   396  07D3  0BF0               	decfsz	((??_main+0)+0),f
   397  07D4  2FD3               	goto	u2197
   398  07D5  0BF1               	decfsz	((??_main+0)+0+1),f
   399  07D6  2FD3               	goto	u2197
   400  07D7  0BF2               	decfsz	((??_main+0)+0+2),f
   401  07D8  2FD3               	goto	u2197
   402                           opt asmopt_on
   403                           
   404                           	line	26
   405                           	
   406  07D9                     l1742:	
   407                           ;TRAFFIC_LIGHT.C: 26: PORTB=0X07;
   408  07D9  3007               	movlw	(07h)
   409  07DA  1283               	bcf	status, 5	;RP0=0, select bank0
   410  07DB  1303               	bcf	status, 6	;RP1=0, select bank0
   411  07DC  0086               	movwf	(6)	;volatile
   412                           	line	27
   413                           	
   414  07DD                     l1744:	
   415                           ;TRAFFIC_LIGHT.C: 27: PORTD=0X08;
   416  07DD  3008               	movlw	(08h)
   417  07DE  0088               	movwf	(8)	;volatile
   418                           	line	28
   419                           	
   420  07DF                     l1746:	
   421                           ;TRAFFIC_LIGHT.C: 28: _delay((unsigned long)((3000)*(4000000/4000.0)));
   422                           	opt asmopt_off
   423  07DF  3010               movlw  16
   424  07E0  00F2               movwf	((??_main+0)+0+2),f
   425  07E1  302A               movlw	42
   426  07E2  00F1               movwf	((??_main+0)+0+1),f
   427  07E3  3016               	movlw	22
   428  07E4  00F0               movwf	((??_main+0)+0),f
   429  07E5                     u2207:
   430  07E5  0BF0               	decfsz	((??_main+0)+0),f
   431  07E6  2FE5               	goto	u2207
   432  07E7  0BF1               	decfsz	((??_main+0)+0+1),f
   433  07E8  2FE5               	goto	u2207
   434  07E9  0BF2               	decfsz	((??_main+0)+0+2),f
   435  07EA  2FE5               	goto	u2207
   436  07EB  2FEC               	nop2
   437                           opt asmopt_on
   438                           
   439                           	line	29
   440                           	
   441  07EC                     l1748:	
   442                           ;TRAFFIC_LIGHT.C: 29: PORTB=0X87;
   443  07EC  3087               	movlw	(087h)
   444  07ED  1283               	bcf	status, 5	;RP0=0, select bank0
   445  07EE  1303               	bcf	status, 6	;RP1=0, select bank0
   446  07EF  0086               	movwf	(6)	;volatile
   447                           	line	30
   448                           ;TRAFFIC_LIGHT.C: 30: PORTD=0X00;
   449  07F0  0188               	clrf	(8)	;volatile
   450                           	line	31
   451                           	
   452  07F1                     l1750:	
   453                           ;TRAFFIC_LIGHT.C: 31: _delay((unsigned long)((1000)*(4000000/4000.0)));
   454                           	opt asmopt_off
   455  07F1  3006               movlw  6
   456  07F2  00F2               movwf	((??_main+0)+0+2),f
   457  07F3  300E               movlw	14
   458  07F4  00F1               movwf	((??_main+0)+0+1),f
   459  07F5  30B0               	movlw	176
   460  07F6  00F0               movwf	((??_main+0)+0),f
   461  07F7                     u2217:
   462  07F7  0BF0               	decfsz	((??_main+0)+0),f
   463  07F8  2FF7               	goto	u2217
   464  07F9  0BF1               	decfsz	((??_main+0)+0+1),f
   465  07FA  2FF7               	goto	u2217
   466  07FB  0BF2               	decfsz	((??_main+0)+0+2),f
   467  07FC  2FF7               	goto	u2217
   468                           opt asmopt_on
   469                           
   470                           	line	32
   471                           	
   472  07FD                     l561:	
   473                           	global	start
   474  07FD  120A  118A  2800   	ljmp	start
   475                           	opt stack 0
   476                           GLOBAL	__end_of_main
   477  0800                     	__end_of_main:
   478 ;; =============== function _main ends ============
   479                           
   480                           	signat	_main,88
   481                           psect	maintext
   482                           	global	btemp
   483  007E                     	btemp set 07Eh
   484                           
   485                           	DABS	1,126,2	;btemp
   486                           	global	wtemp0
   487  007E                     	wtemp0 set btemp


HI-TECH Software PICC Macro Assembler V9.71a build 6446 
Symbol Table                                                                                   Tue Oct 17 10:57:24 2023

                 l561 07FD                  l1720 0771                  l1730 0795                  l1722 0773  
                l1740 07CD                  l1732 0797                  l1724 0780                  l1716 0769  
                l1750 07F1                  l1742 07D9                  l1734 07A4                  l1726 0785  
                l1718 076D                  l1744 07DD                  l1736 07A8                  l1728 0791  
                l1746 07DF                  l1738 07CC                  l1748 07EC                  u2207 07E5  
                u2217 07F7                  u2147 0779                  u2157 078B                  u2167 079D  
                u2177 07AF                  u2187 07C1                  u2197 07D3                  _main 0769  
                btemp 007E                  start 0000                 ?_main 0070                 _PORTB 0006  
               _PORTD 0008                 _TRISB 0086                 _TRISD 0088                 status 0003  
               wtemp0 007E          __end_of_main 0800                ??_main 0070        __pcstackCOMMON 0070  
          __pmaintext 0769  end_of_initialization 0765   start_initialization 0765         __size_of_main 0097  
