

HI-TECH Software PIC LITE Macro Assembler V9.71a build 6446 
                                                                                               Thu Dec 07 11:46:56 2023

HI-TECH Software Omniscient Code Generator (Lite mode) build 6446
     1  0000                     opt subtitle "HI-TECH Software Omniscient Code Generator (Lite mode) build 6446"
     2                           
     3                           opt pagewidth 120
     4                           
     5                           	opt lm
     6                           
     7                           	processor	16F877A
     8                           clrc	macro
     9                           	bcf	3,0
    10  0000                     	endm
    11                           clrz	macro
    12                           	bcf	3,2
    13  0000                     	endm
    14                           setc	macro
    15                           	bsf	3,0
    16  0000                     	endm
    17                           setz	macro
    18                           	bsf	3,2
    19  0000                     	endm
    20                           skipc	macro
    21                           	btfss	3,0
    22  0000                     	endm
    23                           skipz	macro
    24                           	btfss	3,2
    25  0000                     	endm
    26                           skipnc	macro
    27                           	btfsc	3,0
    28  0000                     	endm
    29                           skipnz	macro
    30                           	btfsc	3,2
    31  0000                     	endm
    32  0000                     indf	equ	0
    33  0000                     indf0	equ	0
    34  0002                     pc	equ	2
    35  0002                     pcl	equ	2
    36  0003                     status	equ	3
    37  0004                     fsr	equ	4
    38  0004                     fsr0	equ	4
    39  0001                     c	equ	1
    40  0000                     z	equ	0
    41  000A                     pclath	equ	10
    42                           # 2 "C:\Users\Lenovo\Desktop\PIC\TASK\33.RUNNING_LCD\RUNNING_LCD.C"
    43                           	psect config,class=CONFIG,delta=2 ;#
    44                           # 2 "C:\Users\Lenovo\Desktop\PIC\TASK\33.RUNNING_LCD\RUNNING_LCD.C"
    45  2007  3F72               	dw 0x3F72 ;#
    46                           	FNCALL	_main,_initial
    47                           	FNCALL	_main,_command
    48                           	FNCALL	_main,_output
    49                           	FNCALL	_initial,_command
    50                           	FNCALL	_output,_data
    51                           	FNROOT	_main
    52                           	global	_PORTD
    53                           psect	text84,local,class=CODE,delta=2
    54                           global __ptext84
    55  0000                     __ptext84:
    56  0008                     _PORTD	set	8
    57                           	global	_RC0
    58  0038                     _RC0	set	56
    59                           	global	_RC1
    60  0039                     _RC1	set	57
    61                           	global	_RC2
    62  003A                     _RC2	set	58
    63                           	global	_TRISC
    64  0087                     _TRISC	set	135
    65                           	global	_TRISD
    66  0088                     _TRISD	set	136
    67                           psect	strings,class=STRING,delta=2
    68                           global __pstrings
    69  0003                     __pstrings:
    70                           ;	global	stringdir,stringtab,__stringbase
    71  0003                     stringtab:
    72                           ;	String table - string pointers are 1 byte each
    73  0003                     stringcode:stringdir:
      + 0003                     stringdir:	
    74  0003  3000               movlw high(stringdir)
    75  0004  008A               movwf pclath
    76  0005  0804               movf fsr,w
    77  0006  0A84               incf fsr
    78  0007  0782               	addwf pc
    79  0008                     __stringbase:
    80  0008  3400               	retlw	0
    81                           psect	strings
    82                           	
    83  0009                     STR_2:	
    84  0009  3450               	retlw	80	;'P'
    85  000A  3441               	retlw	65	;'A'
    86  000B  344C               	retlw	76	;'L'
    87  000C  3441               	retlw	65	;'A'
    88  000D  344E               	retlw	78	;'N'
    89  000E  3449               	retlw	73	;'I'
    90  000F  3420               	retlw	32	;' '
    91  0010  344D               	retlw	77	;'M'
    92  0011  3455               	retlw	85	;'U'
    93  0012  3452               	retlw	82	;'R'
    94  0013  3455               	retlw	85	;'U'
    95  0014  3447               	retlw	71	;'G'
    96  0015  3441               	retlw	65	;'A'
    97  0016  344E               	retlw	78	;'N'
    98  0017  3400               	retlw	0
    99                           psect	strings
   100                           	
   101  0018                     STR_6:	
   102  0018  3454               	retlw	84	;'T'
   103  0019  3448               	retlw	72	;'H'
   104  001A  3441               	retlw	65	;'A'
   105  001B  344E               	retlw	78	;'N'
   106  001C  344B               	retlw	75	;'K'
   107  001D  3420               	retlw	32	;' '
   108  001E  3459               	retlw	89	;'Y'
   109  001F  344F               	retlw	79	;'O'
   110  0020  3455               	retlw	85	;'U'
   111  0021  3421               	retlw	33	;'!'
   112  0022  3400               	retlw	0
   113                           psect	strings
   114                           	
   115  0023                     STR_5:	
   116  0023  3430               	retlw	48	;'0'
   117  0024  3434               	retlw	52	;'4'
   118  0025  3432               	retlw	50	;'2'
   119  0026  3432               	retlw	50	;'2'
   120  0027  3420               	retlw	32	;' '
   121  0028  3431               	retlw	49	;'1'
   122  0029  3439               	retlw	57	;'9'
   123  002A  3437               	retlw	55	;'7'
   124  002B  3437               	retlw	55	;'7'
   125  002C  3400               	retlw	0
   126                           psect	strings
   127                           	
   128  002D                     STR_1:	
   129  002D  3457               	retlw	87	;'W'
   130  002E  3445               	retlw	69	;'E'
   131  002F  344C               	retlw	76	;'L'
   132  0030  3443               	retlw	67	;'C'
   133  0031  344F               	retlw	79	;'O'
   134  0032  344D               	retlw	77	;'M'
   135  0033  3445               	retlw	69	;'E'
   136  0034  3400               	retlw	0
   137                           psect	strings
   138                           	
   139  0035                     STR_3:	
   140  0035  344D               	retlw	77	;'M'
   141  0036  3445               	retlw	69	;'E'
   142  0037  3444               	retlw	68	;'D'
   143  0038  3449               	retlw	73	;'I'
   144  0039  3443               	retlw	67	;'C'
   145  003A  3441               	retlw	65	;'A'
   146  003B  344C               	retlw	76	;'L'
   147  003C  3400               	retlw	0
   148                           psect	strings
   149                           	
   150  003D                     STR_4:	
   151  003D  3443               	retlw	67	;'C'
   152  003E  344F               	retlw	79	;'O'
   153  003F  344E               	retlw	78	;'N'
   154  0040  3454               	retlw	84	;'T'
   155  0041  3441               	retlw	65	;'A'
   156  0042  3443               	retlw	67	;'C'
   157  0043  3454               	retlw	84	;'T'
   158  0044  3400               	retlw	0
   159                           psect	strings
   160                           	file	"RUNNING_LCD.as"
   161                           	line	#
   162                           psect cinit,class=CODE,delta=2
   163                           global start_initialization
   164  06E1                     start_initialization:
   165                           
   166                           psect cinit,class=CODE,delta=2
   167                           global end_of_initialization
   168                           
   169                           ;End of C runtime variable initialization code
   170                           
   171  06E1                     end_of_initialization:
   172  06E1  0183               clrf status
   173  06E2  120A  118A  2F43   ljmp _main	;jump to C main() function
   174                           psect	cstackCOMMON,class=COMMON,space=1
   175                           global __pcstackCOMMON
   176  0070                     __pcstackCOMMON:
   177                           	global	?_command
   178  0070                     ?_command:	; 0 bytes @ 0x0
   179                           	global	??_command
   180  0070                     ??_command:	; 0 bytes @ 0x0
   181                           	global	?_data
   182  0070                     ?_data:	; 0 bytes @ 0x0
   183                           	global	??_data
   184  0070                     ??_data:	; 0 bytes @ 0x0
   185                           	global	?_output
   186  0070                     ?_output:	; 0 bytes @ 0x0
   187                           	global	?_initial
   188  0070                     ?_initial:	; 0 bytes @ 0x0
   189                           	global	?_main
   190  0070                     ?_main:	; 0 bytes @ 0x0
   191  0070                     	ds	1
   192                           	global	command@y
   193  0071                     command@y:	; 1 bytes @ 0x1
   194                           	global	data@z
   195  0071                     data@z:	; 1 bytes @ 0x1
   196  0071                     	ds	1
   197                           	global	??_output
   198  0072                     ??_output:	; 0 bytes @ 0x2
   199                           	global	??_initial
   200  0072                     ??_initial:	; 0 bytes @ 0x2
   201  0072                     	ds	1
   202                           	global	output@value
   203  0073                     output@value:	; 1 bytes @ 0x3
   204  0073                     	ds	1
   205                           	global	??_main
   206  0074                     ??_main:	; 0 bytes @ 0x4
   207  0074                     	ds	3
   208 ;;Data sizes: Strings 60, constant 0, data 0, bss 0, persistent 0 stack 0
   209 ;;Auto spaces:   Size  Autos    Used
   210 ;; COMMON          14      7       7
   211 ;; BANK0           80      0       0
   212 ;; BANK1           80      0       0
   213 ;; BANK3           96      0       0
   214 ;; BANK2           96      0       0
   215                           
   216 ;;
   217 ;; Pointer list with targets:
   218                           
   219 ;; output@value	PTR unsigned char  size(1) Largest target is 15
   220 ;;		 -> STR_6(CODE[11]), STR_5(CODE[10]), STR_4(CODE[8]), STR_3(CODE[8]), 
   221 ;;		 -> STR_2(CODE[15]), STR_1(CODE[8]), 
   222 ;;
   223                           
   224                           
   225 ;;
   226 ;; Critical Paths under _main in COMMON
   227 ;;
   228 ;;   _main->_output
   229 ;;   _initial->_command
   230 ;;   _output->_data
   231 ;;
   232 ;; Critical Paths under _main in BANK0
   233 ;;
   234 ;;   None.
   235 ;;
   236 ;; Critical Paths under _main in BANK1
   237 ;;
   238 ;;   None.
   239 ;;
   240 ;; Critical Paths under _main in BANK3
   241 ;;
   242 ;;   None.
   243 ;;
   244 ;; Critical Paths under _main in BANK2
   245 ;;
   246 ;;   None.
   247                           
   248 ;;
   249 ;;Main: autosize = 0, tempsize = 3, incstack = 0, save=0
   250 ;;
   251                           
   252 ;;
   253 ;;Call Graph Tables:
   254 ;;
   255 ;; ---------------------------------------------------------------------------------
   256 ;; (Depth) Function   	        Calls       Base Space   Used Autos Params    Refs
   257 ;; ---------------------------------------------------------------------------------
   258 ;; (0) _main                                                 5     5      0      75
   259 ;;                                              4 COMMON     3     3      0
   260 ;;                            _initial
   261 ;;                            _command
   262 ;;                             _output
   263 ;; ---------------------------------------------------------------------------------
   264 ;; (1) _initial                                              0     0      0      15
   265 ;;                            _command
   266 ;; ---------------------------------------------------------------------------------
   267 ;; (1) _output                                               2     2      0      45
   268 ;;                                              2 COMMON     2     2      0
   269 ;;                               _data
   270 ;; ---------------------------------------------------------------------------------
   271 ;; (2) _data                                                 2     2      0      15
   272 ;;                                              0 COMMON     2     2      0
   273 ;; ---------------------------------------------------------------------------------
   274 ;; (1) _command                                              2     2      0      15
   275 ;;                                              0 COMMON     2     2      0
   276 ;; ---------------------------------------------------------------------------------
   277 ;; Estimated maximum stack depth 2
   278 ;; ---------------------------------------------------------------------------------
   279                           
   280 ;; Call Graph Graphs:
   281                           
   282 ;; _main (ROOT)
   283 ;;   _initial
   284 ;;     _command
   285 ;;   _command
   286 ;;   _output
   287 ;;     _data
   288 ;;
   289                           
   290 ;; Address spaces:
   291                           
   292 ;;Name               Size   Autos  Total    Cost      Usage
   293 ;;BITCOMMON            E      0       0       0        0.0%
   294 ;;EEDATA             100      0       0       0        0.0%
   295 ;;NULL                 0      0       0       0        0.0%
   296 ;;CODE                 0      0       0       0        0.0%
   297 ;;COMMON               E      7       7       1       50.0%
   298 ;;BITSFR0              0      0       0       1        0.0%
   299 ;;SFR0                 0      0       0       1        0.0%
   300 ;;BITSFR1              0      0       0       2        0.0%
   301 ;;SFR1                 0      0       0       2        0.0%
   302 ;;STACK                0      0       2       2        0.0%
   303 ;;ABS                  0      0       0       3        0.0%
   304 ;;BITBANK0            50      0       0       4        0.0%
   305 ;;BITSFR3              0      0       0       4        0.0%
   306 ;;SFR3                 0      0       0       4        0.0%
   307 ;;BANK0               50      0       0       5        0.0%
   308 ;;BITSFR2              0      0       0       5        0.0%
   309 ;;SFR2                 0      0       0       5        0.0%
   310 ;;BITBANK1            50      0       0       6        0.0%
   311 ;;BANK1               50      0       0       7        0.0%
   312 ;;BITBANK3            60      0       0       8        0.0%
   313 ;;BANK3               60      0       0       9        0.0%
   314 ;;BITBANK2            60      0       0      10        0.0%
   315 ;;BANK2               60      0       0      11        0.0%
   316 ;;DATA                 0      0       0      12        0.0%
   317                           
   318                           	global	_main
   319                           psect	maintext,global,class=CODE,delta=2
   320                           global __pmaintext
   321  0743                     __pmaintext:
   322                           
   323 ;; *************** function _main *****************
   324 ;; Defined at:
   325 ;;		line 49 in file "C:\Users\Lenovo\Desktop\PIC\TASK\33.RUNNING_LCD\RUNNING_LCD.C"
   326 ;; Parameters:    Size  Location     Type
   327 ;;		None
   328 ;; Auto vars:     Size  Location     Type
   329 ;;  i               2    0        int 
   330 ;; Return value:  Size  Location     Type
   331 ;;		None               void
   332 ;; Registers used:
   333 ;;		wreg, fsr0l, fsr0h, status,2, status,0, pclath, cstack
   334 ;; Tracked objects:
   335 ;;		On entry : 17F/0
   336 ;;		On exit  : 0/0
   337 ;;		Unchanged: 0/0
   338 ;; Data sizes:     COMMON   BANK0   BANK1   BANK3   BANK2
   339 ;;      Params:         0       0       0       0       0
   340 ;;      Locals:         0       0       0       0       0
   341 ;;      Temps:          3       0       0       0       0
   342 ;;      Totals:         3       0       0       0       0
   343 ;;Total ram usage:        3 bytes
   344 ;; Hardware stack levels required when called:    2
   345 ;; This function calls:
   346 ;;		_initial
   347 ;;		_command
   348 ;;		_output
   349 ;; This function is called by:
   350 ;;		Startup code after reset
   351 ;; This function uses a non-reentrant model
   352 ;;
   353                           psect	maintext
   354                           	file	"C:\Users\Lenovo\Desktop\PIC\TASK\33.RUNNING_LCD\RUNNING_LCD.C"
   355                           	line	49
   356                           	global	__size_of_main
   357  00BD                     	__size_of_main	equ	__end_of_main-_main
   358                           	
   359  0743                     _main:	
   360                           	opt	stack 8
   361                           ; Regs used in _main: [wreg-fsr0h+status,2+status,0+pclath+cstack]
   362                           	line	50
   363                           	
   364  0743                     l1768:	
   365                           ;RUNNING_LCD.C: 50: TRISC=0X00;
   366  0743  1683               	bsf	status, 5	;RP0=1, select bank1
   367  0744  1303               	bcf	status, 6	;RP1=0, select bank1
   368  0745  0187               	clrf	(135)^080h	;volatile
   369                           	line	51
   370                           ;RUNNING_LCD.C: 51: TRISD=0X00;
   371  0746  0188               	clrf	(136)^080h	;volatile
   372                           	line	52
   373                           	
   374  0747                     l1770:	
   375                           ;RUNNING_LCD.C: 52: initial();
   376  0747  120A  118A  270B   	fcall	_initial
              120A  118A         
   377                           	line	54
   378                           ;RUNNING_LCD.C: 53: int i;
   379                           ;RUNNING_LCD.C: 54: while(1)
   380                           	
   381  074C                     l576:	
   382                           	line	56
   383                           	
   384  074C                     l1772:	
   385                           ;RUNNING_LCD.C: 55: {
   386                           ;RUNNING_LCD.C: 56: command(0x86);
   387  074C  3086               	movlw	(086h)
   388  074D  120A  118A  26E5   	fcall	_command
              120A  118A         
   389                           	line	57
   390                           	
   391  0752                     l1774:	
   392                           ;RUNNING_LCD.C: 57: output("WELCOME");
   393  0752  3025               	movlw	((STR_1-__stringbase))&0ffh
   394  0753  120A  118A  2724   	fcall	_output
              120A  118A         
   395                           	line	58
   396                           	
   397  0758                     l1776:	
   398                           ;RUNNING_LCD.C: 58: _delay((unsigned long)((3000)*(4000000/4000.0)));
   399                           	opt asmopt_off
   400  0758  3010               movlw  16
   401  0759  00F6               movwf	((??_main+0)+0+2),f
   402  075A  302A               movlw	42
   403  075B  00F5               movwf	((??_main+0)+0+1),f
   404  075C  3016               	movlw	22
   405  075D  00F4               movwf	((??_main+0)+0),f
   406  075E                     u2157:
   407  075E  0BF4               	decfsz	((??_main+0)+0),f
   408  075F  2F5E               	goto	u2157
   409  0760  0BF5               	decfsz	((??_main+0)+0+1),f
   410  0761  2F5E               	goto	u2157
   411  0762  0BF6               	decfsz	((??_main+0)+0+2),f
   412  0763  2F5E               	goto	u2157
   413  0764  2F65               	nop2
   414                           opt asmopt_on
   415                           
   416                           	line	59
   417                           	
   418  0765                     l1778:	
   419                           ;RUNNING_LCD.C: 59: command(0x01);
   420  0765  3001               	movlw	(01h)
   421  0766  120A  118A  26E5   	fcall	_command
              120A  118A         
   422                           	line	60
   423                           	
   424  076B                     l1780:	
   425                           ;RUNNING_LCD.C: 60: _delay((unsigned long)((1)*(4000000/4000.0)));
   426                           	opt asmopt_off
   427  076B  30F9               movlw	249
   428  076C  00F4               movwf	(??_main+0)+0,f
   429  076D                     u2167:
   430  076D  0064               	clrwdt
   431  076E  0BF4               decfsz	(??_main+0)+0,f
   432  076F  2F6D               	goto	u2167
   433  0770  2F71               	nop2	;nop
   434  0771  0064               	clrwdt
   435                           opt asmopt_on
   436                           
   437                           	line	61
   438                           	
   439  0772                     l1782:	
   440                           ;RUNNING_LCD.C: 61: command(0x81);
   441  0772  3081               	movlw	(081h)
   442  0773  120A  118A  26E5   	fcall	_command
              120A  118A         
   443                           	line	62
   444                           	
   445  0778                     l1784:	
   446                           ;RUNNING_LCD.C: 62: output("PALANI MURUGAN");
   447  0778  3001               	movlw	((STR_2-__stringbase))&0ffh
   448  0779  120A  118A  2724   	fcall	_output
              120A  118A         
   449                           	line	63
   450                           	
   451  077E                     l1786:	
   452                           ;RUNNING_LCD.C: 63: command(0xC5);
   453  077E  30C5               	movlw	(0C5h)
   454  077F  120A  118A  26E5   	fcall	_command
              120A  118A         
   455                           	line	64
   456                           	
   457  0784                     l1788:	
   458                           ;RUNNING_LCD.C: 64: output("MEDICAL");
   459  0784  302D               	movlw	((STR_3-__stringbase))&0ffh
   460  0785  120A  118A  2724   	fcall	_output
              120A  118A         
   461                           	line	65
   462                           	
   463  078A                     l1790:	
   464                           ;RUNNING_LCD.C: 65: _delay((unsigned long)((3000)*(4000000/4000.0)));
   465                           	opt asmopt_off
   466  078A  3010               movlw  16
   467  078B  00F6               movwf	((??_main+0)+0+2),f
   468  078C  302A               movlw	42
   469  078D  00F5               movwf	((??_main+0)+0+1),f
   470  078E  3016               	movlw	22
   471  078F  00F4               movwf	((??_main+0)+0),f
   472  0790                     u2177:
   473  0790  0BF4               	decfsz	((??_main+0)+0),f
   474  0791  2F90               	goto	u2177
   475  0792  0BF5               	decfsz	((??_main+0)+0+1),f
   476  0793  2F90               	goto	u2177
   477  0794  0BF6               	decfsz	((??_main+0)+0+2),f
   478  0795  2F90               	goto	u2177
   479  0796  2F97               	nop2
   480                           opt asmopt_on
   481                           
   482                           	line	66
   483                           	
   484  0797                     l1792:	
   485                           ;RUNNING_LCD.C: 66: command(0x01);
   486  0797  3001               	movlw	(01h)
   487  0798  120A  118A  26E5   	fcall	_command
              120A  118A         
   488                           	line	67
   489                           	
   490  079D                     l1794:	
   491                           ;RUNNING_LCD.C: 67: _delay((unsigned long)((1)*(4000000/4000.0)));
   492                           	opt asmopt_off
   493  079D  30F9               movlw	249
   494  079E  00F4               movwf	(??_main+0)+0,f
   495  079F                     u2187:
   496  079F  0064               	clrwdt
   497  07A0  0BF4               decfsz	(??_main+0)+0,f
   498  07A1  2F9F               	goto	u2187
   499  07A2  2FA3               	nop2	;nop
   500  07A3  0064               	clrwdt
   501                           opt asmopt_on
   502                           
   503                           	line	68
   504                           	
   505  07A4                     l1796:	
   506                           ;RUNNING_LCD.C: 68: command(0x85);
   507  07A4  3085               	movlw	(085h)
   508  07A5  120A  118A  26E5   	fcall	_command
              120A  118A         
   509                           	line	69
   510                           	
   511  07AA                     l1798:	
   512                           ;RUNNING_LCD.C: 69: output("CONTACT");
   513  07AA  3035               	movlw	((STR_4-__stringbase))&0ffh
   514  07AB  120A  118A  2724   	fcall	_output
              120A  118A         
   515                           	line	70
   516                           	
   517  07B0                     l1800:	
   518                           ;RUNNING_LCD.C: 70: command(0xC5);
   519  07B0  30C5               	movlw	(0C5h)
   520  07B1  120A  118A  26E5   	fcall	_command
              120A  118A         
   521                           	line	71
   522                           	
   523  07B6                     l1802:	
   524                           ;RUNNING_LCD.C: 71: output("0422 1977");
   525  07B6  301B               	movlw	((STR_5-__stringbase))&0ffh
   526  07B7  120A  118A  2724   	fcall	_output
              120A  118A         
   527                           	line	72
   528                           	
   529  07BC                     l1804:	
   530                           ;RUNNING_LCD.C: 72: _delay((unsigned long)((3000)*(4000000/4000.0)));
   531                           	opt asmopt_off
   532  07BC  3010               movlw  16
   533  07BD  00F6               movwf	((??_main+0)+0+2),f
   534  07BE  302A               movlw	42
   535  07BF  00F5               movwf	((??_main+0)+0+1),f
   536  07C0  3016               	movlw	22
   537  07C1  00F4               movwf	((??_main+0)+0),f
   538  07C2                     u2197:
   539  07C2  0BF4               	decfsz	((??_main+0)+0),f
   540  07C3  2FC2               	goto	u2197
   541  07C4  0BF5               	decfsz	((??_main+0)+0+1),f
   542  07C5  2FC2               	goto	u2197
   543  07C6  0BF6               	decfsz	((??_main+0)+0+2),f
   544  07C7  2FC2               	goto	u2197
   545  07C8  2FC9               	nop2
   546                           opt asmopt_on
   547                           
   548                           	line	73
   549                           	
   550  07C9                     l1806:	
   551                           ;RUNNING_LCD.C: 73: command(0x01);
   552  07C9  3001               	movlw	(01h)
   553  07CA  120A  118A  26E5   	fcall	_command
              120A  118A         
   554                           	line	74
   555                           	
   556  07CF                     l1808:	
   557                           ;RUNNING_LCD.C: 74: _delay((unsigned long)((1)*(4000000/4000.0)));
   558                           	opt asmopt_off
   559  07CF  30F9               movlw	249
   560  07D0  00F4               movwf	(??_main+0)+0,f
   561  07D1                     u2207:
   562  07D1  0064               	clrwdt
   563  07D2  0BF4               decfsz	(??_main+0)+0,f
   564  07D3  2FD1               	goto	u2207
   565  07D4  2FD5               	nop2	;nop
   566  07D5  0064               	clrwdt
   567                           opt asmopt_on
   568                           
   569                           	line	75
   570                           	
   571  07D6                     l1810:	
   572                           ;RUNNING_LCD.C: 75: command(0x84);
   573  07D6  3084               	movlw	(084h)
   574  07D7  120A  118A  26E5   	fcall	_command
              120A  118A         
   575                           	line	76
   576                           	
   577  07DC                     l1812:	
   578                           ;RUNNING_LCD.C: 76: output("THANK YOU!");
   579  07DC  3010               	movlw	((STR_6-__stringbase))&0ffh
   580  07DD  120A  118A  2724   	fcall	_output
              120A  118A         
   581                           	line	77
   582                           	
   583  07E2                     l1814:	
   584                           ;RUNNING_LCD.C: 77: _delay((unsigned long)((3000)*(4000000/4000.0)));
   585                           	opt asmopt_off
   586  07E2  3010               movlw  16
   587  07E3  00F6               movwf	((??_main+0)+0+2),f
   588  07E4  302A               movlw	42
   589  07E5  00F5               movwf	((??_main+0)+0+1),f
   590  07E6  3016               	movlw	22
   591  07E7  00F4               movwf	((??_main+0)+0),f
   592  07E8                     u2217:
   593  07E8  0BF4               	decfsz	((??_main+0)+0),f
   594  07E9  2FE8               	goto	u2217
   595  07EA  0BF5               	decfsz	((??_main+0)+0+1),f
   596  07EB  2FE8               	goto	u2217
   597  07EC  0BF6               	decfsz	((??_main+0)+0+2),f
   598  07ED  2FE8               	goto	u2217
   599  07EE  2FEF               	nop2
   600                           opt asmopt_on
   601                           
   602                           	line	78
   603                           	
   604  07EF                     l1816:	
   605                           ;RUNNING_LCD.C: 78: command(0x01);
   606  07EF  3001               	movlw	(01h)
   607  07F0  120A  118A  26E5   	fcall	_command
              120A  118A         
   608                           	line	79
   609                           	
   610  07F5                     l1818:	
   611                           ;RUNNING_LCD.C: 79: _delay((unsigned long)((1)*(4000000/4000.0)));
   612                           	opt asmopt_off
   613  07F5  30F9               movlw	249
   614  07F6  00F4               movwf	(??_main+0)+0,f
   615  07F7                     u2227:
   616  07F7  0064               	clrwdt
   617  07F8  0BF4               decfsz	(??_main+0)+0,f
   618  07F9  2FF7               	goto	u2227
   619  07FA  2FFB               	nop2	;nop
   620  07FB  0064               	clrwdt
   621                           opt asmopt_on
   622                           
   623                           	line	80
   624                           	
   625  07FC                     l577:	
   626                           	line	54
   627  07FC  2F4C               	goto	l576
   628                           	
   629  07FD                     l578:	
   630                           	line	81
   631                           	
   632  07FD                     l579:	
   633                           	global	start
   634  07FD  120A  118A  2800   	ljmp	start
   635                           	opt stack 0
   636                           GLOBAL	__end_of_main
   637  0800                     	__end_of_main:
   638 ;; =============== function _main ends ============
   639                           
   640                           	signat	_main,88
   641                           	global	_initial
   642                           psect	text85,local,class=CODE,delta=2
   643                           global __ptext85
   644  070B                     __ptext85:
   645                           
   646 ;; *************** function _initial *****************
   647 ;; Defined at:
   648 ;;		line 42 in file "C:\Users\Lenovo\Desktop\PIC\TASK\33.RUNNING_LCD\RUNNING_LCD.C"
   649 ;; Parameters:    Size  Location     Type
   650 ;;		None
   651 ;; Auto vars:     Size  Location     Type
   652 ;;		None
   653 ;; Return value:  Size  Location     Type
   654 ;;		None               void
   655 ;; Registers used:
   656 ;;		wreg, status,2, status,0, pclath, cstack
   657 ;; Tracked objects:
   658 ;;		On entry : 0/0
   659 ;;		On exit  : 0/0
   660 ;;		Unchanged: 0/0
   661 ;; Data sizes:     COMMON   BANK0   BANK1   BANK3   BANK2
   662 ;;      Params:         0       0       0       0       0
   663 ;;      Locals:         0       0       0       0       0
   664 ;;      Temps:          0       0       0       0       0
   665 ;;      Totals:         0       0       0       0       0
   666 ;;Total ram usage:        0 bytes
   667 ;; Hardware stack levels used:    1
   668 ;; Hardware stack levels required when called:    1
   669 ;; This function calls:
   670 ;;		_command
   671 ;; This function is called by:
   672 ;;		_main
   673 ;; This function uses a non-reentrant model
   674 ;;
   675                           psect	text85
   676                           	file	"C:\Users\Lenovo\Desktop\PIC\TASK\33.RUNNING_LCD\RUNNING_LCD.C"
   677                           	line	42
   678                           	global	__size_of_initial
   679  0019                     	__size_of_initial	equ	__end_of_initial-_initial
   680                           	
   681  070B                     _initial:	
   682                           	opt	stack 7
   683                           ; Regs used in _initial: [wreg+status,2+status,0+pclath+cstack]
   684                           	line	43
   685                           	
   686  070B                     l1766:	
   687                           ;RUNNING_LCD.C: 43: command(0x38);
   688  070B  3038               	movlw	(038h)
   689  070C  120A  118A  26E5   	fcall	_command
              120A  118A         
   690                           	line	44
   691                           ;RUNNING_LCD.C: 44: command(0x01);
   692  0711  3001               	movlw	(01h)
   693  0712  120A  118A  26E5   	fcall	_command
              120A  118A         
   694                           	line	45
   695                           ;RUNNING_LCD.C: 45: command(0x06);
   696  0717  3006               	movlw	(06h)
   697  0718  120A  118A  26E5   	fcall	_command
              120A  118A         
   698                           	line	46
   699                           ;RUNNING_LCD.C: 46: command(0x0C);
   700  071D  300C               	movlw	(0Ch)
   701  071E  120A  118A  26E5   	fcall	_command
              120A  118A         
   702                           	line	47
   703                           	
   704  0723                     l573:	
   705  0723  0008               	return
   706                           	opt stack 0
   707                           GLOBAL	__end_of_initial
   708  0724                     	__end_of_initial:
   709 ;; =============== function _initial ends ============
   710                           
   711                           	signat	_initial,88
   712                           	global	_output
   713                           psect	text86,local,class=CODE,delta=2
   714                           global __ptext86
   715  0724                     __ptext86:
   716                           
   717 ;; *************** function _output *****************
   718 ;; Defined at:
   719 ;;		line 35 in file "C:\Users\Lenovo\Desktop\PIC\TASK\33.RUNNING_LCD\RUNNING_LCD.C"
   720 ;; Parameters:    Size  Location     Type
   721 ;;  value           1    wreg     PTR unsigned char 
   722 ;;		 -> STR_6(11), STR_5(10), STR_4(8), STR_3(8), 
   723 ;;		 -> STR_2(15), STR_1(8), 
   724 ;; Auto vars:     Size  Location     Type
   725 ;;  value           1    3[COMMON] PTR unsigned char 
   726 ;;		 -> STR_6(11), STR_5(10), STR_4(8), STR_3(8), 
   727 ;;		 -> STR_2(15), STR_1(8), 
   728 ;; Return value:  Size  Location     Type
   729 ;;		None               void
   730 ;; Registers used:
   731 ;;		wreg, fsr0l, fsr0h, status,2, status,0, pclath, cstack
   732 ;; Tracked objects:
   733 ;;		On entry : 0/0
   734 ;;		On exit  : 0/0
   735 ;;		Unchanged: 0/0
   736 ;; Data sizes:     COMMON   BANK0   BANK1   BANK3   BANK2
   737 ;;      Params:         0       0       0       0       0
   738 ;;      Locals:         1       0       0       0       0
   739 ;;      Temps:          1       0       0       0       0
   740 ;;      Totals:         2       0       0       0       0
   741 ;;Total ram usage:        2 bytes
   742 ;; Hardware stack levels used:    1
   743 ;; Hardware stack levels required when called:    1
   744 ;; This function calls:
   745 ;;		_data
   746 ;; This function is called by:
   747 ;;		_main
   748 ;; This function uses a non-reentrant model
   749 ;;
   750                           psect	text86
   751                           	file	"C:\Users\Lenovo\Desktop\PIC\TASK\33.RUNNING_LCD\RUNNING_LCD.C"
   752                           	line	35
   753                           	global	__size_of_output
   754  001F                     	__size_of_output	equ	__end_of_output-_output
   755                           	
   756  0724                     _output:	
   757                           	opt	stack 7
   758                           ; Regs used in _output: [wreg-fsr0h+status,2+status,0+pclath+cstack]
   759                           ;output@value stored from wreg
   760  0724  00F3               	movwf	(output@value)
   761                           	
   762  0725                     l1758:	
   763  0725  2F36               	goto	l567
   764                           	
   765  0726                     l568:	
   766                           	line	36
   767                           	
   768  0726                     l1760:	
   769                           ;RUNNING_LCD.C: 36: {data(*value);
   770  0726  0873               	movf	(output@value),w
   771  0727  0084               	movwf	fsr0
   772  0728  120A  118A  2003   	fcall	stringdir
              120A  118A         
   773  072D  120A  118A  26F8   	fcall	_data
              120A  118A         
   774                           	line	37
   775                           	
   776  0732                     l1762:	
   777                           ;RUNNING_LCD.C: 37: value++;
   778  0732  3001               	movlw	(01h)
   779  0733  00F2               	movwf	(??_output+0)+0
   780  0734  0872               	movf	(??_output+0)+0,w
   781  0735  07F3               	addwf	(output@value),f
   782                           	line	38
   783                           	
   784  0736                     l567:	
   785                           	line	35
   786                           	
   787  0736                     l1764:	
   788  0736  0873               	movf	(output@value),w
   789  0737  0084               	movwf	fsr0
   790  0738  120A  118A  2003   	fcall	stringdir
              120A  118A         
   791  073D  3800               	iorlw	0
   792  073E  1D03               	skipz
   793  073F  2F41               	goto	u2141
   794  0740  2F42               	goto	u2140
   795  0741                     u2141:
   796  0741  2F26               	goto	l568
   797  0742                     u2140:
   798                           	
   799  0742                     l569:	
   800                           	line	39
   801                           	
   802  0742                     l570:	
   803  0742  0008               	return
   804                           	opt stack 0
   805                           GLOBAL	__end_of_output
   806  0743                     	__end_of_output:
   807 ;; =============== function _output ends ============
   808                           
   809                           	signat	_output,4216
   810                           	global	_data
   811                           psect	text87,local,class=CODE,delta=2
   812                           global __ptext87
   813  06F8                     __ptext87:
   814                           
   815 ;; *************** function _data *****************
   816 ;; Defined at:
   817 ;;		line 27 in file "C:\Users\Lenovo\Desktop\PIC\TASK\33.RUNNING_LCD\RUNNING_LCD.C"
   818 ;; Parameters:    Size  Location     Type
   819 ;;  z               1    wreg     unsigned char 
   820 ;; Auto vars:     Size  Location     Type
   821 ;;  z               1    1[COMMON] unsigned char 
   822 ;; Return value:  Size  Location     Type
   823 ;;		None               void
   824 ;; Registers used:
   825 ;;		wreg
   826 ;; Tracked objects:
   827 ;;		On entry : 0/0
   828 ;;		On exit  : 0/0
   829 ;;		Unchanged: 0/0
   830 ;; Data sizes:     COMMON   BANK0   BANK1   BANK3   BANK2
   831 ;;      Params:         0       0       0       0       0
   832 ;;      Locals:         1       0       0       0       0
   833 ;;      Temps:          1       0       0       0       0
   834 ;;      Totals:         2       0       0       0       0
   835 ;;Total ram usage:        2 bytes
   836 ;; Hardware stack levels used:    1
   837 ;; This function calls:
   838 ;;		Nothing
   839 ;; This function is called by:
   840 ;;		_output
   841 ;; This function uses a non-reentrant model
   842 ;;
   843                           psect	text87
   844                           	file	"C:\Users\Lenovo\Desktop\PIC\TASK\33.RUNNING_LCD\RUNNING_LCD.C"
   845                           	line	27
   846                           	global	__size_of_data
   847  0013                     	__size_of_data	equ	__end_of_data-_data
   848                           	
   849  06F8                     _data:	
   850                           	opt	stack 6
   851                           ; Regs used in _data: [wreg]
   852                           ;data@z stored from wreg
   853  06F8  00F1               	movwf	(data@z)
   854                           	
   855  06F9                     l1748:	
   856  06F9  0871               	movf	(data@z),w
   857  06FA  1283               	bcf	status, 5	;RP0=0, select bank0
   858  06FB  1303               	bcf	status, 6	;RP1=0, select bank0
   859  06FC  0088               	movwf	(8)	;volatile
   860                           	line	28
   861                           	
   862  06FD                     l1750:	
   863                           ;RUNNING_LCD.C: 28: RC0=1;
   864  06FD  1407               	bsf	(56/8),(56)&7
   865                           	line	29
   866                           	
   867  06FE                     l1752:	
   868                           ;RUNNING_LCD.C: 29: RC1=0;
   869  06FE  1087               	bcf	(57/8),(57)&7
   870                           	line	30
   871                           	
   872  06FF                     l1754:	
   873                           ;RUNNING_LCD.C: 30: RC2=1;
   874  06FF  1507               	bsf	(58/8),(58)&7
   875                           	line	31
   876                           ;RUNNING_LCD.C: 31: _delay((unsigned long)((1)*(4000000/4000.0)));
   877                           	opt asmopt_off
   878  0700  30F9               movlw	249
   879  0701  00F0               movwf	(??_data+0)+0,f
   880  0702                     u2237:
   881  0702  0064               	clrwdt
   882  0703  0BF0               decfsz	(??_data+0)+0,f
   883  0704  2F02               	goto	u2237
   884  0705  2F06               	nop2	;nop
   885  0706  0064               	clrwdt
   886                           opt asmopt_on
   887                           
   888                           	line	32
   889                           	
   890  0707                     l1756:	
   891                           ;RUNNING_LCD.C: 32: RC2=0;
   892  0707  1283               	bcf	status, 5	;RP0=0, select bank0
   893  0708  1303               	bcf	status, 6	;RP1=0, select bank0
   894  0709  1107               	bcf	(58/8),(58)&7
   895                           	line	33
   896                           	
   897  070A                     l564:	
   898  070A  0008               	return
   899                           	opt stack 0
   900                           GLOBAL	__end_of_data
   901  070B                     	__end_of_data:
   902 ;; =============== function _data ends ============
   903                           
   904                           	signat	_data,4216
   905                           	global	_command
   906                           psect	text88,local,class=CODE,delta=2
   907                           global __ptext88
   908  06E5                     __ptext88:
   909                           
   910 ;; *************** function _command *****************
   911 ;; Defined at:
   912 ;;		line 17 in file "C:\Users\Lenovo\Desktop\PIC\TASK\33.RUNNING_LCD\RUNNING_LCD.C"
   913 ;; Parameters:    Size  Location     Type
   914 ;;  y               1    wreg     unsigned char 
   915 ;; Auto vars:     Size  Location     Type
   916 ;;  y               1    1[COMMON] unsigned char 
   917 ;; Return value:  Size  Location     Type
   918 ;;		None               void
   919 ;; Registers used:
   920 ;;		wreg
   921 ;; Tracked objects:
   922 ;;		On entry : 0/0
   923 ;;		On exit  : 0/0
   924 ;;		Unchanged: 0/0
   925 ;; Data sizes:     COMMON   BANK0   BANK1   BANK3   BANK2
   926 ;;      Params:         0       0       0       0       0
   927 ;;      Locals:         1       0       0       0       0
   928 ;;      Temps:          1       0       0       0       0
   929 ;;      Totals:         2       0       0       0       0
   930 ;;Total ram usage:        2 bytes
   931 ;; Hardware stack levels used:    1
   932 ;; This function calls:
   933 ;;		Nothing
   934 ;; This function is called by:
   935 ;;		_initial
   936 ;;		_main
   937 ;; This function uses a non-reentrant model
   938 ;;
   939                           psect	text88
   940                           	file	"C:\Users\Lenovo\Desktop\PIC\TASK\33.RUNNING_LCD\RUNNING_LCD.C"
   941                           	line	17
   942                           	global	__size_of_command
   943  0013                     	__size_of_command	equ	__end_of_command-_command
   944                           	
   945  06E5                     _command:	
   946                           	opt	stack 7
   947                           ; Regs used in _command: [wreg]
   948                           ;command@y stored from wreg
   949  06E5  00F1               	movwf	(command@y)
   950                           	line	18
   951                           	
   952  06E6                     l1738:	
   953                           ;RUNNING_LCD.C: 18: PORTD=y;
   954  06E6  0871               	movf	(command@y),w
   955  06E7  1283               	bcf	status, 5	;RP0=0, select bank0
   956  06E8  1303               	bcf	status, 6	;RP1=0, select bank0
   957  06E9  0088               	movwf	(8)	;volatile
   958                           	line	19
   959                           	
   960  06EA                     l1740:	
   961                           ;RUNNING_LCD.C: 19: RC0=0;
   962  06EA  1007               	bcf	(56/8),(56)&7
   963                           	line	20
   964                           	
   965  06EB                     l1742:	
   966                           ;RUNNING_LCD.C: 20: RC1=0;
   967  06EB  1087               	bcf	(57/8),(57)&7
   968                           	line	21
   969                           	
   970  06EC                     l1744:	
   971                           ;RUNNING_LCD.C: 21: RC2=1;
   972  06EC  1507               	bsf	(58/8),(58)&7
   973                           	line	22
   974                           ;RUNNING_LCD.C: 22: _delay((unsigned long)((1)*(4000000/4000.0)));
   975                           	opt asmopt_off
   976  06ED  30F9               movlw	249
   977  06EE  00F0               movwf	(??_command+0)+0,f
   978  06EF                     u2247:
   979  06EF  0064               	clrwdt
   980  06F0  0BF0               decfsz	(??_command+0)+0,f
   981  06F1  2EEF               	goto	u2247
   982  06F2  2EF3               	nop2	;nop
   983  06F3  0064               	clrwdt
   984                           opt asmopt_on
   985                           
   986                           	line	23
   987                           	
   988  06F4                     l1746:	
   989                           ;RUNNING_LCD.C: 23: RC2=0;
   990  06F4  1283               	bcf	status, 5	;RP0=0, select bank0
   991  06F5  1303               	bcf	status, 6	;RP1=0, select bank0
   992  06F6  1107               	bcf	(58/8),(58)&7
   993                           	line	24
   994                           	
   995  06F7                     l561:	
   996  06F7  0008               	return
   997                           	opt stack 0
   998                           GLOBAL	__end_of_command
   999  06F8                     	__end_of_command:
  1000 ;; =============== function _command ends ============
  1001                           
  1002                           	signat	_command,4216
  1003                           psect	text89,local,class=CODE,delta=2
  1004                           global __ptext89
  1005  0000                     __ptext89:
  1006                           	global	btemp
  1007  007E                     	btemp set 07Eh
  1008                           
  1009                           	DABS	1,126,2	;btemp
  1010                           	global	wtemp0
  1011  007E                     	wtemp0 set btemp


HI-TECH Software PICC Macro Assembler V9.71a build 6446 
Symbol Table                                                                                   Thu Dec 07 11:46:56 2023

                   pc 0002                    fsr 0004                   l561 06F7                   l570 0742  
                 l564 070A                   l573 0723                   l567 0736                   l568 0726  
                 l576 074C                   l569 0742                   l577 07FC                   l578 07FD  
                 l579 07FD                   _RC0 0038                   _RC1 0039                   _RC2 003A  
                 fsr0 0004                  l1800 07B0                  l1810 07D6                  l1802 07B6  
                l1740 06EA                  l1812 07DC                  l1804 07BC                  l1742 06EB  
                l1750 06FD                  l1814 07E2                  l1806 07C9                  l1744 06EC  
                l1752 06FE                  l1760 0726                  l1816 07EF                  l1808 07CF  
                l1746 06F4                  l1738 06E6                  l1754 06FF                  l1762 0732  
                l1818 07F5                  l1770 0747                  l1756 0707                  l1748 06F9  
                l1764 0736                  l1780 076B                  l1772 074C                  l1758 0725  
                l1766 070B                  l1790 078A                  l1782 0772                  l1774 0752  
                l1792 0797                  l1784 0778                  l1776 0758                  l1768 0743  
                l1794 079D                  l1786 077E                  l1778 0765                  l1796 07A4  
                l1788 0784                  l1798 07AA                  STR_1 002D                  STR_2 0009  
                STR_3 0035                  STR_4 003D                  STR_5 0023                  STR_6 0018  
                u2140 0742                  u2141 0741                  u2207 07D1                  u2217 07E8  
                u2227 07F7                  u2237 0702                  u2157 075E                  u2247 06EF  
                u2167 076D                  u2177 0790                  u2187 079F                  u2197 07C2  
                _data 06F8                  _main 0743                  btemp 007E                  start 0000  
               ?_data 0070                 ?_main 0070                 _PORTD 0008                 _TRISC 0087  
               _TRISD 0088       __end_of_command 06F8                 data@z 0071       __end_of_initial 0724  
               pclath 000A                 status 0003                 wtemp0 007E          __end_of_data 070B  
        __end_of_main 0800                ??_data 0070                ??_main 0074                _output 0724  
           ??_command 0070             ??_initial 0072        __pcstackCOMMON 0070            __pmaintext 0743  
             ?_output 0070               _command 06E5       __size_of_output 001F               _initial 070B  
end_of_initialization 06E1        __end_of_output 0743   start_initialization 06E1              ??_output 0072  
         output@value 0073             __pstrings 0003              ?_command 0070              ?_initial 0070  
         __stringbase 0008      __size_of_command 0013      __size_of_initial 0019              __ptext84 0000  
            __ptext85 070B              __ptext86 0724              __ptext87 06F8              __ptext88 06E5  
            __ptext89 0000         __size_of_data 0013         __size_of_main 00BD              command@y 0071  
           stringcode 0003              stringdir 0003              stringtab 0003  
