

HI-TECH Software PIC LITE Macro Assembler V9.71a build 6446 
                                                                                               Sun Feb 04 09:40:17 2024

HI-TECH Software Omniscient Code Generator (Lite mode) build 6446
     1  0000                     opt subtitle "HI-TECH Software Omniscient Code Generator (Lite mode) build 6446"
     2                           
     3                           opt pagewidth 120
     4                           
     5                           	opt lm
     6                           
     7                           	processor	16F877A
     8                           clrc	macro
     9                           	bcf	3,0
    10  0000                     	endm
    11                           clrz	macro
    12                           	bcf	3,2
    13  0000                     	endm
    14                           setc	macro
    15                           	bsf	3,0
    16  0000                     	endm
    17                           setz	macro
    18                           	bsf	3,2
    19  0000                     	endm
    20                           skipc	macro
    21                           	btfss	3,0
    22  0000                     	endm
    23                           skipz	macro
    24                           	btfss	3,2
    25  0000                     	endm
    26                           skipnc	macro
    27                           	btfsc	3,0
    28  0000                     	endm
    29                           skipnz	macro
    30                           	btfsc	3,2
    31  0000                     	endm
    32  0000                     indf	equ	0
    33  0000                     indf0	equ	0
    34  0002                     pc	equ	2
    35  0002                     pcl	equ	2
    36  0003                     status	equ	3
    37  0004                     fsr	equ	4
    38  0004                     fsr0	equ	4
    39  0001                     c	equ	1
    40  0000                     z	equ	0
    41  000A                     pclath	equ	10
    42                           # 2 "C:\Users\Lenovo\Desktop\PIC\TASK\REALTIME_PROJ\3.WATER_TANK\WATER_TANK1.C"
    43                           	psect config,class=CONFIG,delta=2 ;#
    44                           # 2 "C:\Users\Lenovo\Desktop\PIC\TASK\REALTIME_PROJ\3.WATER_TANK\WATER_TANK1.C"
    45  2007  3F72               	dw 0x3f72 ;#
    46                           	FNCALL	_main,_initial
    47                           	FNCALL	_main,_command
    48                           	FNCALL	_main,_output
    49                           	FNCALL	_initial,_command
    50                           	FNCALL	_output,_data
    51                           	FNROOT	_main
    52                           	global	_PORTB
    53                           psect	text84,local,class=CODE,delta=2
    54                           global __ptext84
    55  0000                     __ptext84:
    56  0006                     _PORTB	set	6
    57                           	global	_PORTD
    58  0008                     _PORTD	set	8
    59                           	global	_RB0
    60  0030                     _RB0	set	48
    61                           	global	_RB1
    62  0031                     _RB1	set	49
    63                           	global	_RB2
    64  0032                     _RB2	set	50
    65                           	global	_RC0
    66  0038                     _RC0	set	56
    67                           	global	_RC1
    68  0039                     _RC1	set	57
    69                           	global	_RC2
    70  003A                     _RC2	set	58
    71                           	global	_TRISB
    72  0086                     _TRISB	set	134
    73                           	global	_TRISC
    74  0087                     _TRISC	set	135
    75                           	global	_TRISD
    76  0088                     _TRISD	set	136
    77                           psect	strings,class=STRING,delta=2
    78                           global __pstrings
    79  0003                     __pstrings:
    80                           ;	global	stringdir,stringtab,__stringbase
    81  0003                     stringtab:
    82                           ;	String table - string pointers are 1 byte each
    83  0003                     stringcode:stringdir:
      + 0003                     stringdir:	
    84  0003  3000               movlw high(stringdir)
    85  0004  008A               movwf pclath
    86  0005  0804               movf fsr,w
    87  0006  0A84               incf fsr
    88  0007  0782               	addwf pc
    89  0008                     __stringbase:
    90  0008  3400               	retlw	0
    91                           psect	strings
    92                           	
    93  0009                     STR_3:	
    94  0009  344D               	retlw	77	;'M'
    95  000A  344F               	retlw	79	;'O'
    96  000B  3454               	retlw	84	;'T'
    97  000C  344F               	retlw	79	;'O'
    98  000D  3452               	retlw	82	;'R'
    99  000E  3420               	retlw	32	;' '
   100  000F  344F               	retlw	79	;'O'
   101  0010  3446               	retlw	70	;'F'
   102  0011  3446               	retlw	70	;'F'
   103  0012  3400               	retlw	0
   104                           psect	strings
   105                           	
   106  0013                     STR_1:	
   107  0013  344D               	retlw	77	;'M'
   108  0014  344F               	retlw	79	;'O'
   109  0015  3454               	retlw	84	;'T'
   110  0016  344F               	retlw	79	;'O'
   111  0017  3452               	retlw	82	;'R'
   112  0018  3420               	retlw	32	;' '
   113  0019  344F               	retlw	79	;'O'
   114  001A  344E               	retlw	78	;'N'
   115  001B  3400               	retlw	0
   116                           psect	strings
   117  0013                     STR_2	equ	STR_1+0
   118  0009                     STR_4	equ	STR_3+0
   119                           	file	"WATER_TANK1.as"
   120                           	line	#
   121                           psect cinit,class=CODE,delta=2
   122                           global start_initialization
   123  06DD                     start_initialization:
   124                           
   125                           psect cinit,class=CODE,delta=2
   126                           global end_of_initialization
   127                           
   128                           ;End of C runtime variable initialization code
   129                           
   130  06DD                     end_of_initialization:
   131  06DD  0183               clrf status
   132  06DE  120A  118A  2F3F   ljmp _main	;jump to C main() function
   133                           psect	cstackCOMMON,class=COMMON,space=1
   134                           global __pcstackCOMMON
   135  0070                     __pcstackCOMMON:
   136                           	global	?_command
   137  0070                     ?_command:	; 0 bytes @ 0x0
   138                           	global	??_command
   139  0070                     ??_command:	; 0 bytes @ 0x0
   140                           	global	?_data
   141  0070                     ?_data:	; 0 bytes @ 0x0
   142                           	global	??_data
   143  0070                     ??_data:	; 0 bytes @ 0x0
   144                           	global	?_output
   145  0070                     ?_output:	; 0 bytes @ 0x0
   146                           	global	?_initial
   147  0070                     ?_initial:	; 0 bytes @ 0x0
   148                           	global	?_main
   149  0070                     ?_main:	; 0 bytes @ 0x0
   150  0070                     	ds	1
   151                           	global	command@y
   152  0071                     command@y:	; 1 bytes @ 0x1
   153                           	global	data@z
   154  0071                     data@z:	; 1 bytes @ 0x1
   155  0071                     	ds	1
   156                           	global	??_output
   157  0072                     ??_output:	; 0 bytes @ 0x2
   158                           	global	??_initial
   159  0072                     ??_initial:	; 0 bytes @ 0x2
   160  0072                     	ds	1
   161                           	global	output@value
   162  0073                     output@value:	; 1 bytes @ 0x3
   163  0073                     	ds	1
   164                           	global	??_main
   165  0074                     ??_main:	; 0 bytes @ 0x4
   166  0074                     	ds	3
   167                           	global	main@x
   168  0077                     main@x:	; 2 bytes @ 0x7
   169  0077                     	ds	2
   170 ;;Data sizes: Strings 19, constant 0, data 0, bss 0, persistent 0 stack 0
   171 ;;Auto spaces:   Size  Autos    Used
   172 ;; COMMON          14      9       9
   173 ;; BANK0           80      0       0
   174 ;; BANK1           80      0       0
   175 ;; BANK3           96      0       0
   176 ;; BANK2           96      0       0
   177                           
   178 ;;
   179 ;; Pointer list with targets:
   180                           
   181 ;; output@value	PTR unsigned char  size(1) Largest target is 10
   182 ;;		 -> STR_4(CODE[10]), STR_3(CODE[10]), STR_2(CODE[9]), STR_1(CODE[9]), 
   183 ;;
   184                           
   185                           
   186 ;;
   187 ;; Critical Paths under _main in COMMON
   188 ;;
   189 ;;   _main->_output
   190 ;;   _initial->_command
   191 ;;   _output->_data
   192 ;;
   193 ;; Critical Paths under _main in BANK0
   194 ;;
   195 ;;   None.
   196 ;;
   197 ;; Critical Paths under _main in BANK1
   198 ;;
   199 ;;   None.
   200 ;;
   201 ;; Critical Paths under _main in BANK3
   202 ;;
   203 ;;   None.
   204 ;;
   205 ;; Critical Paths under _main in BANK2
   206 ;;
   207 ;;   None.
   208                           
   209 ;;
   210 ;;Main: autosize = 0, tempsize = 3, incstack = 0, save=0
   211 ;;
   212                           
   213 ;;
   214 ;;Call Graph Tables:
   215 ;;
   216 ;; ---------------------------------------------------------------------------------
   217 ;; (Depth) Function   	        Calls       Base Space   Used Autos Params    Refs
   218 ;; ---------------------------------------------------------------------------------
   219 ;; (0) _main                                                 5     5      0      90
   220 ;;                                              4 COMMON     5     5      0
   221 ;;                            _initial
   222 ;;                            _command
   223 ;;                             _output
   224 ;; ---------------------------------------------------------------------------------
   225 ;; (1) _initial                                              0     0      0      15
   226 ;;                            _command
   227 ;; ---------------------------------------------------------------------------------
   228 ;; (1) _output                                               2     2      0      45
   229 ;;                                              2 COMMON     2     2      0
   230 ;;                               _data
   231 ;; ---------------------------------------------------------------------------------
   232 ;; (2) _data                                                 2     2      0      15
   233 ;;                                              0 COMMON     2     2      0
   234 ;; ---------------------------------------------------------------------------------
   235 ;; (1) _command                                              2     2      0      15
   236 ;;                                              0 COMMON     2     2      0
   237 ;; ---------------------------------------------------------------------------------
   238 ;; Estimated maximum stack depth 2
   239 ;; ---------------------------------------------------------------------------------
   240                           
   241 ;; Call Graph Graphs:
   242                           
   243 ;; _main (ROOT)
   244 ;;   _initial
   245 ;;     _command
   246 ;;   _command
   247 ;;   _output
   248 ;;     _data
   249 ;;
   250                           
   251 ;; Address spaces:
   252                           
   253 ;;Name               Size   Autos  Total    Cost      Usage
   254 ;;BITCOMMON            E      0       0       0        0.0%
   255 ;;EEDATA             100      0       0       0        0.0%
   256 ;;NULL                 0      0       0       0        0.0%
   257 ;;CODE                 0      0       0       0        0.0%
   258 ;;COMMON               E      9       9       1       64.3%
   259 ;;BITSFR0              0      0       0       1        0.0%
   260 ;;SFR0                 0      0       0       1        0.0%
   261 ;;BITSFR1              0      0       0       2        0.0%
   262 ;;SFR1                 0      0       0       2        0.0%
   263 ;;STACK                0      0       2       2        0.0%
   264 ;;ABS                  0      0       0       3        0.0%
   265 ;;BITBANK0            50      0       0       4        0.0%
   266 ;;BITSFR3              0      0       0       4        0.0%
   267 ;;SFR3                 0      0       0       4        0.0%
   268 ;;BANK0               50      0       0       5        0.0%
   269 ;;BITSFR2              0      0       0       5        0.0%
   270 ;;SFR2                 0      0       0       5        0.0%
   271 ;;BITBANK1            50      0       0       6        0.0%
   272 ;;BANK1               50      0       0       7        0.0%
   273 ;;BITBANK3            60      0       0       8        0.0%
   274 ;;BANK3               60      0       0       9        0.0%
   275 ;;BITBANK2            60      0       0      10        0.0%
   276 ;;BANK2               60      0       0      11        0.0%
   277 ;;DATA                 0      0       0      12        0.0%
   278                           
   279                           	global	_main
   280                           psect	maintext,global,class=CODE,delta=2
   281                           global __pmaintext
   282  073F                     __pmaintext:
   283                           
   284 ;; *************** function _main *****************
   285 ;; Defined at:
   286 ;;		line 44 in file "C:\Users\Lenovo\Desktop\PIC\TASK\REALTIME_PROJ\3.WATER_TANK\WATER_TANK1.C"
   287 ;; Parameters:    Size  Location     Type
   288 ;;		None
   289 ;; Auto vars:     Size  Location     Type
   290 ;;  x               2    7[COMMON] int 
   291 ;; Return value:  Size  Location     Type
   292 ;;		None               void
   293 ;; Registers used:
   294 ;;		wreg, fsr0l, fsr0h, status,2, status,0, pclath, cstack
   295 ;; Tracked objects:
   296 ;;		On entry : 17F/0
   297 ;;		On exit  : 0/0
   298 ;;		Unchanged: 0/0
   299 ;; Data sizes:     COMMON   BANK0   BANK1   BANK3   BANK2
   300 ;;      Params:         0       0       0       0       0
   301 ;;      Locals:         2       0       0       0       0
   302 ;;      Temps:          3       0       0       0       0
   303 ;;      Totals:         5       0       0       0       0
   304 ;;Total ram usage:        5 bytes
   305 ;; Hardware stack levels required when called:    2
   306 ;; This function calls:
   307 ;;		_initial
   308 ;;		_command
   309 ;;		_output
   310 ;; This function is called by:
   311 ;;		Startup code after reset
   312 ;; This function uses a non-reentrant model
   313 ;;
   314                           psect	maintext
   315                           	file	"C:\Users\Lenovo\Desktop\PIC\TASK\REALTIME_PROJ\3.WATER_TANK\WATER_TANK1.C"
   316                           	line	44
   317                           	global	__size_of_main
   318  00C1                     	__size_of_main	equ	__end_of_main-_main
   319                           	
   320  073F                     _main:	
   321                           	opt	stack 8
   322                           ; Regs used in _main: [wreg-fsr0h+status,2+status,0+pclath+cstack]
   323                           	line	45
   324                           	
   325  073F                     l1775:	
   326                           ;WATER_TANK1.C: 45: TRISB=0X03;PORTB=0X00;
   327  073F  3003               	movlw	(03h)
   328  0740  1683               	bsf	status, 5	;RP0=1, select bank1
   329  0741  1303               	bcf	status, 6	;RP1=0, select bank1
   330  0742  0086               	movwf	(134)^080h	;volatile
   331                           	
   332  0743                     l1777:	
   333  0743  1283               	bcf	status, 5	;RP0=0, select bank0
   334  0744  1303               	bcf	status, 6	;RP1=0, select bank0
   335  0745  0186               	clrf	(6)	;volatile
   336                           	line	46
   337                           	
   338  0746                     l1779:	
   339                           ;WATER_TANK1.C: 46: TRISD=0X00;
   340  0746  1683               	bsf	status, 5	;RP0=1, select bank1
   341  0747  1303               	bcf	status, 6	;RP1=0, select bank1
   342  0748  0188               	clrf	(136)^080h	;volatile
   343                           	line	47
   344                           	
   345  0749                     l1781:	
   346                           ;WATER_TANK1.C: 47: TRISC=0X00;
   347  0749  0187               	clrf	(135)^080h	;volatile
   348                           	line	49
   349                           	
   350  074A                     l1783:	
   351                           ;WATER_TANK1.C: 48: int x;
   352                           ;WATER_TANK1.C: 49: initial();
   353  074A  120A  118A  2707   	fcall	_initial
              120A  118A         
   354                           	line	50
   355                           ;WATER_TANK1.C: 50: while(1){
   356                           	
   357  074F                     l576:	
   358                           	line	51
   359                           	
   360  074F                     l1785:	
   361                           ;WATER_TANK1.C: 51: if(RB0==0 && RB1==0)
   362  074F  1283               	bcf	status, 5	;RP0=0, select bank0
   363  0750  1303               	bcf	status, 6	;RP1=0, select bank0
   364  0751  1806               	btfsc	(48/8),(48)&7
   365  0752  2F54               	goto	u2151
   366  0753  2F55               	goto	u2150
   367  0754                     u2151:
   368  0754  2F7C               	goto	l577
   369  0755                     u2150:
   370                           	
   371  0755                     l1787:	
   372  0755  1886               	btfsc	(49/8),(49)&7
   373  0756  2F58               	goto	u2161
   374  0757  2F59               	goto	u2160
   375  0758                     u2161:
   376  0758  2F7C               	goto	l577
   377  0759                     u2160:
   378                           	line	52
   379                           	
   380  0759                     l1789:	
   381                           ;WATER_TANK1.C: 52: { command(0x01);
   382  0759  3001               	movlw	(01h)
   383  075A  120A  118A  26E1   	fcall	_command
              120A  118A         
   384                           	line	53
   385                           ;WATER_TANK1.C: 53: command(0x80);
   386  075F  3080               	movlw	(080h)
   387  0760  120A  118A  26E1   	fcall	_command
              120A  118A         
   388                           	line	54
   389                           	
   390  0765                     l1791:	
   391                           ;WATER_TANK1.C: 54: output("MOTOR ON");
   392  0765  300B               	movlw	((STR_1-__stringbase))&0ffh
   393  0766  120A  118A  2720   	fcall	_output
              120A  118A         
   394                           	line	55
   395                           	
   396  076B                     l1793:	
   397                           ;WATER_TANK1.C: 55: _delay((unsigned long)((1000)*(4000000/4000.0)));
   398                           	opt asmopt_off
   399  076B  3006               movlw  6
   400  076C  00F6               movwf	((??_main+0)+0+2),f
   401  076D  300E               movlw	14
   402  076E  00F5               movwf	((??_main+0)+0+1),f
   403  076F  30B0               	movlw	176
   404  0770  00F4               movwf	((??_main+0)+0),f
   405  0771                     u2227:
   406  0771  0BF4               	decfsz	((??_main+0)+0),f
   407  0772  2F71               	goto	u2227
   408  0773  0BF5               	decfsz	((??_main+0)+0+1),f
   409  0774  2F71               	goto	u2227
   410  0775  0BF6               	decfsz	((??_main+0)+0+2),f
   411  0776  2F71               	goto	u2227
   412                           opt asmopt_on
   413                           
   414                           	line	56
   415                           	
   416  0777                     l1795:	
   417                           ;WATER_TANK1.C: 56: x=0;
   418  0777  3000               	movlw	low(0)
   419  0778  00F7               	movwf	(main@x)
   420  0779  3000               	movlw	high(0)
   421  077A  00F8               	movwf	((main@x))+1
   422                           	line	57
   423                           ;WATER_TANK1.C: 57: }
   424  077B  2FFC               	goto	l578
   425                           	line	58
   426                           	
   427  077C                     l577:	
   428                           ;WATER_TANK1.C: 58: else if(RB0==1 && RB1==0)
   429  077C  1283               	bcf	status, 5	;RP0=0, select bank0
   430  077D  1303               	bcf	status, 6	;RP1=0, select bank0
   431  077E  1C06               	btfss	(48/8),(48)&7
   432  077F  2F81               	goto	u2171
   433  0780  2F82               	goto	u2170
   434  0781                     u2171:
   435  0781  2FCA               	goto	l579
   436  0782                     u2170:
   437                           	
   438  0782                     l1797:	
   439  0782  1886               	btfsc	(49/8),(49)&7
   440  0783  2F85               	goto	u2181
   441  0784  2F86               	goto	u2180
   442  0785                     u2181:
   443  0785  2FCA               	goto	l579
   444  0786                     u2180:
   445                           	line	59
   446                           	
   447  0786                     l1799:	
   448                           ;WATER_TANK1.C: 59: { if(x==0){
   449  0786  0878               	movf	((main@x+1)),w
   450  0787  0477               	iorwf	((main@x)),w
   451  0788  1D03               	skipz
   452  0789  2F8B               	goto	u2191
   453  078A  2F8C               	goto	u2190
   454  078B                     u2191:
   455  078B  2FAB               	goto	l580
   456  078C                     u2190:
   457                           	line	60
   458                           	
   459  078C                     l1801:	
   460                           ;WATER_TANK1.C: 60: command(0x01);
   461  078C  3001               	movlw	(01h)
   462  078D  120A  118A  26E1   	fcall	_command
              120A  118A         
   463                           	line	61
   464                           ;WATER_TANK1.C: 61: command(0x80);
   465  0792  3080               	movlw	(080h)
   466  0793  120A  118A  26E1   	fcall	_command
              120A  118A         
   467                           	line	62
   468                           	
   469  0798                     l1803:	
   470                           ;WATER_TANK1.C: 62: output("MOTOR ON");
   471  0798  300B               	movlw	((STR_2-__stringbase))&0ffh
   472  0799  120A  118A  2720   	fcall	_output
              120A  118A         
   473                           	line	63
   474                           	
   475  079E                     l1805:	
   476                           ;WATER_TANK1.C: 63: _delay((unsigned long)((1000)*(4000000/4000.0)));
   477                           	opt asmopt_off
   478  079E  3006               movlw  6
   479  079F  00F6               movwf	((??_main+0)+0+2),f
   480  07A0  300E               movlw	14
   481  07A1  00F5               movwf	((??_main+0)+0+1),f
   482  07A2  30B0               	movlw	176
   483  07A3  00F4               movwf	((??_main+0)+0),f
   484  07A4                     u2237:
   485  07A4  0BF4               	decfsz	((??_main+0)+0),f
   486  07A5  2FA4               	goto	u2237
   487  07A6  0BF5               	decfsz	((??_main+0)+0+1),f
   488  07A7  2FA4               	goto	u2237
   489  07A8  0BF6               	decfsz	((??_main+0)+0+2),f
   490  07A9  2FA4               	goto	u2237
   491                           opt asmopt_on
   492                           
   493                           	line	64
   494                           ;WATER_TANK1.C: 64: }
   495  07AA  2FC9               	goto	l581
   496                           	line	65
   497                           	
   498  07AB                     l580:	
   499                           	line	67
   500                           	
   501  07AB                     l1807:	
   502                           ;WATER_TANK1.C: 65: else
   503                           ;WATER_TANK1.C: 66: {
   504                           ;WATER_TANK1.C: 67: command(0x01);
   505  07AB  3001               	movlw	(01h)
   506  07AC  120A  118A  26E1   	fcall	_command
              120A  118A         
   507                           	line	68
   508                           ;WATER_TANK1.C: 68: command(0x80);
   509  07B1  3080               	movlw	(080h)
   510  07B2  120A  118A  26E1   	fcall	_command
              120A  118A         
   511                           	line	69
   512                           	
   513  07B7                     l1809:	
   514                           ;WATER_TANK1.C: 69: output("MOTOR OFF");
   515  07B7  3001               	movlw	((STR_3-__stringbase))&0ffh
   516  07B8  120A  118A  2720   	fcall	_output
              120A  118A         
   517                           	line	70
   518                           	
   519  07BD                     l1811:	
   520                           ;WATER_TANK1.C: 70: _delay((unsigned long)((1000)*(4000000/4000.0)));
   521                           	opt asmopt_off
   522  07BD  3006               movlw  6
   523  07BE  00F6               movwf	((??_main+0)+0+2),f
   524  07BF  300E               movlw	14
   525  07C0  00F5               movwf	((??_main+0)+0+1),f
   526  07C1  30B0               	movlw	176
   527  07C2  00F4               movwf	((??_main+0)+0),f
   528  07C3                     u2247:
   529  07C3  0BF4               	decfsz	((??_main+0)+0),f
   530  07C4  2FC3               	goto	u2247
   531  07C5  0BF5               	decfsz	((??_main+0)+0+1),f
   532  07C6  2FC3               	goto	u2247
   533  07C7  0BF6               	decfsz	((??_main+0)+0+2),f
   534  07C8  2FC3               	goto	u2247
   535                           opt asmopt_on
   536                           
   537                           	line	71
   538                           	
   539  07C9                     l581:	
   540                           	line	72
   541                           ;WATER_TANK1.C: 71: }
   542                           ;WATER_TANK1.C: 72: }
   543  07C9  2FFC               	goto	l582
   544                           	line	73
   545                           	
   546  07CA                     l579:	
   547                           ;WATER_TANK1.C: 73: else if(RB1==1 && RB0==1)
   548  07CA  1283               	bcf	status, 5	;RP0=0, select bank0
   549  07CB  1303               	bcf	status, 6	;RP1=0, select bank0
   550  07CC  1C86               	btfss	(49/8),(49)&7
   551  07CD  2FCF               	goto	u2201
   552  07CE  2FD0               	goto	u2200
   553  07CF                     u2201:
   554  07CF  2FFC               	goto	l583
   555  07D0                     u2200:
   556                           	
   557  07D0                     l1813:	
   558  07D0  1C06               	btfss	(48/8),(48)&7
   559  07D1  2FD3               	goto	u2211
   560  07D2  2FD4               	goto	u2210
   561  07D3                     u2211:
   562  07D3  2FFC               	goto	l583
   563  07D4                     u2210:
   564                           	line	74
   565                           	
   566  07D4                     l1815:	
   567                           ;WATER_TANK1.C: 74: { command(0x01);
   568  07D4  3001               	movlw	(01h)
   569  07D5  120A  118A  26E1   	fcall	_command
              120A  118A         
   570                           	line	75
   571                           ;WATER_TANK1.C: 75: command(0x80);
   572  07DA  3080               	movlw	(080h)
   573  07DB  120A  118A  26E1   	fcall	_command
              120A  118A         
   574                           	line	76
   575                           	
   576  07E0                     l1817:	
   577                           ;WATER_TANK1.C: 76: output("MOTOR OFF");
   578  07E0  3001               	movlw	((STR_4-__stringbase))&0ffh
   579  07E1  120A  118A  2720   	fcall	_output
              120A  118A         
   580                           	line	77
   581                           	
   582  07E6                     l1819:	
   583                           ;WATER_TANK1.C: 77: RB2=1;
   584  07E6  1283               	bcf	status, 5	;RP0=0, select bank0
   585  07E7  1303               	bcf	status, 6	;RP1=0, select bank0
   586  07E8  1506               	bsf	(50/8),(50)&7
   587                           	line	78
   588                           	
   589  07E9                     l1821:	
   590                           ;WATER_TANK1.C: 78: _delay((unsigned long)((1000)*(4000000/4000.0)));
   591                           	opt asmopt_off
   592  07E9  3006               movlw  6
   593  07EA  00F6               movwf	((??_main+0)+0+2),f
   594  07EB  300E               movlw	14
   595  07EC  00F5               movwf	((??_main+0)+0+1),f
   596  07ED  30B0               	movlw	176
   597  07EE  00F4               movwf	((??_main+0)+0),f
   598  07EF                     u2257:
   599  07EF  0BF4               	decfsz	((??_main+0)+0),f
   600  07F0  2FEF               	goto	u2257
   601  07F1  0BF5               	decfsz	((??_main+0)+0+1),f
   602  07F2  2FEF               	goto	u2257
   603  07F3  0BF6               	decfsz	((??_main+0)+0+2),f
   604  07F4  2FEF               	goto	u2257
   605                           opt asmopt_on
   606                           
   607                           	line	79
   608                           	
   609  07F5                     l1823:	
   610                           ;WATER_TANK1.C: 79: x=1;
   611  07F5  3001               	movlw	low(01h)
   612  07F6  00F7               	movwf	(main@x)
   613  07F7  3000               	movlw	high(01h)
   614  07F8  00F8               	movwf	((main@x))+1
   615                           	line	80
   616                           	
   617  07F9                     l1825:	
   618                           ;WATER_TANK1.C: 80: RB2=0;
   619  07F9  1283               	bcf	status, 5	;RP0=0, select bank0
   620  07FA  1303               	bcf	status, 6	;RP1=0, select bank0
   621  07FB  1106               	bcf	(50/8),(50)&7
   622                           	line	81
   623                           	
   624  07FC                     l583:	
   625                           	line	82
   626                           	
   627  07FC                     l582:	
   628                           	
   629  07FC                     l578:	
   630                           	
   631  07FC                     l584:	
   632                           	line	50
   633  07FC  2F4F               	goto	l576
   634                           	
   635  07FD                     l585:	
   636                           	line	84
   637                           	
   638  07FD                     l586:	
   639                           	global	start
   640  07FD  120A  118A  2800   	ljmp	start
   641                           	opt stack 0
   642                           GLOBAL	__end_of_main
   643  0800                     	__end_of_main:
   644 ;; =============== function _main ends ============
   645                           
   646                           	signat	_main,88
   647                           	global	_initial
   648                           psect	text85,local,class=CODE,delta=2
   649                           global __ptext85
   650  0707                     __ptext85:
   651                           
   652 ;; *************** function _initial *****************
   653 ;; Defined at:
   654 ;;		line 37 in file "C:\Users\Lenovo\Desktop\PIC\TASK\REALTIME_PROJ\3.WATER_TANK\WATER_TANK1.C"
   655 ;; Parameters:    Size  Location     Type
   656 ;;		None
   657 ;; Auto vars:     Size  Location     Type
   658 ;;		None
   659 ;; Return value:  Size  Location     Type
   660 ;;		None               void
   661 ;; Registers used:
   662 ;;		wreg, status,2, status,0, pclath, cstack
   663 ;; Tracked objects:
   664 ;;		On entry : 0/0
   665 ;;		On exit  : 0/0
   666 ;;		Unchanged: 0/0
   667 ;; Data sizes:     COMMON   BANK0   BANK1   BANK3   BANK2
   668 ;;      Params:         0       0       0       0       0
   669 ;;      Locals:         0       0       0       0       0
   670 ;;      Temps:          0       0       0       0       0
   671 ;;      Totals:         0       0       0       0       0
   672 ;;Total ram usage:        0 bytes
   673 ;; Hardware stack levels used:    1
   674 ;; Hardware stack levels required when called:    1
   675 ;; This function calls:
   676 ;;		_command
   677 ;; This function is called by:
   678 ;;		_main
   679 ;; This function uses a non-reentrant model
   680 ;;
   681                           psect	text85
   682                           	file	"C:\Users\Lenovo\Desktop\PIC\TASK\REALTIME_PROJ\3.WATER_TANK\WATER_TANK1.C"
   683                           	line	37
   684                           	global	__size_of_initial
   685  0019                     	__size_of_initial	equ	__end_of_initial-_initial
   686                           	
   687  0707                     _initial:	
   688                           	opt	stack 7
   689                           ; Regs used in _initial: [wreg+status,2+status,0+pclath+cstack]
   690                           	line	38
   691                           	
   692  0707                     l1773:	
   693                           ;WATER_TANK1.C: 38: command(0x38);
   694  0707  3038               	movlw	(038h)
   695  0708  120A  118A  26E1   	fcall	_command
              120A  118A         
   696                           	line	39
   697                           ;WATER_TANK1.C: 39: command(0x01);
   698  070D  3001               	movlw	(01h)
   699  070E  120A  118A  26E1   	fcall	_command
              120A  118A         
   700                           	line	40
   701                           ;WATER_TANK1.C: 40: command(0x06);
   702  0713  3006               	movlw	(06h)
   703  0714  120A  118A  26E1   	fcall	_command
              120A  118A         
   704                           	line	41
   705                           ;WATER_TANK1.C: 41: command(0x0C);
   706  0719  300C               	movlw	(0Ch)
   707  071A  120A  118A  26E1   	fcall	_command
              120A  118A         
   708                           	line	42
   709                           	
   710  071F                     l573:	
   711  071F  0008               	return
   712                           	opt stack 0
   713                           GLOBAL	__end_of_initial
   714  0720                     	__end_of_initial:
   715 ;; =============== function _initial ends ============
   716                           
   717                           	signat	_initial,88
   718                           	global	_output
   719                           psect	text86,local,class=CODE,delta=2
   720                           global __ptext86
   721  0720                     __ptext86:
   722                           
   723 ;; *************** function _output *****************
   724 ;; Defined at:
   725 ;;		line 30 in file "C:\Users\Lenovo\Desktop\PIC\TASK\REALTIME_PROJ\3.WATER_TANK\WATER_TANK1.C"
   726 ;; Parameters:    Size  Location     Type
   727 ;;  value           1    wreg     PTR unsigned char 
   728 ;;		 -> STR_4(10), STR_3(10), STR_2(9), STR_1(9), 
   729 ;; Auto vars:     Size  Location     Type
   730 ;;  value           1    3[COMMON] PTR unsigned char 
   731 ;;		 -> STR_4(10), STR_3(10), STR_2(9), STR_1(9), 
   732 ;; Return value:  Size  Location     Type
   733 ;;		None               void
   734 ;; Registers used:
   735 ;;		wreg, fsr0l, fsr0h, status,2, status,0, pclath, cstack
   736 ;; Tracked objects:
   737 ;;		On entry : 0/0
   738 ;;		On exit  : 0/0
   739 ;;		Unchanged: 0/0
   740 ;; Data sizes:     COMMON   BANK0   BANK1   BANK3   BANK2
   741 ;;      Params:         0       0       0       0       0
   742 ;;      Locals:         1       0       0       0       0
   743 ;;      Temps:          1       0       0       0       0
   744 ;;      Totals:         2       0       0       0       0
   745 ;;Total ram usage:        2 bytes
   746 ;; Hardware stack levels used:    1
   747 ;; Hardware stack levels required when called:    1
   748 ;; This function calls:
   749 ;;		_data
   750 ;; This function is called by:
   751 ;;		_main
   752 ;; This function uses a non-reentrant model
   753 ;;
   754                           psect	text86
   755                           	file	"C:\Users\Lenovo\Desktop\PIC\TASK\REALTIME_PROJ\3.WATER_TANK\WATER_TANK1.C"
   756                           	line	30
   757                           	global	__size_of_output
   758  001F                     	__size_of_output	equ	__end_of_output-_output
   759                           	
   760  0720                     _output:	
   761                           	opt	stack 7
   762                           ; Regs used in _output: [wreg-fsr0h+status,2+status,0+pclath+cstack]
   763                           ;output@value stored from wreg
   764  0720  00F3               	movwf	(output@value)
   765                           	line	31
   766                           	
   767  0721                     l1765:	
   768                           ;WATER_TANK1.C: 31: while(*value!='\0')
   769  0721  2F32               	goto	l567
   770                           	
   771  0722                     l568:	
   772                           	line	33
   773                           	
   774  0722                     l1767:	
   775                           ;WATER_TANK1.C: 32: {
   776                           ;WATER_TANK1.C: 33: data(*value);
   777  0722  0873               	movf	(output@value),w
   778  0723  0084               	movwf	fsr0
   779  0724  120A  118A  2003   	fcall	stringdir
              120A  118A         
   780  0729  120A  118A  26F4   	fcall	_data
              120A  118A         
   781                           	line	34
   782                           	
   783  072E                     l1769:	
   784                           ;WATER_TANK1.C: 34: value++;}
   785  072E  3001               	movlw	(01h)
   786  072F  00F2               	movwf	(??_output+0)+0
   787  0730  0872               	movf	(??_output+0)+0,w
   788  0731  07F3               	addwf	(output@value),f
   789                           	
   790  0732                     l567:	
   791                           	line	31
   792                           	
   793  0732                     l1771:	
   794  0732  0873               	movf	(output@value),w
   795  0733  0084               	movwf	fsr0
   796  0734  120A  118A  2003   	fcall	stringdir
              120A  118A         
   797  0739  3800               	iorlw	0
   798  073A  1D03               	skipz
   799  073B  2F3D               	goto	u2141
   800  073C  2F3E               	goto	u2140
   801  073D                     u2141:
   802  073D  2F22               	goto	l568
   803  073E                     u2140:
   804                           	
   805  073E                     l569:	
   806                           	line	35
   807                           	
   808  073E                     l570:	
   809  073E  0008               	return
   810                           	opt stack 0
   811                           GLOBAL	__end_of_output
   812  073F                     	__end_of_output:
   813 ;; =============== function _output ends ============
   814                           
   815                           	signat	_output,4216
   816                           	global	_data
   817                           psect	text87,local,class=CODE,delta=2
   818                           global __ptext87
   819  06F4                     __ptext87:
   820                           
   821 ;; *************** function _data *****************
   822 ;; Defined at:
   823 ;;		line 22 in file "C:\Users\Lenovo\Desktop\PIC\TASK\REALTIME_PROJ\3.WATER_TANK\WATER_TANK1.C"
   824 ;; Parameters:    Size  Location     Type
   825 ;;  z               1    wreg     unsigned char 
   826 ;; Auto vars:     Size  Location     Type
   827 ;;  z               1    1[COMMON] unsigned char 
   828 ;; Return value:  Size  Location     Type
   829 ;;		None               void
   830 ;; Registers used:
   831 ;;		wreg
   832 ;; Tracked objects:
   833 ;;		On entry : 0/0
   834 ;;		On exit  : 0/0
   835 ;;		Unchanged: 0/0
   836 ;; Data sizes:     COMMON   BANK0   BANK1   BANK3   BANK2
   837 ;;      Params:         0       0       0       0       0
   838 ;;      Locals:         1       0       0       0       0
   839 ;;      Temps:          1       0       0       0       0
   840 ;;      Totals:         2       0       0       0       0
   841 ;;Total ram usage:        2 bytes
   842 ;; Hardware stack levels used:    1
   843 ;; This function calls:
   844 ;;		Nothing
   845 ;; This function is called by:
   846 ;;		_output
   847 ;; This function uses a non-reentrant model
   848 ;;
   849                           psect	text87
   850                           	file	"C:\Users\Lenovo\Desktop\PIC\TASK\REALTIME_PROJ\3.WATER_TANK\WATER_TANK1.C"
   851                           	line	22
   852                           	global	__size_of_data
   853  0013                     	__size_of_data	equ	__end_of_data-_data
   854                           	
   855  06F4                     _data:	
   856                           	opt	stack 6
   857                           ; Regs used in _data: [wreg]
   858                           ;data@z stored from wreg
   859  06F4  00F1               	movwf	(data@z)
   860                           	
   861  06F5                     l1755:	
   862  06F5  0871               	movf	(data@z),w
   863  06F6  1283               	bcf	status, 5	;RP0=0, select bank0
   864  06F7  1303               	bcf	status, 6	;RP1=0, select bank0
   865  06F8  0088               	movwf	(8)	;volatile
   866                           	line	23
   867                           	
   868  06F9                     l1757:	
   869                           ;WATER_TANK1.C: 23: RC0=1;
   870  06F9  1407               	bsf	(56/8),(56)&7
   871                           	line	24
   872                           	
   873  06FA                     l1759:	
   874                           ;WATER_TANK1.C: 24: RC1=0;
   875  06FA  1087               	bcf	(57/8),(57)&7
   876                           	line	25
   877                           	
   878  06FB                     l1761:	
   879                           ;WATER_TANK1.C: 25: RC2=1;
   880  06FB  1507               	bsf	(58/8),(58)&7
   881                           	line	26
   882                           ;WATER_TANK1.C: 26: _delay((unsigned long)((1)*(4000000/4000.0)));
   883                           	opt asmopt_off
   884  06FC  30F9               movlw	249
   885  06FD  00F0               movwf	(??_data+0)+0,f
   886  06FE                     u2267:
   887  06FE  0064               	clrwdt
   888  06FF  0BF0               decfsz	(??_data+0)+0,f
   889  0700  2EFE               	goto	u2267
   890  0701  2F02               	nop2	;nop
   891  0702  0064               	clrwdt
   892                           opt asmopt_on
   893                           
   894                           	line	27
   895                           	
   896  0703                     l1763:	
   897                           ;WATER_TANK1.C: 27: RC2=0;
   898  0703  1283               	bcf	status, 5	;RP0=0, select bank0
   899  0704  1303               	bcf	status, 6	;RP1=0, select bank0
   900  0705  1107               	bcf	(58/8),(58)&7
   901                           	line	28
   902                           	
   903  0706                     l564:	
   904  0706  0008               	return
   905                           	opt stack 0
   906                           GLOBAL	__end_of_data
   907  0707                     	__end_of_data:
   908 ;; =============== function _data ends ============
   909                           
   910                           	signat	_data,4216
   911                           	global	_command
   912                           psect	text88,local,class=CODE,delta=2
   913                           global __ptext88
   914  06E1                     __ptext88:
   915                           
   916 ;; *************** function _command *****************
   917 ;; Defined at:
   918 ;;		line 12 in file "C:\Users\Lenovo\Desktop\PIC\TASK\REALTIME_PROJ\3.WATER_TANK\WATER_TANK1.C"
   919 ;; Parameters:    Size  Location     Type
   920 ;;  y               1    wreg     unsigned char 
   921 ;; Auto vars:     Size  Location     Type
   922 ;;  y               1    1[COMMON] unsigned char 
   923 ;; Return value:  Size  Location     Type
   924 ;;		None               void
   925 ;; Registers used:
   926 ;;		wreg
   927 ;; Tracked objects:
   928 ;;		On entry : 0/0
   929 ;;		On exit  : 0/0
   930 ;;		Unchanged: 0/0
   931 ;; Data sizes:     COMMON   BANK0   BANK1   BANK3   BANK2
   932 ;;      Params:         0       0       0       0       0
   933 ;;      Locals:         1       0       0       0       0
   934 ;;      Temps:          1       0       0       0       0
   935 ;;      Totals:         2       0       0       0       0
   936 ;;Total ram usage:        2 bytes
   937 ;; Hardware stack levels used:    1
   938 ;; This function calls:
   939 ;;		Nothing
   940 ;; This function is called by:
   941 ;;		_initial
   942 ;;		_main
   943 ;; This function uses a non-reentrant model
   944 ;;
   945                           psect	text88
   946                           	file	"C:\Users\Lenovo\Desktop\PIC\TASK\REALTIME_PROJ\3.WATER_TANK\WATER_TANK1.C"
   947                           	line	12
   948                           	global	__size_of_command
   949  0013                     	__size_of_command	equ	__end_of_command-_command
   950                           	
   951  06E1                     _command:	
   952                           	opt	stack 7
   953                           ; Regs used in _command: [wreg]
   954                           ;command@y stored from wreg
   955  06E1  00F1               	movwf	(command@y)
   956                           	line	13
   957                           	
   958  06E2                     l1745:	
   959                           ;WATER_TANK1.C: 13: PORTD=y;
   960  06E2  0871               	movf	(command@y),w
   961  06E3  1283               	bcf	status, 5	;RP0=0, select bank0
   962  06E4  1303               	bcf	status, 6	;RP1=0, select bank0
   963  06E5  0088               	movwf	(8)	;volatile
   964                           	line	14
   965                           	
   966  06E6                     l1747:	
   967                           ;WATER_TANK1.C: 14: RC0=0;
   968  06E6  1007               	bcf	(56/8),(56)&7
   969                           	line	15
   970                           	
   971  06E7                     l1749:	
   972                           ;WATER_TANK1.C: 15: RC1=0;
   973  06E7  1087               	bcf	(57/8),(57)&7
   974                           	line	16
   975                           	
   976  06E8                     l1751:	
   977                           ;WATER_TANK1.C: 16: RC2=1;
   978  06E8  1507               	bsf	(58/8),(58)&7
   979                           	line	17
   980                           ;WATER_TANK1.C: 17: _delay((unsigned long)((1)*(4000000/4000.0)));
   981                           	opt asmopt_off
   982  06E9  30F9               movlw	249
   983  06EA  00F0               movwf	(??_command+0)+0,f
   984  06EB                     u2277:
   985  06EB  0064               	clrwdt
   986  06EC  0BF0               decfsz	(??_command+0)+0,f
   987  06ED  2EEB               	goto	u2277
   988  06EE  2EEF               	nop2	;nop
   989  06EF  0064               	clrwdt
   990                           opt asmopt_on
   991                           
   992                           	line	18
   993                           	
   994  06F0                     l1753:	
   995                           ;WATER_TANK1.C: 18: RC2=0;
   996  06F0  1283               	bcf	status, 5	;RP0=0, select bank0
   997  06F1  1303               	bcf	status, 6	;RP1=0, select bank0
   998  06F2  1107               	bcf	(58/8),(58)&7
   999                           	line	19
  1000                           	
  1001  06F3                     l561:	
  1002  06F3  0008               	return
  1003                           	opt stack 0
  1004                           GLOBAL	__end_of_command
  1005  06F4                     	__end_of_command:
  1006 ;; =============== function _command ends ============
  1007                           
  1008                           	signat	_command,4216
  1009                           psect	text89,local,class=CODE,delta=2
  1010                           global __ptext89
  1011  0000                     __ptext89:
  1012                           	global	btemp
  1013  007E                     	btemp set 07Eh
  1014                           
  1015                           	DABS	1,126,2	;btemp
  1016                           	global	wtemp0
  1017  007E                     	wtemp0 set btemp


HI-TECH Software PICC Macro Assembler V9.71a build 6446 
Symbol Table                                                                                   Sun Feb 04 09:40:17 2024

                   pc 0002                    fsr 0004                   l561 06F3                   l570 073E  
                 l564 0706                   l580 07AB                   l573 071F                   l581 07C9  
                 l582 07FC                   l567 0732                   l583 07FC                   l568 0722  
                 l584 07FC                   l576 074F                   l569 073E                   l585 07FD  
                 l577 077C                   l586 07FD                   l578 07FC                   l579 07CA  
                 _RB0 0030                   _RB1 0031                   _RC0 0038                   _RB2 0032  
                 _RC1 0039                   _RC2 003A                   fsr0 0004                  l1801 078C  
                l1811 07BD                  l1803 0798                  l1821 07E9                  l1813 07D0  
                l1805 079E                  l1751 06E8                  l1823 07F5                  l1815 07D4  
                l1807 07AB                  l1753 06F0                  l1745 06E2                  l1761 06FB  
                l1825 07F9                  l1817 07E0                  l1809 07B7                  l1747 06E6  
                l1763 0703                  l1755 06F5                  l1771 0732                  l1819 07E6  
                l1749 06E7                  l1757 06F9                  l1765 0721                  l1773 0707  
                l1781 0749                  l1759 06FA                  l1767 0722                  l1791 0765  
                l1783 074A                  l1775 073F                  l1769 072E                  l1793 076B  
                l1785 074F                  l1777 0743                  l1795 0777                  l1787 0755  
                l1779 0746                  l1797 0782                  l1789 0759                  l1799 0786  
                STR_1 0013                  STR_2 0013                  STR_3 0009                  STR_4 0009  
                u2200 07D0                  u2201 07CF                  u2210 07D4                  u2211 07D3  
                u2140 073E                  u2141 073D                  u2150 0755                  u2151 0754  
                u2160 0759                  u2161 0758                  u2170 0782                  u2171 0781  
                u2227 0771                  u2180 0786                  u2237 07A4                  u2181 0785  
                u2190 078C                  u2247 07C3                  u2191 078B                  u2257 07EF  
                u2267 06FE                  u2277 06EB                  _data 06F4                  _main 073F  
                btemp 007E                  start 0000                 ?_data 0070                 ?_main 0070  
               _PORTB 0006                 _PORTD 0008                 _TRISB 0086                 _TRISC 0087  
               _TRISD 0088       __end_of_command 06F4                 data@z 0071       __end_of_initial 0720  
               main@x 0077                 pclath 000A                 status 0003                 wtemp0 007E  
        __end_of_data 0707          __end_of_main 0800                ??_data 0070                ??_main 0074  
              _output 0720             ??_command 0070             ??_initial 0072        __pcstackCOMMON 0070  
          __pmaintext 073F               ?_output 0070               _command 06E1       __size_of_output 001F  
             _initial 0707  end_of_initialization 06DD        __end_of_output 073F   start_initialization 06DD  
            ??_output 0072           output@value 0073             __pstrings 0003              ?_command 0070  
            ?_initial 0070           __stringbase 0008      __size_of_command 0013      __size_of_initial 0019  
            __ptext84 0000              __ptext85 0707              __ptext86 0720              __ptext87 06F4  
            __ptext88 06E1              __ptext89 0000         __size_of_data 0013         __size_of_main 00C1  
            command@y 0071             stringcode 0003              stringdir 0003              stringtab 0003  
